#
# There is insufficient memory for the Java Runtime Environment to continue.
# Native memory allocation (malloc) failed to allocate 1855696 bytes for Chunk::new
# Possible reasons:
#   The system is out of physical RAM or swap space
#   The process is running with CompressedOops enabled, and the Java Heap may be blocking the growth of the native heap
# Possible solutions:
#   Reduce memory load on the system
#   Increase physical memory or swap space
#   Check if swap backing store is full
#   Decrease Java heap size (-Xmx/-Xms)
#   Decrease number of Java threads
#   Decrease Java thread stack sizes (-Xss)
#   Set larger code cache with -XX:ReservedCodeCacheSize=
#   JVM is running with Unscaled Compressed Oops mode in which the Java heap is
#     placed in the first 4GB address space. The Java Heap base address is the
#     maximum limit for the native heap growth. Please use -XX:HeapBaseMinAddress
#     to set the Java Heap base and to place the Java Heap above 4GB virtual address.
# This output file may be truncated or incomplete.
#
#  Out of Memory Error (./src/hotspot/share/memory/arena.cpp:197), pid=18164, tid=14408
#
# JRE version: OpenJDK Runtime Environment (11.0.8+10) (build 11.0.8+10-b944.6842174)
# Java VM: OpenJDK 64-Bit Server VM (11.0.8+10-b944.6842174, mixed mode, tiered, compressed oops, g1 gc, windows-amd64)
# No core dump will be written. Minidumps are not enabled by default on client versions of Windows
#

---------------  S U M M A R Y ------------

Command Line: --add-opens=java.base/java.util=ALL-UNNAMED --add-opens=java.base/java.lang=ALL-UNNAMED --add-opens=java.base/java.lang.invoke=ALL-UNNAMED --add-opens=java.prefs/java.util.prefs=ALL-UNNAMED -Xmx2048m -Dfile.encoding=UTF-8 -Duser.country=US -Duser.language=en -Duser.variant org.gradle.launcher.daemon.bootstrap.GradleDaemon 6.7.1

Host: AMD Ryzen 5 2600 Six-Core Processor            , 12 cores, 15G,  Windows 10 , 64 bit Build 19041 (10.0.19041.928)
Time: Wed May 19 20:28:24 2021 SA Pacific Standard Time elapsed time: 130 seconds (0d 0h 2m 10s)

---------------  T H R E A D  ---------------

Current thread (0x000001bf7cb1e800):  JavaThread "C2 CompilerThread0" daemon [_thread_in_native, id=14408, stack(0x0000006a6df00000,0x0000006a6e000000)]


Current CompileTask:
C2: 130953 13973   !   4       org.gradle.internal.snapshot.impl.DirectorySnapshotter$PathVisitor::snapshotFile (114 bytes)

Stack: [0x0000006a6df00000,0x0000006a6e000000]
Native frames: (J=compiled Java code, j=interpreted, Vv=VM code, C=native code)
V  [jvm.dll+0x5de50a]
V  [jvm.dll+0x7122f5]
V  [jvm.dll+0x71384d]
V  [jvm.dll+0x713f03]
V  [jvm.dll+0x23e728]
V  [jvm.dll+0xb899c]
V  [jvm.dll+0xb8e9c]
V  [jvm.dll+0x35024d]
V  [jvm.dll+0x31dea3]
V  [jvm.dll+0x31d39a]
V  [jvm.dll+0x1f7702]
V  [jvm.dll+0x1f68d4]
V  [jvm.dll+0x17f32c]
V  [jvm.dll+0x205047]
V  [jvm.dll+0x203891]
V  [jvm.dll+0x6dad3f]
V  [jvm.dll+0x6d3895]
V  [jvm.dll+0x5dd4a6]
C  [ucrtbase.dll+0x21bb2]
C  [KERNEL32.DLL+0x17034]
C  [ntdll.dll+0x52651]


---------------  P R O C E S S  ---------------

Threads class SMR info:
_java_thread_list=0x000001bf11c887e0, length=174, elements={
0x000001bf70b2d800, 0x000001bf7cabe800, 0x000001bf7cabf800, 0x000001bf7cb1b800,
0x000001bf7cb1d800, 0x000001bf7cb1e800, 0x000001bf7cb25800, 0x000001bf7cb32800,
0x000001bf7cce4800, 0x000001bf7cd05000, 0x000001bf7ee79000, 0x000001bf7efc2800,
0x000001bf7e1c6000, 0x000001bf7f876000, 0x000001bf7f875800, 0x000001bf7f871000,
0x000001bf7f873000, 0x000001bf11298000, 0x000001bf0f716000, 0x000001bf0f720000,
0x000001bf13d8c800, 0x000001bf11297800, 0x000001bf11296800, 0x000001bf13d8d800,
0x000001bf13d95800, 0x000001bf13d96800, 0x000001bf13d99800, 0x000001bf13d97000,
0x000001bf13d98000, 0x000001bf13d94800, 0x000001bf13d98800, 0x000001bf13d94000,
0x000001bf13d9a800, 0x000001bf0f718800, 0x000001bf0f717800, 0x000001bf0f717000,
0x000001bf0f715800, 0x000001bf0f71d800, 0x000001bf0f71e800, 0x000001bf0f71b000,
0x000001bf0f71f000, 0x000001bf0f71c000, 0x000001bf0f719800, 0x000001bf0f71a000,
0x000001bf0f720800, 0x000001bf0f721800, 0x000001bf0f724000, 0x000001bf0f722800,
0x000001bf0f723000, 0x000001bf7f872000, 0x000001bf7f873800, 0x000001bf7f874800,
0x000001bf7f870800, 0x000001bf7f877000, 0x000001bf7da73800, 0x000001bf7da77000,
0x000001bf7da75000, 0x000001bf7da78800, 0x000001bf7da79800, 0x000001bf7da7a000,
0x000001bf7da74800, 0x000001bf7da76000, 0x000001bf7da7b000, 0x000001bf7da7c000,
0x000001bf7da77800, 0x000001bf7da7c800, 0x000001bf7da80800, 0x000001bf7da7d800,
0x000001bf7da7e000, 0x000001bf7da80000, 0x000001bf7da7f000, 0x000001bf7da81800,
0x000001bf7da82800, 0x000001bf7f8f2800, 0x000001bf7f8f2000, 0x000001bf7f8ed800,
0x000001bf7f8f0000, 0x000001bf7f8f4000, 0x000001bf7f8f3800, 0x000001bf7f8ef800,
0x000001bf7f8ee800, 0x000001bf7f8f5000, 0x000001bf7f8f6000, 0x000001bf7f8f6800,
0x000001bf7f8f1000, 0x000001bf7f8f8800, 0x000001bf7f8f9000, 0x000001bf7f8fa000,
0x000001bf7f8f7800, 0x000001bf7f8fb000, 0x000001bf7f8fb800, 0x000001bf7f8fc800,
0x000001bf7d1d4800, 0x000001bf7d1cf800, 0x000001bf7d1d2000, 0x000001bf7d1d5800,
0x000001bf7d1d3000, 0x000001bf7d1d0800, 0x000001bf7d1d7000, 0x000001bf7d1d3800,
0x000001bf7d1d6000, 0x000001bf7d1d1800, 0x000001bf7d1d9800, 0x000001bf7d1dc000,
0x000001bf7d1da800, 0x000001bf7d1dc800, 0x000001bf7d1dd800, 0x000001bf7d1d8000,
0x000001bf7d1db000, 0x000001bf7d1de800, 0x000001bf7d1d8800, 0x000001bf0f21f000,
0x000001bf0f21f800, 0x000001bf0f220800, 0x000001bf0f221800, 0x000001bf0f222000,
0x000001bf0f21c800, 0x000001bf0f223000, 0x000001bf0f21d800, 0x000001bf0f224000,
0x000001bf0f22a800, 0x000001bf11296000, 0x000001bf1129a000, 0x000001bf11294000,
0x000001bf1129a800, 0x000001bf11295000, 0x000001bf7ef00800, 0x000001bf1129f800,
0x000001bf112a1000, 0x000001bf1129b800, 0x000001bf112a2000, 0x000001bf1129e000,
0x000001bf1129c800, 0x000001bf1129e800, 0x000001bf112a3000, 0x000001bf1129d000,
0x000001bf112a0800, 0x000001bf0f21e000, 0x000001bf0f227000, 0x000001bf0f228800,
0x000001bf0f225800, 0x000001bf0f226000, 0x000001bf0f228000, 0x000001bf0f224800,
0x000001bf11acf800, 0x000001bf0f22b000, 0x000001bf0f229800, 0x000001bf13d91800,
0x000001bf13d90800, 0x000001bf13d8b800, 0x000001bf13d8e000, 0x000001bf13d93000,
0x000001bf13d92000, 0x000001bf13d8f000, 0x000001bf7d9b7000, 0x000001bf7d9b6000,
0x000001bf7d9ba000, 0x000001bf7d9bb000, 0x000001bf7d9b7800, 0x000001bf7d9b5000,
0x000001bf7d9bb800, 0x000001bf7d9bc800, 0x000001bf7d9bd800, 0x000001bf7d9be000,
0x000001bf7d9b8800, 0x000001bf7d9b9000, 0x000001bf7d9c0000, 0x000001bf7d9c0800,
0x000001bf7d9c4000, 0x000001bf7d9bf000, 0x000001bf7d9c1800, 0x000001bf7d9c3000,
0x000001bf7d9c2000, 0x000001bf13bd3000
}

Java Threads: ( => current thread )
  0x000001bf70b2d800 JavaThread "main" [_thread_blocked, id=18000, stack(0x0000006a6d400000,0x0000006a6d500000)]
  0x000001bf7cabe800 JavaThread "Reference Handler" daemon [_thread_blocked, id=17420, stack(0x0000006a6db00000,0x0000006a6dc00000)]
  0x000001bf7cabf800 JavaThread "Finalizer" daemon [_thread_blocked, id=1112, stack(0x0000006a6dc00000,0x0000006a6dd00000)]
  0x000001bf7cb1b800 JavaThread "Signal Dispatcher" daemon [_thread_blocked, id=3308, stack(0x0000006a6dd00000,0x0000006a6de00000)]
  0x000001bf7cb1d800 JavaThread "Attach Listener" daemon [_thread_blocked, id=17320, stack(0x0000006a6de00000,0x0000006a6df00000)]
=>0x000001bf7cb1e800 JavaThread "C2 CompilerThread0" daemon [_thread_in_native, id=14408, stack(0x0000006a6df00000,0x0000006a6e000000)]
  0x000001bf7cb25800 JavaThread "C1 CompilerThread0" daemon [_thread_blocked, id=3616, stack(0x0000006a6e000000,0x0000006a6e100000)]
  0x000001bf7cb32800 JavaThread "Sweeper thread" daemon [_thread_blocked, id=18056, stack(0x0000006a6e100000,0x0000006a6e200000)]
  0x000001bf7cce4800 JavaThread "Common-Cleaner" daemon [_thread_blocked, id=1356, stack(0x0000006a6e200000,0x0000006a6e300000)]
  0x000001bf7cd05000 JavaThread "Service Thread" daemon [_thread_blocked, id=11276, stack(0x0000006a6e300000,0x0000006a6e400000)]
  0x000001bf7ee79000 JavaThread "Daemon health stats" [_thread_blocked, id=12940, stack(0x0000006a6ec00000,0x0000006a6ed00000)]
  0x000001bf7efc2800 JavaThread "Incoming local TCP Connector on port 54621" [_thread_in_native, id=1548, stack(0x0000006a6ed00000,0x0000006a6ee00000)]
  0x000001bf7e1c6000 JavaThread "Daemon periodic checks" [_thread_blocked, id=11508, stack(0x0000006a6ee00000,0x0000006a6ef00000)]
  0x000001bf7f876000 JavaThread "Cache worker for file hash cache (C:\Users\erikm\.gradle\caches\6.7.1\fileHashes)" [_thread_blocked, id=17152, stack(0x0000006a6f700000,0x0000006a6f800000)]
  0x000001bf7f875800 JavaThread "File lock request listener" [_thread_in_native, id=18072, stack(0x0000006a6f800000,0x0000006a6f900000)]
  0x000001bf7f871000 JavaThread "Cache worker for journal cache (C:\Users\erikm\.gradle\caches\journal-1)" [_thread_blocked, id=14660, stack(0x0000006a6fe00000,0x0000006a6ff00000)]
  0x000001bf7f873000 JavaThread "Cache worker for execution history cache (C:\Users\erikm\.gradle\caches\6.7.1\executionHistory)" [_thread_blocked, id=2380, stack(0x0000006a70400000,0x0000006a70500000)]
  0x000001bf11298000 JavaThread "Cache worker for file content cache (C:\Users\erikm\.gradle\caches\6.7.1\fileContent)" [_thread_blocked, id=15252, stack(0x0000006a70700000,0x0000006a70800000)]
  0x000001bf0f716000 JavaThread "Memory manager" [_thread_blocked, id=5360, stack(0x0000006a77500000,0x0000006a77600000)]
  0x000001bf0f720000 JavaThread "pool-3-thread-1" [_thread_blocked, id=3104, stack(0x0000006a77a00000,0x0000006a77b00000)]
  0x000001bf13d8c800 JavaThread "Cache worker for Java compile cache (C:\Users\erikm\.gradle\caches\6.7.1\javaCompile)" [_thread_blocked, id=12280, stack(0x0000006a78800000,0x0000006a78900000)]
  0x000001bf11297800 JavaThread "Daemon Thread 2" [_thread_blocked, id=13396, stack(0x0000006a6d100000,0x0000006a6d200000)]
  0x000001bf11296800 JavaThread "Daemon worker Thread 2" [_thread_blocked, id=8272, stack(0x0000006a6ef00000,0x0000006a6f000000)]
  0x000001bf13d8d800 JavaThread "jar transforms Thread 98" [_thread_blocked, id=10380, stack(0x0000006a71000000,0x0000006a71100000)]
  0x000001bf13d95800 JavaThread "jar transforms Thread 99" [_thread_blocked, id=13972, stack(0x0000006a71100000,0x0000006a71200000)]
  0x000001bf13d96800 JavaThread "jar transforms Thread 100" [_thread_blocked, id=16796, stack(0x0000006a71200000,0x0000006a71300000)]
  0x000001bf13d99800 JavaThread "jar transforms Thread 101" [_thread_blocked, id=14536, stack(0x0000006a71300000,0x0000006a71400000)]
  0x000001bf13d97000 JavaThread "jar transforms Thread 102" [_thread_blocked, id=11532, stack(0x0000006a71400000,0x0000006a71500000)]
  0x000001bf13d98000 JavaThread "jar transforms Thread 103" [_thread_blocked, id=16836, stack(0x0000006a71500000,0x0000006a71600000)]
  0x000001bf13d94800 JavaThread "jar transforms Thread 104" [_thread_blocked, id=14744, stack(0x0000006a71600000,0x0000006a71700000)]
  0x000001bf13d98800 JavaThread "jar transforms Thread 105" [_thread_blocked, id=12688, stack(0x0000006a71700000,0x0000006a71800000)]
  0x000001bf13d94000 JavaThread "jar transforms Thread 106" [_thread_blocked, id=5956, stack(0x0000006a71800000,0x0000006a71900000)]
  0x000001bf13d9a800 JavaThread "jar transforms Thread 107" [_thread_blocked, id=2376, stack(0x0000006a71900000,0x0000006a71a00000)]
  0x000001bf0f718800 JavaThread "jar transforms Thread 108" [_thread_blocked, id=8948, stack(0x0000006a71a00000,0x0000006a71b00000)]
  0x000001bf0f717800 JavaThread "jar transforms Thread 109" [_thread_blocked, id=12828, stack(0x0000006a71b00000,0x0000006a71c00000)]
  0x000001bf0f717000 JavaThread "jar transforms Thread 110" [_thread_blocked, id=32, stack(0x0000006a71c00000,0x0000006a71d00000)]
  0x000001bf0f715800 JavaThread "jar transforms Thread 111" [_thread_blocked, id=10396, stack(0x0000006a71d00000,0x0000006a71e00000)]
  0x000001bf0f71d800 JavaThread "jar transforms Thread 112" [_thread_blocked, id=18256, stack(0x0000006a71e00000,0x0000006a71f00000)]
  0x000001bf0f71e800 JavaThread "jar transforms Thread 113" [_thread_blocked, id=4188, stack(0x0000006a71f00000,0x0000006a72000000)]
  0x000001bf0f71b000 JavaThread "jar transforms Thread 114" [_thread_blocked, id=4376, stack(0x0000006a72000000,0x0000006a72100000)]
  0x000001bf0f71f000 JavaThread "jar transforms Thread 115" [_thread_blocked, id=13176, stack(0x0000006a72100000,0x0000006a72200000)]
  0x000001bf0f71c000 JavaThread "jar transforms Thread 116" [_thread_blocked, id=6504, stack(0x0000006a72200000,0x0000006a72300000)]
  0x000001bf0f719800 JavaThread "jar transforms Thread 117" [_thread_blocked, id=10372, stack(0x0000006a72300000,0x0000006a72400000)]
  0x000001bf0f71a000 JavaThread "jar transforms Thread 118" [_thread_blocked, id=7572, stack(0x0000006a72400000,0x0000006a72500000)]
  0x000001bf0f720800 JavaThread "jar transforms Thread 119" [_thread_blocked, id=9164, stack(0x0000006a72500000,0x0000006a72600000)]
  0x000001bf0f721800 JavaThread "jar transforms Thread 120" [_thread_blocked, id=2404, stack(0x0000006a72600000,0x0000006a72700000)]
  0x000001bf0f724000 JavaThread "jar transforms Thread 121" [_thread_blocked, id=17612, stack(0x0000006a72700000,0x0000006a72800000)]
  0x000001bf0f722800 JavaThread "jar transforms Thread 122" [_thread_blocked, id=12772, stack(0x0000006a72800000,0x0000006a72900000)]
  0x000001bf0f723000 JavaThread "jar transforms Thread 123" [_thread_blocked, id=14716, stack(0x0000006a72900000,0x0000006a72a00000)]
  0x000001bf7f872000 JavaThread "jar transforms Thread 124" [_thread_blocked, id=2680, stack(0x0000006a72a00000,0x0000006a72b00000)]
  0x000001bf7f873800 JavaThread "jar transforms Thread 125" [_thread_blocked, id=13292, stack(0x0000006a72b00000,0x0000006a72c00000)]
  0x000001bf7f874800 JavaThread "jar transforms Thread 126" [_thread_blocked, id=17280, stack(0x0000006a72c00000,0x0000006a72d00000)]
  0x000001bf7f870800 JavaThread "jar transforms Thread 127" [_thread_blocked, id=12308, stack(0x0000006a72d00000,0x0000006a72e00000)]
  0x000001bf7f877000 JavaThread "jar transforms Thread 128" [_thread_blocked, id=11224, stack(0x0000006a72e00000,0x0000006a72f00000)]
  0x000001bf7da73800 JavaThread "jar transforms Thread 129" [_thread_blocked, id=16576, stack(0x0000006a72f00000,0x0000006a73000000)]
  0x000001bf7da77000 JavaThread "jar transforms Thread 130" [_thread_blocked, id=16848, stack(0x0000006a73000000,0x0000006a73100000)]
  0x000001bf7da75000 JavaThread "jar transforms Thread 131" [_thread_blocked, id=5324, stack(0x0000006a73100000,0x0000006a73200000)]
  0x000001bf7da78800 JavaThread "jar transforms Thread 132" [_thread_blocked, id=8172, stack(0x0000006a73200000,0x0000006a73300000)]
  0x000001bf7da79800 JavaThread "jar transforms Thread 133" [_thread_blocked, id=12712, stack(0x0000006a73300000,0x0000006a73400000)]
  0x000001bf7da7a000 JavaThread "jar transforms Thread 134" [_thread_blocked, id=5860, stack(0x0000006a73400000,0x0000006a73500000)]
  0x000001bf7da74800 JavaThread "jar transforms Thread 135" [_thread_blocked, id=1716, stack(0x0000006a73500000,0x0000006a73600000)]
  0x000001bf7da76000 JavaThread "jar transforms Thread 136" [_thread_blocked, id=11204, stack(0x0000006a73600000,0x0000006a73700000)]
  0x000001bf7da7b000 JavaThread "jar transforms Thread 137" [_thread_blocked, id=15820, stack(0x0000006a73700000,0x0000006a73800000)]
  0x000001bf7da7c000 JavaThread "jar transforms Thread 138" [_thread_blocked, id=4684, stack(0x0000006a73800000,0x0000006a73900000)]
  0x000001bf7da77800 JavaThread "jar transforms Thread 139" [_thread_blocked, id=17640, stack(0x0000006a73900000,0x0000006a73a00000)]
  0x000001bf7da7c800 JavaThread "jar transforms Thread 140" [_thread_blocked, id=4712, stack(0x0000006a73a00000,0x0000006a73b00000)]
  0x000001bf7da80800 JavaThread "jar transforms Thread 141" [_thread_blocked, id=12112, stack(0x0000006a73b00000,0x0000006a73c00000)]
  0x000001bf7da7d800 JavaThread "jar transforms Thread 142" [_thread_blocked, id=4972, stack(0x0000006a73c00000,0x0000006a73d00000)]
  0x000001bf7da7e000 JavaThread "jar transforms Thread 143" [_thread_blocked, id=17908, stack(0x0000006a73d00000,0x0000006a73e00000)]
  0x000001bf7da80000 JavaThread "jar transforms Thread 144" [_thread_blocked, id=5600, stack(0x0000006a73e00000,0x0000006a73f00000)]
  0x000001bf7da7f000 JavaThread "jar transforms Thread 145" [_thread_blocked, id=6832, stack(0x0000006a73f00000,0x0000006a74000000)]
  0x000001bf7da81800 JavaThread "jar transforms Thread 146" [_thread_blocked, id=6492, stack(0x0000006a74000000,0x0000006a74100000)]
  0x000001bf7da82800 JavaThread "jar transforms Thread 147" [_thread_blocked, id=10092, stack(0x0000006a74100000,0x0000006a74200000)]
  0x000001bf7f8f2800 JavaThread "jar transforms Thread 148" [_thread_blocked, id=12028, stack(0x0000006a74200000,0x0000006a74300000)]
  0x000001bf7f8f2000 JavaThread "jar transforms Thread 149" [_thread_blocked, id=17008, stack(0x0000006a74300000,0x0000006a74400000)]
  0x000001bf7f8ed800 JavaThread "jar transforms Thread 150" [_thread_blocked, id=2228, stack(0x0000006a74400000,0x0000006a74500000)]
  0x000001bf7f8f0000 JavaThread "jar transforms Thread 151" [_thread_blocked, id=12880, stack(0x0000006a74500000,0x0000006a74600000)]
  0x000001bf7f8f4000 JavaThread "jar transforms Thread 152" [_thread_blocked, id=1216, stack(0x0000006a74600000,0x0000006a74700000)]
  0x000001bf7f8f3800 JavaThread "jar transforms Thread 153" [_thread_blocked, id=16728, stack(0x0000006a74700000,0x0000006a74800000)]
  0x000001bf7f8ef800 JavaThread "jar transforms Thread 154" [_thread_blocked, id=11600, stack(0x0000006a74800000,0x0000006a74900000)]
  0x000001bf7f8ee800 JavaThread "jar transforms Thread 155" [_thread_blocked, id=7960, stack(0x0000006a74900000,0x0000006a74a00000)]
  0x000001bf7f8f5000 JavaThread "jar transforms Thread 156" [_thread_blocked, id=12840, stack(0x0000006a74a00000,0x0000006a74b00000)]
  0x000001bf7f8f6000 JavaThread "jar transforms Thread 157" [_thread_blocked, id=10384, stack(0x0000006a74b00000,0x0000006a74c00000)]
  0x000001bf7f8f6800 JavaThread "jar transforms Thread 158" [_thread_blocked, id=6520, stack(0x0000006a74c00000,0x0000006a74d00000)]
  0x000001bf7f8f1000 JavaThread "jar transforms Thread 159" [_thread_blocked, id=5808, stack(0x0000006a74d00000,0x0000006a74e00000)]
  0x000001bf7f8f8800 JavaThread "jar transforms Thread 160" [_thread_blocked, id=2464, stack(0x0000006a74e00000,0x0000006a74f00000)]
  0x000001bf7f8f9000 JavaThread "jar transforms Thread 161" [_thread_blocked, id=1284, stack(0x0000006a74f00000,0x0000006a75000000)]
  0x000001bf7f8fa000 JavaThread "jar transforms Thread 162" [_thread_blocked, id=1512, stack(0x0000006a75000000,0x0000006a75100000)]
  0x000001bf7f8f7800 JavaThread "jar transforms Thread 163" [_thread_blocked, id=15560, stack(0x0000006a75100000,0x0000006a75200000)]
  0x000001bf7f8fb000 JavaThread "jar transforms Thread 164" [_thread_blocked, id=8388, stack(0x0000006a75200000,0x0000006a75300000)]
  0x000001bf7f8fb800 JavaThread "jar transforms Thread 165" [_thread_blocked, id=6604, stack(0x0000006a75300000,0x0000006a75400000)]
  0x000001bf7f8fc800 JavaThread "jar transforms Thread 166" [_thread_blocked, id=4308, stack(0x0000006a75400000,0x0000006a75500000)]
  0x000001bf7d1d4800 JavaThread "jar transforms Thread 167" [_thread_blocked, id=12512, stack(0x0000006a75500000,0x0000006a75600000)]
  0x000001bf7d1cf800 JavaThread "jar transforms Thread 168" [_thread_blocked, id=14656, stack(0x0000006a75600000,0x0000006a75700000)]
  0x000001bf7d1d2000 JavaThread "jar transforms Thread 169" [_thread_blocked, id=8296, stack(0x0000006a75700000,0x0000006a75800000)]
  0x000001bf7d1d5800 JavaThread "jar transforms Thread 170" [_thread_blocked, id=5864, stack(0x0000006a75800000,0x0000006a75900000)]
  0x000001bf7d1d3000 JavaThread "jar transforms Thread 171" [_thread_blocked, id=12432, stack(0x0000006a75900000,0x0000006a75a00000)]
  0x000001bf7d1d0800 JavaThread "jar transforms Thread 172" [_thread_blocked, id=3720, stack(0x0000006a75a00000,0x0000006a75b00000)]
  0x000001bf7d1d7000 JavaThread "jar transforms Thread 173" [_thread_blocked, id=14808, stack(0x0000006a75b00000,0x0000006a75c00000)]
  0x000001bf7d1d3800 JavaThread "jar transforms Thread 174" [_thread_blocked, id=12492, stack(0x0000006a75c00000,0x0000006a75d00000)]
  0x000001bf7d1d6000 JavaThread "jar transforms Thread 175" [_thread_blocked, id=7704, stack(0x0000006a75d00000,0x0000006a75e00000)]
  0x000001bf7d1d1800 JavaThread "jar transforms Thread 176" [_thread_blocked, id=15996, stack(0x0000006a75e00000,0x0000006a75f00000)]
  0x000001bf7d1d9800 JavaThread "jar transforms Thread 177" [_thread_blocked, id=9336, stack(0x0000006a75f00000,0x0000006a76000000)]
  0x000001bf7d1dc000 JavaThread "jar transforms Thread 178" [_thread_blocked, id=8344, stack(0x0000006a76000000,0x0000006a76100000)]
  0x000001bf7d1da800 JavaThread "jar transforms Thread 179" [_thread_blocked, id=12064, stack(0x0000006a76100000,0x0000006a76200000)]
  0x000001bf7d1dc800 JavaThread "jar transforms Thread 180" [_thread_blocked, id=2732, stack(0x0000006a76200000,0x0000006a76300000)]
  0x000001bf7d1dd800 JavaThread "jar transforms Thread 181" [_thread_blocked, id=4784, stack(0x0000006a76300000,0x0000006a76400000)]
  0x000001bf7d1d8000 JavaThread "jar transforms Thread 182" [_thread_blocked, id=796, stack(0x0000006a76400000,0x0000006a76500000)]
  0x000001bf7d1db000 JavaThread "jar transforms Thread 183" [_thread_blocked, id=3344, stack(0x0000006a76500000,0x0000006a76600000)]
  0x000001bf7d1de800 JavaThread "jar transforms Thread 184" [_thread_blocked, id=16604, stack(0x0000006a76600000,0x0000006a76700000)]
  0x000001bf7d1d8800 JavaThread "jar transforms Thread 185" [_thread_blocked, id=11440, stack(0x0000006a76700000,0x0000006a76800000)]
  0x000001bf0f21f000 JavaThread "jar transforms Thread 186" [_thread_blocked, id=5392, stack(0x0000006a76800000,0x0000006a76900000)]
  0x000001bf0f21f800 JavaThread "jar transforms Thread 187" [_thread_blocked, id=12768, stack(0x0000006a76900000,0x0000006a76a00000)]
  0x000001bf0f220800 JavaThread "jar transforms Thread 188" [_thread_blocked, id=11484, stack(0x0000006a76a00000,0x0000006a76b00000)]
  0x000001bf0f221800 JavaThread "jar transforms Thread 189" [_thread_blocked, id=10760, stack(0x0000006a76b00000,0x0000006a76c00000)]
  0x000001bf0f222000 JavaThread "jar transforms Thread 190" [_thread_blocked, id=12560, stack(0x0000006a76c00000,0x0000006a76d00000)]
  0x000001bf0f21c800 JavaThread "jar transforms Thread 191" [_thread_blocked, id=17300, stack(0x0000006a76d00000,0x0000006a76e00000)]
  0x000001bf0f223000 JavaThread "jar transforms Thread 192" [_thread_blocked, id=11756, stack(0x0000006a76e00000,0x0000006a76f00000)]
  0x000001bf0f21d800 JavaThread "jar transforms Thread 193" [_thread_blocked, id=12652, stack(0x0000006a76f00000,0x0000006a77000000)]
  0x000001bf0f224000 JavaThread "jar transforms Thread 194" [_thread_blocked, id=12724, stack(0x0000006a77000000,0x0000006a77100000)]
  0x000001bf0f22a800 JavaThread "pool-6-thread-1" [_thread_blocked, id=17820, stack(0x0000006a77300000,0x0000006a77400000)]
  0x000001bf11296000 JavaThread "Handler for socket connection from /127.0.0.1:54621 to /127.0.0.1:54759" [_thread_in_native, id=16828, stack(0x0000006a6d200000,0x0000006a6d300000)]
  0x000001bf1129a000 JavaThread "Cancel handler" [_thread_blocked, id=17652, stack(0x0000006a6d300000,0x0000006a6d400000)]
  0x000001bf11294000 JavaThread "Asynchronous log dispatcher for DefaultDaemonConnection: socket connection from /127.0.0.1:54621 to /127.0.0.1:54759" [_thread_blocked, id=16612, stack(0x0000006a6f000000,0x0000006a6f100000)]
  0x000001bf1129a800 JavaThread "Stdin handler" [_thread_blocked, id=8988, stack(0x0000006a6f100000,0x0000006a6f200000)]
  0x000001bf11295000 JavaThread "Thread-283" [_thread_blocked, id=872, stack(0x0000006a6f300000,0x0000006a6f400000)]
  0x000001bf7ef00800 JavaThread "C2 CompilerThread1" daemon [_thread_in_native, id=6316, stack(0x0000006a6f400000,0x0000006a6f500000)]
  0x000001bf1129f800 JavaThread "Cache worker for file hash cache (A:\AndroidApps\KafeeCar\.gradle\6.7.1\fileHashes)" [_thread_blocked, id=12168, stack(0x0000006a6f500000,0x0000006a6f600000)]
  0x000001bf112a1000 JavaThread "Cache worker for checksums cache (A:\AndroidApps\KafeeCar\.gradle\checksums)" [_thread_blocked, id=6880, stack(0x0000006a6f600000,0x0000006a6f700000)]
  0x000001bf1129b800 JavaThread "Cache worker for cache directory md-supplier (C:\Users\erikm\.gradle\caches\6.7.1\md-supplier)" [_thread_blocked, id=11872, stack(0x0000006a6ff00000,0x0000006a70000000)]
  0x000001bf112a2000 JavaThread "Cache worker for cache directory md-rule (C:\Users\erikm\.gradle\caches\6.7.1\md-rule)" [_thread_blocked, id=1248, stack(0x0000006a70000000,0x0000006a70100000)]
  0x000001bf1129e000 JavaThread "Cache worker for Build Output Cleanup Cache (A:\AndroidApps\KafeeCar\.gradle\buildOutputCleanup)" [_thread_blocked, id=17188, stack(0x0000006a70100000,0x0000006a70200000)]
  0x000001bf1129c800 JavaThread "Build operations" [_thread_blocked, id=2780, stack(0x0000006a70200000,0x0000006a70300000)]
  0x000001bf1129e800 JavaThread "Build operations Thread 2" [_thread_blocked, id=1712, stack(0x0000006a70300000,0x0000006a70400000)]
  0x000001bf112a3000 JavaThread "Build operations Thread 3" [_thread_blocked, id=18384, stack(0x0000006a70500000,0x0000006a70600000)]
  0x000001bf1129d000 JavaThread "Build operations Thread 4" [_thread_blocked, id=13728, stack(0x0000006a70600000,0x0000006a70700000)]
  0x000001bf112a0800 JavaThread "Build operations Thread 5" [_thread_blocked, id=6996, stack(0x0000006a70800000,0x0000006a70900000)]
  0x000001bf0f21e000 JavaThread "Build operations Thread 6" [_thread_blocked, id=9156, stack(0x0000006a70900000,0x0000006a70a00000)]
  0x000001bf0f227000 JavaThread "Build operations Thread 7" [_thread_blocked, id=5420, stack(0x0000006a70a00000,0x0000006a70b00000)]
  0x000001bf0f228800 JavaThread "Build operations Thread 8" [_thread_blocked, id=16456, stack(0x0000006a70b00000,0x0000006a70c00000)]
  0x000001bf0f225800 JavaThread "Build operations Thread 9" [_thread_blocked, id=14352, stack(0x0000006a70c00000,0x0000006a70d00000)]
  0x000001bf0f226000 JavaThread "Build operations Thread 10" [_thread_blocked, id=6288, stack(0x0000006a70d00000,0x0000006a70e00000)]
  0x000001bf0f228000 JavaThread "Build operations Thread 11" [_thread_blocked, id=13864, stack(0x0000006a70e00000,0x0000006a70f00000)]
  0x000001bf0f224800 JavaThread "Build operations Thread 12" [_thread_blocked, id=17492, stack(0x0000006a70f00000,0x0000006a71000000)]
  0x000001bf11acf800 JavaThread "C2 CompilerThread2" daemon [_thread_in_native, id=236, stack(0x0000006a77100000,0x0000006a77200000)]
  0x000001bf0f22b000 JavaThread "build event listener" [_thread_blocked, id=2976, stack(0x0000006a77200000,0x0000006a77300000)]
  0x000001bf0f229800 JavaThread "pool-9-thread-1" [_thread_blocked, id=9584, stack(0x0000006a77400000,0x0000006a77500000)]
  0x000001bf13d91800 JavaThread "build event listener" [_thread_blocked, id=2876, stack(0x0000006a77900000,0x0000006a77a00000)]
  0x000001bf13d90800 JavaThread "Execution worker for ':'" [_thread_blocked, id=3336, stack(0x0000006a77b00000,0x0000006a77c00000)]
  0x000001bf13d8b800 JavaThread "Execution worker for ':' Thread 2" [_thread_blocked, id=14064, stack(0x0000006a77c00000,0x0000006a77d00000)]
  0x000001bf13d8e000 JavaThread "Execution worker for ':' Thread 3" [_thread_blocked, id=11244, stack(0x0000006a77d00000,0x0000006a77e00000)]
  0x000001bf13d93000 JavaThread "Execution worker for ':' Thread 4" [_thread_blocked, id=2104, stack(0x0000006a77e00000,0x0000006a77f00000)]
  0x000001bf13d92000 JavaThread "Execution worker for ':' Thread 5" [_thread_blocked, id=12328, stack(0x0000006a77f00000,0x0000006a78000000)]
  0x000001bf13d8f000 JavaThread "Execution worker for ':' Thread 6" [_thread_blocked, id=14512, stack(0x0000006a78000000,0x0000006a78100000)]
  0x000001bf7d9b7000 JavaThread "Execution worker for ':' Thread 7" [_thread_blocked, id=764, stack(0x0000006a78100000,0x0000006a78200000)]
  0x000001bf7d9b6000 JavaThread "Execution worker for ':' Thread 8" [_thread_blocked, id=8428, stack(0x0000006a78200000,0x0000006a78300000)]
  0x000001bf7d9ba000 JavaThread "Execution worker for ':' Thread 9" [_thread_blocked, id=14964, stack(0x0000006a78300000,0x0000006a78400000)]
  0x000001bf7d9bb000 JavaThread "Execution worker for ':' Thread 10" [_thread_blocked, id=3480, stack(0x0000006a78400000,0x0000006a78500000)]
  0x000001bf7d9b7800 JavaThread "Execution worker for ':' Thread 11" [_thread_blocked, id=3296, stack(0x0000006a78500000,0x0000006a78600000)]
  0x000001bf7d9b5000 JavaThread "Cache worker for execution history cache (A:\AndroidApps\KafeeCar\.gradle\6.7.1\executionHistory)" [_thread_blocked, id=11848, stack(0x0000006a78600000,0x0000006a78700000)]
  0x000001bf7d9bb800 JavaThread "Cache worker for Java compile cache (A:\AndroidApps\KafeeCar\.gradle\6.7.1\javaCompile)" [_thread_blocked, id=5736, stack(0x0000006a78700000,0x0000006a78800000)]
  0x000001bf7d9bc800 JavaThread "WorkerExecutor Queue" [_thread_blocked, id=11304, stack(0x0000006a78900000,0x0000006a78a00000)]
  0x000001bf7d9bd800 JavaThread "WorkerExecutor Queue Thread 2" [_thread_blocked, id=18304, stack(0x0000006a78a00000,0x0000006a78b00000)]
  0x000001bf7d9be000 JavaThread "WorkerExecutor Queue Thread 3" [_thread_blocked, id=2892, stack(0x0000006a78b00000,0x0000006a78c00000)]
  0x000001bf7d9b8800 JavaThread "WorkerExecutor Queue Thread 4" [_thread_blocked, id=1772, stack(0x0000006a78c00000,0x0000006a78d00000)]
  0x000001bf7d9b9000 JavaThread "WorkerExecutor Queue Thread 5" [_thread_blocked, id=16888, stack(0x0000006a78d00000,0x0000006a78e00000)]
  0x000001bf7d9c0000 JavaThread "WorkerExecutor Queue Thread 6" [_thread_blocked, id=18192, stack(0x0000006a78e00000,0x0000006a78f00000)]
  0x000001bf7d9c0800 JavaThread "WorkerExecutor Queue Thread 7" [_thread_blocked, id=18392, stack(0x0000006a78f00000,0x0000006a79000000)]
  0x000001bf7d9c4000 JavaThread "WorkerExecutor Queue Thread 8" [_thread_blocked, id=12304, stack(0x0000006a79000000,0x0000006a79100000)]
  0x000001bf7d9bf000 JavaThread "WorkerExecutor Queue Thread 9" [_thread_blocked, id=7352, stack(0x0000006a79100000,0x0000006a79200000)]
  0x000001bf7d9c1800 JavaThread "WorkerExecutor Queue Thread 10" [_thread_in_native, id=8656, stack(0x0000006a79200000,0x0000006a79300000)]
  0x000001bf7d9c3000 JavaThread "WorkerExecutor Queue Thread 11" [_thread_blocked, id=17516, stack(0x0000006a79300000,0x0000006a79400000)]
  0x000001bf7d9c2000 JavaThread "WorkerExecutor Queue Thread 12" [_thread_blocked, id=10040, stack(0x0000006a79400000,0x0000006a79500000)]
  0x000001bf13bd3000 JavaThread "WorkerExecutor Queue Thread 13" [_thread_blocked, id=6272, stack(0x0000006a79500000,0x0000006a79600000)]

Other Threads:
  0x000001bf7cabc000 VMThread "VM Thread" [stack: 0x0000006a6da00000,0x0000006a6db00000] [id=7308]
  0x000001bf7cd0a000 WatcherThread [stack: 0x0000006a6e400000,0x0000006a6e500000] [id=9592]
  0x000001bf70b43000 GCTaskThread "GC Thread#0" [stack: 0x0000006a6d500000,0x0000006a6d600000] [id=17836]
  0x000001bf7cbb4000 GCTaskThread "GC Thread#1" [stack: 0x0000006a6e700000,0x0000006a6e800000] [id=13776]
  0x000001bf7cbb7800 GCTaskThread "GC Thread#2" [stack: 0x0000006a6e800000,0x0000006a6e900000] [id=16008]
  0x000001bf7cbb2000 GCTaskThread "GC Thread#3" [stack: 0x0000006a6e900000,0x0000006a6ea00000] [id=13412]
  0x000001bf7cbb1000 GCTaskThread "GC Thread#4" [stack: 0x0000006a6ea00000,0x0000006a6eb00000] [id=17600]
  0x000001bf7cbb7000 GCTaskThread "GC Thread#5" [stack: 0x0000006a6eb00000,0x0000006a6ec00000] [id=528]
  0x000001bf7cbb5800 GCTaskThread "GC Thread#6" [stack: 0x0000006a6f200000,0x0000006a6f300000] [id=1532]
  0x000001bf7cbb6000 GCTaskThread "GC Thread#7" [stack: 0x0000006a6f900000,0x0000006a6fa00000] [id=16484]
  0x000001bf7cbb3800 GCTaskThread "GC Thread#8" [stack: 0x0000006a6fa00000,0x0000006a6fb00000] [id=17416]
  0x000001bf7cbb5000 GCTaskThread "GC Thread#9" [stack: 0x0000006a6fb00000,0x0000006a6fc00000] [id=16784]
  0x000001bf70b76800 ConcurrentGCThread "G1 Main Marker" [stack: 0x0000006a6d600000,0x0000006a6d700000] [id=1272]
  0x000001bf70b7a000 ConcurrentGCThread "G1 Conc#0" [stack: 0x0000006a6d700000,0x0000006a6d800000] [id=8220]
  0x000001bf7cbb8800 ConcurrentGCThread "G1 Conc#1" [stack: 0x0000006a6fc00000,0x0000006a6fd00000] [id=17472]
  0x000001bf7cbb2800 ConcurrentGCThread "G1 Conc#2" [stack: 0x0000006a6fd00000,0x0000006a6fe00000] [id=18272]
  0x000001bf7c120800 ConcurrentGCThread "G1 Refine#0" [stack: 0x0000006a6d800000,0x0000006a6d900000] [id=15856]
  0x000001bf7ef0a800 ConcurrentGCThread "G1 Refine#1" [stack: 0x0000006a77600000,0x0000006a77700000] [id=6692]
  0x000001bf7f556000 ConcurrentGCThread "G1 Refine#2" [stack: 0x0000006a77700000,0x0000006a77800000] [id=13068]
  0x000001bf13384800 ConcurrentGCThread "G1 Refine#3" [stack: 0x0000006a77800000,0x0000006a77900000] [id=4824]
  0x000001bf7c121800 ConcurrentGCThread "G1 Young RemSet Sampling" [stack: 0x0000006a6d900000,0x0000006a6da00000] [id=17636]

Threads with active compile tasks:
C2 CompilerThread0 130991 13973   !   4       org.gradle.internal.snapshot.impl.DirectorySnapshotter$PathVisitor::snapshotFile (114 bytes)
C2 CompilerThread1 130991 13974   !   4       java.nio.file.Files::walkFileTree (294 bytes)
C2 CompilerThread2 130991 13981   !   4       java.nio.file.FileTreeWalker::visit (204 bytes)

VM state:not at safepoint (normal execution)

VM Mutex/Monitor currently owned by a thread: None

Heap address: 0x0000000080000000, size: 2048 MB, Compressed Oops mode: 32-bit
Narrow klass base: 0x0000000000000000, Narrow klass shift: 3
Compressed class space size: 1073741824 Address: 0x0000000100000000

Heap:
 garbage-first heap   total 262144K, used 117625K [0x0000000080000000, 0x0000000100000000)
  region size 1024K, 53 young (54272K), 10 survivors (10240K)
 Metaspace       used 101701K, capacity 104524K, committed 104644K, reserved 1140736K
  class space    used 13053K, capacity 14115K, committed 14156K, reserved 1048576K
Heap Regions: E=young(eden), S=young(survivor), O=old, HS=humongous(starts), HC=humongous(continues), CS=collection set, F=free, A=archive, TAMS=top-at-mark-start (previous, next)
|   0|0x0000000080000000, 0x0000000080100000, 0x0000000080100000|100%| O|  |TAMS 0x0000000080100000, 0x0000000080000000| Untracked 
|   1|0x0000000080100000, 0x0000000080200000, 0x0000000080200000|100%| O|  |TAMS 0x0000000080200000, 0x0000000080100000| Untracked 
|   2|0x0000000080200000, 0x0000000080300000, 0x0000000080300000|100%| O|  |TAMS 0x0000000080300000, 0x0000000080200000| Untracked 
|   3|0x0000000080300000, 0x0000000080400000, 0x0000000080400000|100%|HS|  |TAMS 0x0000000080400000, 0x0000000080300000| Complete 
|   4|0x0000000080400000, 0x0000000080500000, 0x0000000080500000|100%|HC|  |TAMS 0x0000000080500000, 0x0000000080400000| Complete 
|   5|0x0000000080500000, 0x0000000080600000, 0x0000000080600000|100%|HC|  |TAMS 0x0000000080600000, 0x0000000080500000| Complete 
|   6|0x0000000080600000, 0x0000000080700000, 0x0000000080700000|100%| O|  |TAMS 0x0000000080700000, 0x0000000080600000| Untracked 
|   7|0x0000000080700000, 0x0000000080800000, 0x0000000080800000|100%| O|  |TAMS 0x0000000080800000, 0x0000000080700000| Untracked 
|   8|0x0000000080800000, 0x0000000080900000, 0x0000000080900000|100%| O|  |TAMS 0x0000000080900000, 0x0000000080800000| Untracked 
|   9|0x0000000080900000, 0x0000000080a00000, 0x0000000080a00000|100%| O|  |TAMS 0x0000000080a00000, 0x0000000080900000| Untracked 
|  10|0x0000000080a00000, 0x0000000080b00000, 0x0000000080b00000|100%| O|  |TAMS 0x0000000080b00000, 0x0000000080a00000| Untracked 
|  11|0x0000000080b00000, 0x0000000080c00000, 0x0000000080c00000|100%| O|  |TAMS 0x0000000080c00000, 0x0000000080b00000| Untracked 
|  12|0x0000000080c00000, 0x0000000080d00000, 0x0000000080d00000|100%| O|  |TAMS 0x0000000080d00000, 0x0000000080c00000| Untracked 
|  13|0x0000000080d00000, 0x0000000080e00000, 0x0000000080e00000|100%| O|  |TAMS 0x0000000080e00000, 0x0000000080d00000| Untracked 
|  14|0x0000000080e00000, 0x0000000080f00000, 0x0000000080f00000|100%| O|  |TAMS 0x0000000080f00000, 0x0000000080e00000| Untracked 
|  15|0x0000000080f00000, 0x0000000081000000, 0x0000000081000000|100%| O|  |TAMS 0x0000000081000000, 0x0000000080f00000| Untracked 
|  16|0x0000000081000000, 0x0000000081100000, 0x0000000081100000|100%|HS|  |TAMS 0x0000000081100000, 0x0000000081000000| Complete 
|  17|0x0000000081100000, 0x0000000081200000, 0x0000000081200000|100%|HS|  |TAMS 0x0000000081200000, 0x0000000081100000| Complete 
|  18|0x0000000081200000, 0x0000000081300000, 0x0000000081300000|100%|HC|  |TAMS 0x0000000081300000, 0x0000000081200000| Complete 
|  19|0x0000000081300000, 0x0000000081400000, 0x0000000081400000|100%| O|  |TAMS 0x0000000081400000, 0x0000000081300000| Untracked 
|  20|0x0000000081400000, 0x0000000081500000, 0x0000000081500000|100%| O|  |TAMS 0x0000000081500000, 0x0000000081400000| Untracked 
|  21|0x0000000081500000, 0x0000000081600000, 0x0000000081600000|100%| O|  |TAMS 0x0000000081600000, 0x0000000081500000| Untracked 
|  22|0x0000000081600000, 0x0000000081700000, 0x0000000081700000|100%| O|  |TAMS 0x0000000081700000, 0x0000000081600000| Untracked 
|  23|0x0000000081700000, 0x0000000081800000, 0x0000000081800000|100%| O|  |TAMS 0x0000000081800000, 0x0000000081700000| Untracked 
|  24|0x0000000081800000, 0x0000000081900000, 0x0000000081900000|100%| O|  |TAMS 0x0000000081900000, 0x0000000081800000| Untracked 
|  25|0x0000000081900000, 0x0000000081a00000, 0x0000000081a00000|100%| O|  |TAMS 0x0000000081a00000, 0x0000000081900000| Untracked 
|  26|0x0000000081a00000, 0x0000000081b00000, 0x0000000081b00000|100%| O|  |TAMS 0x0000000081b00000, 0x0000000081a00000| Untracked 
|  27|0x0000000081b00000, 0x0000000081c00000, 0x0000000081c00000|100%| O|  |TAMS 0x0000000081c00000, 0x0000000081b00000| Untracked 
|  28|0x0000000081c00000, 0x0000000081d00000, 0x0000000081d00000|100%| O|  |TAMS 0x0000000081d00000, 0x0000000081c00000| Untracked 
|  29|0x0000000081d00000, 0x0000000081e00000, 0x0000000081e00000|100%| O|  |TAMS 0x0000000081e00000, 0x0000000081d00000| Untracked 
|  30|0x0000000081e00000, 0x0000000081f00000, 0x0000000081f00000|100%| O|  |TAMS 0x0000000081f00000, 0x0000000081e00000| Untracked 
|  31|0x0000000081f00000, 0x0000000082000000, 0x0000000082000000|100%| O|  |TAMS 0x0000000082000000, 0x0000000081f00000| Untracked 
|  32|0x0000000082000000, 0x0000000082100000, 0x0000000082100000|100%| O|  |TAMS 0x0000000082100000, 0x0000000082000000| Untracked 
|  33|0x0000000082100000, 0x0000000082200000, 0x0000000082200000|100%| O|  |TAMS 0x0000000082200000, 0x0000000082100000| Untracked 
|  34|0x0000000082200000, 0x0000000082300000, 0x0000000082300000|100%| O|  |TAMS 0x0000000082300000, 0x0000000082200000| Untracked 
|  35|0x0000000082300000, 0x0000000082400000, 0x0000000082400000|100%| O|  |TAMS 0x0000000082400000, 0x0000000082300000| Untracked 
|  36|0x0000000082400000, 0x0000000082500000, 0x0000000082500000|100%| O|  |TAMS 0x0000000082500000, 0x0000000082400000| Untracked 
|  37|0x0000000082500000, 0x0000000082600000, 0x0000000082600000|100%| O|  |TAMS 0x0000000082600000, 0x0000000082500000| Untracked 
|  38|0x0000000082600000, 0x0000000082700000, 0x0000000082700000|100%| O|  |TAMS 0x0000000082700000, 0x0000000082600000| Untracked 
|  39|0x0000000082700000, 0x0000000082800000, 0x0000000082800000|100%| O|  |TAMS 0x0000000082800000, 0x0000000082700000| Untracked 
|  40|0x0000000082800000, 0x0000000082900000, 0x0000000082900000|100%| O|  |TAMS 0x0000000082900000, 0x0000000082800000| Untracked 
|  41|0x0000000082900000, 0x0000000082a00000, 0x0000000082a00000|100%| O|  |TAMS 0x0000000082a00000, 0x0000000082900000| Untracked 
|  42|0x0000000082a00000, 0x0000000082b00000, 0x0000000082b00000|100%|HS|  |TAMS 0x0000000082b00000, 0x0000000082a00000| Complete 
|  43|0x0000000082b00000, 0x0000000082c00000, 0x0000000082c00000|100%|HC|  |TAMS 0x0000000082c00000, 0x0000000082b00000| Complete 
|  44|0x0000000082c00000, 0x0000000082d00000, 0x0000000082d00000|100%| O|  |TAMS 0x0000000082d00000, 0x0000000082c00000| Untracked 
|  45|0x0000000082d00000, 0x0000000082e00000, 0x0000000082e00000|100%| O|  |TAMS 0x0000000082e00000, 0x0000000082d00000| Untracked 
|  46|0x0000000082e00000, 0x0000000082f00000, 0x0000000082f00000|100%| O|  |TAMS 0x0000000082f00000, 0x0000000082e00000| Untracked 
|  47|0x0000000082f00000, 0x0000000083000000, 0x0000000083000000|100%| O|  |TAMS 0x0000000083000000, 0x0000000082f00000| Untracked 
|  48|0x0000000083000000, 0x0000000083100000, 0x0000000083100000|100%| O|  |TAMS 0x0000000083100000, 0x0000000083000000| Untracked 
|  49|0x0000000083100000, 0x0000000083200000, 0x0000000083200000|100%| O|  |TAMS 0x0000000083200000, 0x0000000083100000| Untracked 
|  50|0x0000000083200000, 0x0000000083300000, 0x0000000083300000|100%| O|  |TAMS 0x0000000083300000, 0x0000000083200000| Untracked 
|  51|0x0000000083300000, 0x0000000083400000, 0x0000000083400000|100%| O|  |TAMS 0x0000000083400000, 0x0000000083300000| Untracked 
|  52|0x0000000083400000, 0x0000000083500000, 0x0000000083500000|100%| O|  |TAMS 0x0000000083500000, 0x0000000083400000| Untracked 
|  53|0x0000000083500000, 0x0000000083600000, 0x0000000083600000|100%| O|  |TAMS 0x0000000083600000, 0x0000000083500000| Untracked 
|  54|0x0000000083600000, 0x0000000083700000, 0x0000000083700000|100%| O|  |TAMS 0x0000000083700000, 0x0000000083600000| Untracked 
|  55|0x0000000083700000, 0x0000000083800000, 0x0000000083800000|100%| O|  |TAMS 0x0000000083800000, 0x0000000083700000| Untracked 
|  56|0x0000000083800000, 0x0000000083900000, 0x0000000083900000|100%| O|  |TAMS 0x0000000083900000, 0x0000000083800000| Untracked 
|  57|0x0000000083900000, 0x0000000083a00000, 0x0000000083a00000|100%| O|  |TAMS 0x0000000083a00000, 0x0000000083900000| Untracked 
|  58|0x0000000083a00000, 0x0000000083b00000, 0x0000000083b00000|100%| O|  |TAMS 0x0000000083b00000, 0x0000000083a00000| Untracked 
|  59|0x0000000083b00000, 0x0000000083c00000, 0x0000000083c00000|100%| O|  |TAMS 0x0000000083c00000, 0x0000000083b00000| Untracked 
|  60|0x0000000083c00000, 0x0000000083d00000, 0x0000000083d00000|100%| O|  |TAMS 0x0000000083d00000, 0x0000000083c00000| Untracked 
|  61|0x0000000083d00000, 0x0000000083e00000, 0x0000000083e00000|100%| O|  |TAMS 0x0000000083e00000, 0x0000000083d00000| Untracked 
|  62|0x0000000083e00000, 0x0000000083e61800, 0x0000000083f00000| 38%| O|  |TAMS 0x0000000083e61800, 0x0000000083e00000| Untracked 
|  63|0x0000000083f00000, 0x0000000083f00000, 0x0000000084000000|  0%| F|  |TAMS 0x0000000083f00000, 0x0000000083f00000| Untracked 
|  64|0x0000000084000000, 0x0000000084000000, 0x0000000084100000|  0%| F|  |TAMS 0x0000000084000000, 0x0000000084000000| Untracked 
|  65|0x0000000084100000, 0x0000000084200000, 0x0000000084200000|100%|HS|  |TAMS 0x0000000084200000, 0x0000000084100000| Complete 
|  66|0x0000000084200000, 0x0000000084300000, 0x0000000084300000|100%|HC|  |TAMS 0x0000000084300000, 0x0000000084200000| Complete 
|  67|0x0000000084300000, 0x0000000084300000, 0x0000000084400000|  0%| F|  |TAMS 0x0000000084300000, 0x0000000084300000| Untracked 
|  68|0x0000000084400000, 0x0000000084400000, 0x0000000084500000|  0%| F|  |TAMS 0x0000000084400000, 0x0000000084400000| Untracked 
|  69|0x0000000084500000, 0x0000000084500000, 0x0000000084600000|  0%| F|  |TAMS 0x0000000084500000, 0x0000000084500000| Untracked 
|  70|0x0000000084600000, 0x0000000084600000, 0x0000000084700000|  0%| F|  |TAMS 0x0000000084600000, 0x0000000084600000| Untracked 
|  71|0x0000000084700000, 0x0000000084700000, 0x0000000084800000|  0%| F|  |TAMS 0x0000000084700000, 0x0000000084700000| Untracked 
|  72|0x0000000084800000, 0x0000000084800000, 0x0000000084900000|  0%| F|  |TAMS 0x0000000084800000, 0x0000000084800000| Untracked 
|  73|0x0000000084900000, 0x0000000084900000, 0x0000000084a00000|  0%| F|  |TAMS 0x0000000084900000, 0x0000000084900000| Untracked 
|  74|0x0000000084a00000, 0x0000000084a00000, 0x0000000084b00000|  0%| F|  |TAMS 0x0000000084a00000, 0x0000000084a00000| Untracked 
|  75|0x0000000084b00000, 0x0000000084b00000, 0x0000000084c00000|  0%| F|  |TAMS 0x0000000084b00000, 0x0000000084b00000| Untracked 
|  76|0x0000000084c00000, 0x0000000084c00000, 0x0000000084d00000|  0%| F|  |TAMS 0x0000000084c00000, 0x0000000084c00000| Untracked 
|  77|0x0000000084d00000, 0x0000000084d00000, 0x0000000084e00000|  0%| F|  |TAMS 0x0000000084d00000, 0x0000000084d00000| Untracked 
|  78|0x0000000084e00000, 0x0000000084e00000, 0x0000000084f00000|  0%| F|  |TAMS 0x0000000084e00000, 0x0000000084e00000| Untracked 
|  79|0x0000000084f00000, 0x0000000084f00000, 0x0000000085000000|  0%| F|  |TAMS 0x0000000084f00000, 0x0000000084f00000| Untracked 
|  80|0x0000000085000000, 0x0000000085000000, 0x0000000085100000|  0%| F|  |TAMS 0x0000000085000000, 0x0000000085000000| Untracked 
|  81|0x0000000085100000, 0x0000000085100000, 0x0000000085200000|  0%| F|  |TAMS 0x0000000085100000, 0x0000000085100000| Untracked 
|  82|0x0000000085200000, 0x0000000085200000, 0x0000000085300000|  0%| F|  |TAMS 0x0000000085200000, 0x0000000085200000| Untracked 
|  83|0x0000000085300000, 0x0000000085300000, 0x0000000085400000|  0%| F|  |TAMS 0x0000000085300000, 0x0000000085300000| Untracked 
|  84|0x0000000085400000, 0x0000000085400000, 0x0000000085500000|  0%| F|  |TAMS 0x0000000085400000, 0x0000000085400000| Untracked 
|  85|0x0000000085500000, 0x0000000085500000, 0x0000000085600000|  0%| F|  |TAMS 0x0000000085500000, 0x0000000085500000| Untracked 
|  86|0x0000000085600000, 0x0000000085600000, 0x0000000085700000|  0%| F|  |TAMS 0x0000000085600000, 0x0000000085600000| Untracked 
|  87|0x0000000085700000, 0x0000000085700000, 0x0000000085800000|  0%| F|  |TAMS 0x0000000085700000, 0x0000000085700000| Untracked 
|  88|0x0000000085800000, 0x0000000085800000, 0x0000000085900000|  0%| F|  |TAMS 0x0000000085800000, 0x0000000085800000| Untracked 
|  89|0x0000000085900000, 0x0000000085900000, 0x0000000085a00000|  0%| F|  |TAMS 0x0000000085900000, 0x0000000085900000| Untracked 
|  90|0x0000000085a00000, 0x0000000085a00000, 0x0000000085b00000|  0%| F|  |TAMS 0x0000000085a00000, 0x0000000085a00000| Untracked 
|  91|0x0000000085b00000, 0x0000000085b00000, 0x0000000085c00000|  0%| F|  |TAMS 0x0000000085b00000, 0x0000000085b00000| Untracked 
|  92|0x0000000085c00000, 0x0000000085c00000, 0x0000000085d00000|  0%| F|  |TAMS 0x0000000085c00000, 0x0000000085c00000| Untracked 
|  93|0x0000000085d00000, 0x0000000085d00000, 0x0000000085e00000|  0%| F|  |TAMS 0x0000000085d00000, 0x0000000085d00000| Untracked 
|  94|0x0000000085e00000, 0x0000000085e00000, 0x0000000085f00000|  0%| F|  |TAMS 0x0000000085e00000, 0x0000000085e00000| Untracked 
|  95|0x0000000085f00000, 0x0000000085f00000, 0x0000000086000000|  0%| F|  |TAMS 0x0000000085f00000, 0x0000000085f00000| Untracked 
|  96|0x0000000086000000, 0x0000000086000000, 0x0000000086100000|  0%| F|  |TAMS 0x0000000086000000, 0x0000000086000000| Untracked 
|  97|0x0000000086100000, 0x0000000086100000, 0x0000000086200000|  0%| F|  |TAMS 0x0000000086100000, 0x0000000086100000| Untracked 
|  98|0x0000000086200000, 0x0000000086200000, 0x0000000086300000|  0%| F|  |TAMS 0x0000000086200000, 0x0000000086200000| Untracked 
|  99|0x0000000086300000, 0x0000000086300000, 0x0000000086400000|  0%| F|  |TAMS 0x0000000086300000, 0x0000000086300000| Untracked 
| 100|0x0000000086400000, 0x0000000086400000, 0x0000000086500000|  0%| F|  |TAMS 0x0000000086400000, 0x0000000086400000| Untracked 
| 101|0x0000000086500000, 0x0000000086500000, 0x0000000086600000|  0%| F|  |TAMS 0x0000000086500000, 0x0000000086500000| Untracked 
| 102|0x0000000086600000, 0x0000000086600000, 0x0000000086700000|  0%| F|  |TAMS 0x0000000086600000, 0x0000000086600000| Untracked 
| 103|0x0000000086700000, 0x0000000086700000, 0x0000000086800000|  0%| F|  |TAMS 0x0000000086700000, 0x0000000086700000| Untracked 
| 104|0x0000000086800000, 0x0000000086800000, 0x0000000086900000|  0%| F|  |TAMS 0x0000000086800000, 0x0000000086800000| Untracked 
| 105|0x0000000086900000, 0x0000000086900000, 0x0000000086a00000|  0%| F|  |TAMS 0x0000000086900000, 0x0000000086900000| Untracked 
| 106|0x0000000086a00000, 0x0000000086a00000, 0x0000000086b00000|  0%| F|  |TAMS 0x0000000086a00000, 0x0000000086a00000| Untracked 
| 107|0x0000000086b00000, 0x0000000086b00000, 0x0000000086c00000|  0%| F|  |TAMS 0x0000000086b00000, 0x0000000086b00000| Untracked 
| 108|0x0000000086c00000, 0x0000000086c00000, 0x0000000086d00000|  0%| F|  |TAMS 0x0000000086c00000, 0x0000000086c00000| Untracked 
| 109|0x0000000086d00000, 0x0000000086d00000, 0x0000000086e00000|  0%| F|  |TAMS 0x0000000086d00000, 0x0000000086d00000| Untracked 
| 110|0x0000000086e00000, 0x0000000086e00000, 0x0000000086f00000|  0%| F|  |TAMS 0x0000000086e00000, 0x0000000086e00000| Untracked 
| 111|0x0000000086f00000, 0x0000000086f00000, 0x0000000087000000|  0%| F|  |TAMS 0x0000000086f00000, 0x0000000086f00000| Untracked 
| 112|0x0000000087000000, 0x0000000087000000, 0x0000000087100000|  0%| F|  |TAMS 0x0000000087000000, 0x0000000087000000| Untracked 
| 113|0x0000000087100000, 0x0000000087100000, 0x0000000087200000|  0%| F|  |TAMS 0x0000000087100000, 0x0000000087100000| Untracked 
| 114|0x0000000087200000, 0x0000000087200000, 0x0000000087300000|  0%| F|  |TAMS 0x0000000087200000, 0x0000000087200000| Untracked 
| 115|0x0000000087300000, 0x0000000087300000, 0x0000000087400000|  0%| F|  |TAMS 0x0000000087300000, 0x0000000087300000| Untracked 
| 116|0x0000000087400000, 0x0000000087400000, 0x0000000087500000|  0%| F|  |TAMS 0x0000000087400000, 0x0000000087400000| Untracked 
| 117|0x0000000087500000, 0x0000000087500000, 0x0000000087600000|  0%| F|  |TAMS 0x0000000087500000, 0x0000000087500000| Untracked 
| 118|0x0000000087600000, 0x0000000087600000, 0x0000000087700000|  0%| F|  |TAMS 0x0000000087600000, 0x0000000087600000| Untracked 
| 119|0x0000000087700000, 0x0000000087700000, 0x0000000087800000|  0%| F|  |TAMS 0x0000000087700000, 0x0000000087700000| Untracked 
| 120|0x0000000087800000, 0x0000000087800000, 0x0000000087900000|  0%| F|  |TAMS 0x0000000087800000, 0x0000000087800000| Untracked 
| 121|0x0000000087900000, 0x0000000087900000, 0x0000000087a00000|  0%| F|  |TAMS 0x0000000087900000, 0x0000000087900000| Untracked 
| 122|0x0000000087a00000, 0x0000000087a00000, 0x0000000087b00000|  0%| F|  |TAMS 0x0000000087a00000, 0x0000000087a00000| Untracked 
| 123|0x0000000087b00000, 0x0000000087b00000, 0x0000000087c00000|  0%| F|  |TAMS 0x0000000087b00000, 0x0000000087b00000| Untracked 
| 124|0x0000000087c00000, 0x0000000087c00000, 0x0000000087d00000|  0%| F|  |TAMS 0x0000000087c00000, 0x0000000087c00000| Untracked 
| 125|0x0000000087d00000, 0x0000000087d00000, 0x0000000087e00000|  0%| F|  |TAMS 0x0000000087d00000, 0x0000000087d00000| Untracked 
| 126|0x0000000087e00000, 0x0000000087e00000, 0x0000000087f00000|  0%| F|  |TAMS 0x0000000087e00000, 0x0000000087e00000| Untracked 
| 127|0x0000000087f00000, 0x0000000087f00000, 0x0000000088000000|  0%| F|  |TAMS 0x0000000087f00000, 0x0000000087f00000| Untracked 
| 128|0x0000000088000000, 0x0000000088000000, 0x0000000088100000|  0%| F|  |TAMS 0x0000000088000000, 0x0000000088000000| Untracked 
| 129|0x0000000088100000, 0x0000000088100000, 0x0000000088200000|  0%| F|  |TAMS 0x0000000088100000, 0x0000000088100000| Untracked 
| 130|0x0000000088200000, 0x0000000088200000, 0x0000000088300000|  0%| F|  |TAMS 0x0000000088200000, 0x0000000088200000| Untracked 
| 131|0x0000000088300000, 0x0000000088300000, 0x0000000088400000|  0%| F|  |TAMS 0x0000000088300000, 0x0000000088300000| Untracked 
| 132|0x0000000088400000, 0x0000000088400000, 0x0000000088500000|  0%| F|  |TAMS 0x0000000088400000, 0x0000000088400000| Untracked 
| 133|0x0000000088500000, 0x0000000088500000, 0x0000000088600000|  0%| F|  |TAMS 0x0000000088500000, 0x0000000088500000| Untracked 
| 134|0x0000000088600000, 0x000000008867cd48, 0x0000000088700000| 48%| S|CS|TAMS 0x0000000088600000, 0x0000000088600000| Complete 
| 135|0x0000000088700000, 0x0000000088800000, 0x0000000088800000|100%| S|CS|TAMS 0x0000000088700000, 0x0000000088700000| Complete 
| 136|0x0000000088800000, 0x0000000088900000, 0x0000000088900000|100%| S|CS|TAMS 0x0000000088800000, 0x0000000088800000| Complete 
| 137|0x0000000088900000, 0x0000000088a00000, 0x0000000088a00000|100%| S|CS|TAMS 0x0000000088900000, 0x0000000088900000| Complete 
| 138|0x0000000088a00000, 0x0000000088b00000, 0x0000000088b00000|100%| S|CS|TAMS 0x0000000088a00000, 0x0000000088a00000| Complete 
| 139|0x0000000088b00000, 0x0000000088c00000, 0x0000000088c00000|100%| S|CS|TAMS 0x0000000088b00000, 0x0000000088b00000| Complete 
| 140|0x0000000088c00000, 0x0000000088c00000, 0x0000000088d00000|  0%| F|  |TAMS 0x0000000088c00000, 0x0000000088c00000| Untracked 
| 141|0x0000000088d00000, 0x0000000088d00000, 0x0000000088e00000|  0%| F|  |TAMS 0x0000000088d00000, 0x0000000088d00000| Untracked 
| 142|0x0000000088e00000, 0x0000000088e00000, 0x0000000088f00000|  0%| F|  |TAMS 0x0000000088e00000, 0x0000000088e00000| Untracked 
| 143|0x0000000088f00000, 0x0000000088f00000, 0x0000000089000000|  0%| F|  |TAMS 0x0000000088f00000, 0x0000000088f00000| Untracked 
| 144|0x0000000089000000, 0x0000000089000000, 0x0000000089100000|  0%| F|  |TAMS 0x0000000089000000, 0x0000000089000000| Untracked 
| 145|0x0000000089100000, 0x0000000089100000, 0x0000000089200000|  0%| F|  |TAMS 0x0000000089100000, 0x0000000089100000| Untracked 
| 146|0x0000000089200000, 0x0000000089200000, 0x0000000089300000|  0%| F|  |TAMS 0x0000000089200000, 0x0000000089200000| Untracked 
| 147|0x0000000089300000, 0x0000000089400000, 0x0000000089400000|100%| S|CS|TAMS 0x0000000089300000, 0x0000000089300000| Complete 
| 148|0x0000000089400000, 0x0000000089500000, 0x0000000089500000|100%| S|CS|TAMS 0x0000000089400000, 0x0000000089400000| Complete 
| 149|0x0000000089500000, 0x0000000089600000, 0x0000000089600000|100%| S|CS|TAMS 0x0000000089500000, 0x0000000089500000| Complete 
| 150|0x0000000089600000, 0x0000000089700000, 0x0000000089700000|100%| S|CS|TAMS 0x0000000089600000, 0x0000000089600000| Complete 
| 151|0x0000000089700000, 0x0000000089700000, 0x0000000089800000|  0%| F|  |TAMS 0x0000000089700000, 0x0000000089700000| Untracked 
| 152|0x0000000089800000, 0x0000000089800000, 0x0000000089900000|  0%| F|  |TAMS 0x0000000089800000, 0x0000000089800000| Untracked 
| 153|0x0000000089900000, 0x0000000089900000, 0x0000000089a00000|  0%| F|  |TAMS 0x0000000089900000, 0x0000000089900000| Untracked 
| 154|0x0000000089a00000, 0x0000000089a00000, 0x0000000089b00000|  0%| F|  |TAMS 0x0000000089a00000, 0x0000000089a00000| Untracked 
| 155|0x0000000089b00000, 0x0000000089b00000, 0x0000000089c00000|  0%| F|  |TAMS 0x0000000089b00000, 0x0000000089b00000| Untracked 
| 156|0x0000000089c00000, 0x0000000089c00000, 0x0000000089d00000|  0%| F|  |TAMS 0x0000000089c00000, 0x0000000089c00000| Untracked 
| 157|0x0000000089d00000, 0x0000000089d00000, 0x0000000089e00000|  0%| F|  |TAMS 0x0000000089d00000, 0x0000000089d00000| Untracked 
| 158|0x0000000089e00000, 0x0000000089e00000, 0x0000000089f00000|  0%| F|  |TAMS 0x0000000089e00000, 0x0000000089e00000| Untracked 
| 159|0x0000000089f00000, 0x0000000089f00000, 0x000000008a000000|  0%| F|  |TAMS 0x0000000089f00000, 0x0000000089f00000| Untracked 
| 160|0x000000008a000000, 0x000000008a000000, 0x000000008a100000|  0%| F|  |TAMS 0x000000008a000000, 0x000000008a000000| Untracked 
| 161|0x000000008a100000, 0x000000008a100000, 0x000000008a200000|  0%| F|  |TAMS 0x000000008a100000, 0x000000008a100000| Untracked 
| 162|0x000000008a200000, 0x000000008a200000, 0x000000008a300000|  0%| F|  |TAMS 0x000000008a200000, 0x000000008a200000| Untracked 
| 163|0x000000008a300000, 0x000000008a300000, 0x000000008a400000|  0%| F|  |TAMS 0x000000008a300000, 0x000000008a300000| Untracked 
| 164|0x000000008a400000, 0x000000008a400000, 0x000000008a500000|  0%| F|  |TAMS 0x000000008a400000, 0x000000008a400000| Untracked 
| 165|0x000000008a500000, 0x000000008a500000, 0x000000008a600000|  0%| F|  |TAMS 0x000000008a500000, 0x000000008a500000| Untracked 
| 166|0x000000008a600000, 0x000000008a600000, 0x000000008a700000|  0%| F|  |TAMS 0x000000008a600000, 0x000000008a600000| Untracked 
| 167|0x000000008a700000, 0x000000008a700000, 0x000000008a800000|  0%| F|  |TAMS 0x000000008a700000, 0x000000008a700000| Untracked 
| 168|0x000000008a800000, 0x000000008a800000, 0x000000008a900000|  0%| F|  |TAMS 0x000000008a800000, 0x000000008a800000| Untracked 
| 169|0x000000008a900000, 0x000000008a900000, 0x000000008aa00000|  0%| F|  |TAMS 0x000000008a900000, 0x000000008a900000| Untracked 
| 170|0x000000008aa00000, 0x000000008aa00000, 0x000000008ab00000|  0%| F|  |TAMS 0x000000008aa00000, 0x000000008aa00000| Untracked 
| 171|0x000000008ab00000, 0x000000008ab00000, 0x000000008ac00000|  0%| F|  |TAMS 0x000000008ab00000, 0x000000008ab00000| Untracked 
| 172|0x000000008ac00000, 0x000000008ac00000, 0x000000008ad00000|  0%| F|  |TAMS 0x000000008ac00000, 0x000000008ac00000| Untracked 
| 173|0x000000008ad00000, 0x000000008ad00000, 0x000000008ae00000|  0%| F|  |TAMS 0x000000008ad00000, 0x000000008ad00000| Untracked 
| 174|0x000000008ae00000, 0x000000008ae00000, 0x000000008af00000|  0%| F|  |TAMS 0x000000008ae00000, 0x000000008ae00000| Untracked 
| 175|0x000000008af00000, 0x000000008af00000, 0x000000008b000000|  0%| F|  |TAMS 0x000000008af00000, 0x000000008af00000| Untracked 
| 176|0x000000008b000000, 0x000000008b000000, 0x000000008b100000|  0%| F|  |TAMS 0x000000008b000000, 0x000000008b000000| Untracked 
| 177|0x000000008b100000, 0x000000008b100000, 0x000000008b200000|  0%| F|  |TAMS 0x000000008b100000, 0x000000008b100000| Untracked 
| 178|0x000000008b200000, 0x000000008b200000, 0x000000008b300000|  0%| F|  |TAMS 0x000000008b200000, 0x000000008b200000| Untracked 
| 179|0x000000008b300000, 0x000000008b300000, 0x000000008b400000|  0%| F|  |TAMS 0x000000008b300000, 0x000000008b300000| Untracked 
| 180|0x000000008b400000, 0x000000008b400000, 0x000000008b500000|  0%| F|  |TAMS 0x000000008b400000, 0x000000008b400000| Untracked 
| 181|0x000000008b500000, 0x000000008b500000, 0x000000008b600000|  0%| F|  |TAMS 0x000000008b500000, 0x000000008b500000| Untracked 
| 182|0x000000008b600000, 0x000000008b600000, 0x000000008b700000|  0%| F|  |TAMS 0x000000008b600000, 0x000000008b600000| Untracked 
| 183|0x000000008b700000, 0x000000008b700000, 0x000000008b800000|  0%| F|  |TAMS 0x000000008b700000, 0x000000008b700000| Untracked 
| 184|0x000000008b800000, 0x000000008b800000, 0x000000008b900000|  0%| F|  |TAMS 0x000000008b800000, 0x000000008b800000| Untracked 
| 185|0x000000008b900000, 0x000000008b900000, 0x000000008ba00000|  0%| F|  |TAMS 0x000000008b900000, 0x000000008b900000| Untracked 
| 186|0x000000008ba00000, 0x000000008ba00000, 0x000000008bb00000|  0%| F|  |TAMS 0x000000008ba00000, 0x000000008ba00000| Untracked 
| 187|0x000000008bb00000, 0x000000008bb00000, 0x000000008bc00000|  0%| F|  |TAMS 0x000000008bb00000, 0x000000008bb00000| Untracked 
| 188|0x000000008bc00000, 0x000000008bc00000, 0x000000008bd00000|  0%| F|  |TAMS 0x000000008bc00000, 0x000000008bc00000| Untracked 
| 189|0x000000008bd00000, 0x000000008bd00000, 0x000000008be00000|  0%| F|  |TAMS 0x000000008bd00000, 0x000000008bd00000| Untracked 
| 190|0x000000008be00000, 0x000000008be00000, 0x000000008bf00000|  0%| F|  |TAMS 0x000000008be00000, 0x000000008be00000| Untracked 
| 191|0x000000008bf00000, 0x000000008bf00000, 0x000000008c000000|  0%| F|  |TAMS 0x000000008bf00000, 0x000000008bf00000| Untracked 
| 192|0x000000008c000000, 0x000000008c000000, 0x000000008c100000|  0%| F|  |TAMS 0x000000008c000000, 0x000000008c000000| Untracked 
| 193|0x000000008c100000, 0x000000008c100000, 0x000000008c200000|  0%| F|  |TAMS 0x000000008c100000, 0x000000008c100000| Untracked 
| 194|0x000000008c200000, 0x000000008c200000, 0x000000008c300000|  0%| F|  |TAMS 0x000000008c200000, 0x000000008c200000| Untracked 
| 195|0x000000008c300000, 0x000000008c300000, 0x000000008c400000|  0%| F|  |TAMS 0x000000008c300000, 0x000000008c300000| Untracked 
| 196|0x000000008c400000, 0x000000008c400000, 0x000000008c500000|  0%| F|  |TAMS 0x000000008c400000, 0x000000008c400000| Untracked 
| 197|0x000000008c500000, 0x000000008c500000, 0x000000008c600000|  0%| F|  |TAMS 0x000000008c500000, 0x000000008c500000| Untracked 
| 198|0x000000008c600000, 0x000000008c600000, 0x000000008c700000|  0%| F|  |TAMS 0x000000008c600000, 0x000000008c600000| Untracked 
| 199|0x000000008c700000, 0x000000008c700000, 0x000000008c800000|  0%| F|  |TAMS 0x000000008c700000, 0x000000008c700000| Untracked 
| 200|0x000000008c800000, 0x000000008c800000, 0x000000008c900000|  0%| F|  |TAMS 0x000000008c800000, 0x000000008c800000| Untracked 
| 201|0x000000008c900000, 0x000000008c900000, 0x000000008ca00000|  0%| F|  |TAMS 0x000000008c900000, 0x000000008c900000| Untracked 
| 202|0x000000008ca00000, 0x000000008ca00000, 0x000000008cb00000|  0%| F|  |TAMS 0x000000008ca00000, 0x000000008ca00000| Untracked 
| 203|0x000000008cb00000, 0x000000008cb00000, 0x000000008cc00000|  0%| F|  |TAMS 0x000000008cb00000, 0x000000008cb00000| Untracked 
| 204|0x000000008cc00000, 0x000000008cc00000, 0x000000008cd00000|  0%| F|  |TAMS 0x000000008cc00000, 0x000000008cc00000| Untracked 
| 205|0x000000008cd00000, 0x000000008cd00000, 0x000000008ce00000|  0%| F|  |TAMS 0x000000008cd00000, 0x000000008cd00000| Untracked 
| 206|0x000000008ce00000, 0x000000008ce00000, 0x000000008cf00000|  0%| F|  |TAMS 0x000000008ce00000, 0x000000008ce00000| Untracked 
| 207|0x000000008cf00000, 0x000000008cf00000, 0x000000008d000000|  0%| F|  |TAMS 0x000000008cf00000, 0x000000008cf00000| Untracked 
| 208|0x000000008d000000, 0x000000008d000000, 0x000000008d100000|  0%| F|  |TAMS 0x000000008d000000, 0x000000008d000000| Untracked 
| 209|0x000000008d100000, 0x000000008d100000, 0x000000008d200000|  0%| F|  |TAMS 0x000000008d100000, 0x000000008d100000| Untracked 
| 210|0x000000008d200000, 0x000000008d200000, 0x000000008d300000|  0%| F|  |TAMS 0x000000008d200000, 0x000000008d200000| Untracked 
| 211|0x000000008d300000, 0x000000008d300000, 0x000000008d400000|  0%| F|  |TAMS 0x000000008d300000, 0x000000008d300000| Untracked 
| 212|0x000000008d400000, 0x000000008d400000, 0x000000008d500000|  0%| F|  |TAMS 0x000000008d400000, 0x000000008d400000| Untracked 
| 213|0x000000008d500000, 0x000000008d5f50a0, 0x000000008d600000| 95%| E|  |TAMS 0x000000008d500000, 0x000000008d500000| Complete 
| 214|0x000000008d600000, 0x000000008d700000, 0x000000008d700000|100%| E|CS|TAMS 0x000000008d600000, 0x000000008d600000| Complete 
| 215|0x000000008d700000, 0x000000008d800000, 0x000000008d800000|100%| E|CS|TAMS 0x000000008d700000, 0x000000008d700000| Complete 
| 216|0x000000008d800000, 0x000000008d900000, 0x000000008d900000|100%| E|CS|TAMS 0x000000008d800000, 0x000000008d800000| Complete 
| 217|0x000000008d900000, 0x000000008d9ffff8, 0x000000008da00000| 99%| E|CS|TAMS 0x000000008d900000, 0x000000008d900000| Complete 
| 218|0x000000008da00000, 0x000000008db00000, 0x000000008db00000|100%| E|CS|TAMS 0x000000008da00000, 0x000000008da00000| Complete 
| 219|0x000000008db00000, 0x000000008dc00000, 0x000000008dc00000|100%| E|CS|TAMS 0x000000008db00000, 0x000000008db00000| Complete 
| 220|0x000000008dc00000, 0x000000008dd00000, 0x000000008dd00000|100%| E|CS|TAMS 0x000000008dc00000, 0x000000008dc00000| Complete 
| 221|0x000000008dd00000, 0x000000008de00000, 0x000000008de00000|100%| E|CS|TAMS 0x000000008dd00000, 0x000000008dd00000| Complete 
| 222|0x000000008de00000, 0x000000008df00000, 0x000000008df00000|100%| E|  |TAMS 0x000000008de00000, 0x000000008de00000| Complete 
| 223|0x000000008df00000, 0x000000008e000000, 0x000000008e000000|100%| E|CS|TAMS 0x000000008df00000, 0x000000008df00000| Complete 
| 224|0x000000008e000000, 0x000000008e100000, 0x000000008e100000|100%| E|CS|TAMS 0x000000008e000000, 0x000000008e000000| Complete 
| 225|0x000000008e100000, 0x000000008e200000, 0x000000008e200000|100%| E|CS|TAMS 0x000000008e100000, 0x000000008e100000| Complete 
| 226|0x000000008e200000, 0x000000008e300000, 0x000000008e300000|100%| E|CS|TAMS 0x000000008e200000, 0x000000008e200000| Complete 
| 227|0x000000008e300000, 0x000000008e400000, 0x000000008e400000|100%| E|CS|TAMS 0x000000008e300000, 0x000000008e300000| Complete 
| 228|0x000000008e400000, 0x000000008e500000, 0x000000008e500000|100%| E|CS|TAMS 0x000000008e400000, 0x000000008e400000| Complete 
| 229|0x000000008e500000, 0x000000008e600000, 0x000000008e600000|100%| E|CS|TAMS 0x000000008e500000, 0x000000008e500000| Complete 
| 230|0x000000008e600000, 0x000000008e700000, 0x000000008e700000|100%| E|CS|TAMS 0x000000008e600000, 0x000000008e600000| Complete 
| 231|0x000000008e700000, 0x000000008e800000, 0x000000008e800000|100%| E|CS|TAMS 0x000000008e700000, 0x000000008e700000| Complete 
| 232|0x000000008e800000, 0x000000008e900000, 0x000000008e900000|100%| E|CS|TAMS 0x000000008e800000, 0x000000008e800000| Complete 
| 233|0x000000008e900000, 0x000000008ea00000, 0x000000008ea00000|100%| E|CS|TAMS 0x000000008e900000, 0x000000008e900000| Complete 
| 234|0x000000008ea00000, 0x000000008eb00000, 0x000000008eb00000|100%| E|CS|TAMS 0x000000008ea00000, 0x000000008ea00000| Complete 
| 235|0x000000008eb00000, 0x000000008ec00000, 0x000000008ec00000|100%| E|CS|TAMS 0x000000008eb00000, 0x000000008eb00000| Complete 
| 236|0x000000008ec00000, 0x000000008ed00000, 0x000000008ed00000|100%| E|CS|TAMS 0x000000008ec00000, 0x000000008ec00000| Complete 
| 237|0x000000008ed00000, 0x000000008ee00000, 0x000000008ee00000|100%| E|CS|TAMS 0x000000008ed00000, 0x000000008ed00000| Complete 
| 238|0x000000008ee00000, 0x000000008ef00000, 0x000000008ef00000|100%| E|CS|TAMS 0x000000008ee00000, 0x000000008ee00000| Complete 
| 239|0x000000008ef00000, 0x000000008f000000, 0x000000008f000000|100%| E|CS|TAMS 0x000000008ef00000, 0x000000008ef00000| Complete 
| 240|0x000000008f000000, 0x000000008f100000, 0x000000008f100000|100%| E|CS|TAMS 0x000000008f000000, 0x000000008f000000| Complete 
| 241|0x000000008f100000, 0x000000008f200000, 0x000000008f200000|100%| E|CS|TAMS 0x000000008f100000, 0x000000008f100000| Complete 
| 242|0x000000008f200000, 0x000000008f300000, 0x000000008f300000|100%| E|CS|TAMS 0x000000008f200000, 0x000000008f200000| Complete 
| 243|0x000000008f300000, 0x000000008f400000, 0x000000008f400000|100%| E|CS|TAMS 0x000000008f300000, 0x000000008f300000| Complete 
| 244|0x000000008f400000, 0x000000008f500000, 0x000000008f500000|100%| E|CS|TAMS 0x000000008f400000, 0x000000008f400000| Complete 
| 245|0x000000008f500000, 0x000000008f600000, 0x000000008f600000|100%| E|CS|TAMS 0x000000008f500000, 0x000000008f500000| Complete 
| 246|0x000000008f600000, 0x000000008f700000, 0x000000008f700000|100%| E|CS|TAMS 0x000000008f600000, 0x000000008f600000| Complete 
| 247|0x000000008f700000, 0x000000008f800000, 0x000000008f800000|100%| E|CS|TAMS 0x000000008f700000, 0x000000008f700000| Complete 
| 248|0x000000008f800000, 0x000000008f900000, 0x000000008f900000|100%| E|CS|TAMS 0x000000008f800000, 0x000000008f800000| Complete 
| 249|0x000000008f900000, 0x000000008fa00000, 0x000000008fa00000|100%| E|CS|TAMS 0x000000008f900000, 0x000000008f900000| Complete 
| 250|0x000000008fa00000, 0x000000008fb00000, 0x000000008fb00000|100%| E|CS|TAMS 0x000000008fa00000, 0x000000008fa00000| Complete 
| 251|0x000000008fb00000, 0x000000008fc00000, 0x000000008fc00000|100%| E|CS|TAMS 0x000000008fb00000, 0x000000008fb00000| Complete 
| 252|0x000000008fc00000, 0x000000008fd00000, 0x000000008fd00000|100%| E|CS|TAMS 0x000000008fc00000, 0x000000008fc00000| Complete 
| 253|0x000000008fd00000, 0x000000008fe00000, 0x000000008fe00000|100%| E|CS|TAMS 0x000000008fd00000, 0x000000008fd00000| Complete 
| 254|0x000000008fe00000, 0x000000008ff00000, 0x000000008ff00000|100%| E|CS|TAMS 0x000000008fe00000, 0x000000008fe00000| Complete 
| 255|0x000000008ff00000, 0x0000000090000000, 0x0000000090000000|100%| E|CS|TAMS 0x000000008ff00000, 0x000000008ff00000| Complete 

Card table byte_map: [0x000001bf74e00000,0x000001bf75200000] _byte_map_base: 0x000001bf74a00000

Marking Bits (Prev, Next): (CMBitMap*) 0x000001bf70b6dd28, (CMBitMap*) 0x000001bf70b6dd60
 Prev Bits: [0x000001bf75600000, 0x000001bf77600000)
 Next Bits: [0x000001bf77600000, 0x000001bf79600000)

Polling page: 0x000001bf6ea80000

Metaspace:

Usage:
  Non-class:     88.36 MB capacity,    86.64 MB ( 98%) used,     1.40 MB (  2%) free+waste,   327.81 KB ( <1%) overhead. 
      Class:     13.79 MB capacity,    12.76 MB ( 93%) used,   903.98 KB (  6%) free+waste,   152.31 KB (  1%) overhead. 
       Both:    102.15 MB capacity,    99.40 MB ( 97%) used,     2.28 MB (  2%) free+waste,   480.13 KB ( <1%) overhead. 

Virtual space:
  Non-class space:       90.00 MB reserved,      88.37 MB ( 98%) committed 
      Class space:        1.00 GB reserved,      13.82 MB (  1%) committed 
             Both:        1.09 GB reserved,     102.19 MB (  9%) committed 

Chunk freelists:
   Non-Class:  4.00 KB
       Class:  24.00 KB
        Both:  28.00 KB

MaxMetaspaceSize: 17179869184.00 GB
CompressedClassSpaceSize: 1.00 GB

CodeHeap 'non-profiled nmethods': size=120000Kb used=7438Kb max_used=7862Kb free=112562Kb
 bounds [0x000001bf07ad0000, 0x000001bf08280000, 0x000001bf0f000000]
CodeHeap 'profiled nmethods': size=120000Kb used=27842Kb max_used=29593Kb free=92157Kb
 bounds [0x000001bf005a0000, 0x000001bf022a0000, 0x000001bf07ad0000]
CodeHeap 'non-nmethods': size=5760Kb used=2281Kb max_used=2325Kb free=3478Kb
 bounds [0x000001bf00000000, 0x000001bf00270000, 0x000001bf005a0000]
 total_blobs=13594 nmethods=12710 adapters=794
 compilation: enabled
              stopped_count=0, restarted_count=0
 full_count=0

Compilation events (20 events):
Event: 130.867 Thread 0x000001bf7cb25800 14050       3       java.util.zip.InflaterInputStream::fill (60 bytes)
Event: 130.867 Thread 0x000001bf7cb25800 nmethod 14050 0x000001bf0091f290 code [0x000001bf0091f4a0, 0x000001bf0091f958]
Event: 130.881 Thread 0x000001bf7cb25800 14051       3       kotlin.text.StringsKt__StringsJVMKt::endsWith (45 bytes)
Event: 130.882 Thread 0x000001bf7cb25800 nmethod 14051 0x000001bf00948210 code [0x000001bf00948480, 0x000001bf00948d78]
Event: 130.892 Thread 0x000001bf7cb25800 14052       3       java.io.ObjectStreamClass::setObjFieldValues (10 bytes)
Event: 130.892 Thread 0x000001bf7cb25800 nmethod 14052 0x000001bf008a3490 code [0x000001bf008a3660, 0x000001bf008a3808]
Event: 130.892 Thread 0x000001bf7cb25800 14053       3       java.io.ObjectStreamClass$FieldReflector::setObjFieldValues (8 bytes)
Event: 130.892 Thread 0x000001bf7cb25800 nmethod 14053 0x000001bf0080b090 code [0x000001bf0080b240, 0x000001bf0080b368]
Event: 130.892 Thread 0x000001bf7cb25800 14054       3       org.gradle.internal.instantiation.generator.AsmBackedClassGenerator$ClassBuilderImpl::<init> (26 bytes)
Event: 130.892 Thread 0x000001bf7cb25800 nmethod 14054 0x000001bf008ac810 code [0x000001bf008ac9c0, 0x000001bf008acb48]
Event: 130.892 Thread 0x000001bf7cb25800 14055       3       org.gradle.internal.instantiation.generator.AsmBackedClassGenerator$ClassBuilderImpl::<init> (119 bytes)
Event: 130.893 Thread 0x000001bf7cb25800 nmethod 14055 0x000001bf00976390 code [0x000001bf009765a0, 0x000001bf00976d58]
Event: 130.893 Thread 0x000001bf7cb25800 14056       3       org.gradle.internal.instantiation.generator.AsmBackedClassGenerator$ClassBuilderImpl::generateGeneratedSubtypeMethods (88 bytes)
Event: 130.894 Thread 0x000001bf7cb25800 nmethod 14056 0x000001bf00975710 code [0x000001bf00975960, 0x000001bf00976158]
Event: 130.894 Thread 0x000001bf7cb25800 14057       3       org.gradle.internal.instantiation.generator.AsmBackedClassGenerator$ClassBuilderImpl::generate (37 bytes)
Event: 130.895 Thread 0x000001bf7cb25800 nmethod 14057 0x000001bf00984110 code [0x000001bf00984440, 0x000001bf00985268]
Event: 130.904 Thread 0x000001bf7cb25800 14060       3       java.util.regex.Pattern$SliceU::match (99 bytes)
Event: 130.905 Thread 0x000001bf7cb25800 nmethod 14060 0x000001bf00974b10 code [0x000001bf00974d40, 0x000001bf00975478]
Event: 130.919 Thread 0x000001bf7cb25800 14061       3       java.io.FileInputStream::<init> (122 bytes)
Event: 130.920 Thread 0x000001bf7cb25800 nmethod 14061 0x000001bf00983010 code [0x000001bf009832a0, 0x000001bf00983d58]

GC Heap History (20 events):
Event: 3.816 GC heap before
{Heap before GC invocations=4 (full 0):
 garbage-first heap   total 262144K, used 82669K [0x0000000080000000, 0x0000000100000000)
  region size 1024K, 67 young (68608K), 2 survivors (2048K)
 Metaspace       used 35039K, capacity 35769K, committed 35840K, reserved 1081344K
  class space    used 4562K, capacity 4856K, committed 4864K, reserved 1048576K
}
Event: 3.824 GC heap after
{Heap after GC invocations=5 (full 0):
 garbage-first heap   total 262144K, used 21588K [0x0000000080000000, 0x0000000100000000)
  region size 1024K, 6 young (6144K), 6 survivors (6144K)
 Metaspace       used 35039K, capacity 35769K, committed 35840K, reserved 1081344K
  class space    used 4562K, capacity 4856K, committed 4864K, reserved 1048576K
}
Event: 5.589 GC heap before
{Heap before GC invocations=6 (full 0):
 garbage-first heap   total 262144K, used 125012K [0x0000000080000000, 0x0000000100000000)
  region size 1024K, 104 young (106496K), 6 survivors (6144K)
 Metaspace       used 44141K, capacity 45196K, committed 45516K, reserved 1089536K
  class space    used 5667K, capacity 6055K, committed 6144K, reserved 1048576K
}
Event: 5.596 GC heap after
{Heap after GC invocations=7 (full 0):
 garbage-first heap   total 262144K, used 26711K [0x0000000080000000, 0x0000000100000000)
  region size 1024K, 11 young (11264K), 11 survivors (11264K)
 Metaspace       used 44141K, capacity 45196K, committed 45516K, reserved 1089536K
  class space    used 5667K, capacity 6055K, committed 6144K, reserved 1048576K
}
Event: 7.933 GC heap before
{Heap before GC invocations=7 (full 0):
 garbage-first heap   total 262144K, used 175191K [0x0000000080000000, 0x0000000100000000)
  region size 1024K, 153 young (156672K), 11 survivors (11264K)
 Metaspace       used 58613K, capacity 59970K, committed 60108K, reserved 1101824K
  class space    used 7427K, capacity 7921K, committed 7936K, reserved 1048576K
}
Event: 7.949 GC heap after
{Heap after GC invocations=8 (full 0):
 garbage-first heap   total 262144K, used 42055K [0x0000000080000000, 0x0000000100000000)
  region size 1024K, 20 young (20480K), 20 survivors (20480K)
 Metaspace       used 58613K, capacity 59970K, committed 60108K, reserved 1101824K
  class space    used 7427K, capacity 7921K, committed 7936K, reserved 1048576K
}
Event: 7.966 GC heap before
{Heap before GC invocations=8 (full 0):
 garbage-first heap   total 262144K, used 43079K [0x0000000080000000, 0x0000000100000000)
  region size 1024K, 22 young (22528K), 20 survivors (20480K)
 Metaspace       used 58728K, capacity 60066K, committed 60236K, reserved 1101824K
  class space    used 7439K, capacity 7953K, committed 8064K, reserved 1048576K
}
Event: 7.994 GC heap after
{Heap after GC invocations=9 (full 0):
 garbage-first heap   total 262144K, used 45289K [0x0000000080000000, 0x0000000100000000)
  region size 1024K, 3 young (3072K), 3 survivors (3072K)
 Metaspace       used 58728K, capacity 60066K, committed 60236K, reserved 1101824K
  class space    used 7439K, capacity 7953K, committed 8064K, reserved 1048576K
}
Event: 9.191 GC heap before
{Heap before GC invocations=10 (full 0):
 garbage-first heap   total 262144K, used 130281K [0x0000000080000000, 0x0000000100000000)
  region size 1024K, 86 young (88064K), 3 survivors (3072K)
 Metaspace       used 66071K, capacity 67609K, committed 67788K, reserved 1107968K
  class space    used 8635K, capacity 9214K, committed 9216K, reserved 1048576K
}
Event: 9.198 GC heap after
{Heap after GC invocations=11 (full 0):
 garbage-first heap   total 262144K, used 49099K [0x0000000080000000, 0x0000000100000000)
  region size 1024K, 7 young (7168K), 7 survivors (7168K)
 Metaspace       used 66071K, capacity 67609K, committed 67788K, reserved 1107968K
  class space    used 8635K, capacity 9214K, committed 9216K, reserved 1048576K
}
Event: 10.575 GC heap before
{Heap before GC invocations=11 (full 0):
 garbage-first heap   total 262144K, used 142283K [0x0000000080000000, 0x0000000100000000)
  region size 1024K, 99 young (101376K), 7 survivors (7168K)
 Metaspace       used 74998K, capacity 76878K, committed 77132K, reserved 1116160K
  class space    used 9845K, capacity 10540K, committed 10624K, reserved 1048576K
}
Event: 10.584 GC heap after
{Heap after GC invocations=12 (full 0):
 garbage-first heap   total 262144K, used 54890K [0x0000000080000000, 0x0000000100000000)
  region size 1024K, 12 young (12288K), 12 survivors (12288K)
 Metaspace       used 74998K, capacity 76878K, committed 77132K, reserved 1116160K
  class space    used 9845K, capacity 10540K, committed 10624K, reserved 1048576K
}
Event: 18.329 GC heap before
{Heap before GC invocations=12 (full 0):
 garbage-first heap   total 262144K, used 157290K [0x0000000080000000, 0x0000000100000000)
  region size 1024K, 111 young (113664K), 12 survivors (12288K)
 Metaspace       used 83403K, capacity 85514K, committed 85580K, reserved 1124352K
  class space    used 10879K, capacity 11630K, committed 11648K, reserved 1048576K
}
Event: 18.342 GC heap after
{Heap after GC invocations=13 (full 0):
 garbage-first heap   total 262144K, used 65399K [0x0000000080000000, 0x0000000100000000)
  region size 1024K, 14 young (14336K), 14 survivors (14336K)
 Metaspace       used 83403K, capacity 85514K, committed 85580K, reserved 1124352K
  class space    used 10879K, capacity 11630K, committed 11648K, reserved 1048576K
}
Event: 80.815 GC heap before
{Heap before GC invocations=13 (full 0):
 garbage-first heap   total 262144K, used 166775K [0x0000000080000000, 0x0000000100000000)
  region size 1024K, 114 young (116736K), 14 survivors (14336K)
 Metaspace       used 89453K, capacity 91850K, committed 92108K, reserved 1128448K
  class space    used 11387K, capacity 12237K, committed 12288K, reserved 1048576K
}
Event: 80.827 GC heap after
{Heap after GC invocations=14 (full 0):
 garbage-first heap   total 262144K, used 70278K [0x0000000080000000, 0x0000000100000000)
  region size 1024K, 7 young (7168K), 7 survivors (7168K)
 Metaspace       used 89453K, capacity 91850K, committed 92108K, reserved 1128448K
  class space    used 11387K, capacity 12237K, committed 12288K, reserved 1048576K
}
Event: 129.076 GC heap before
{Heap before GC invocations=14 (full 0):
 garbage-first heap   total 262144K, used 175750K [0x0000000080000000, 0x0000000100000000)
  region size 1024K, 109 young (111616K), 7 survivors (7168K)
 Metaspace       used 90727K, capacity 93125K, committed 93388K, reserved 1130496K
  class space    used 11407K, capacity 12259K, committed 12288K, reserved 1048576K
}
Event: 129.083 GC heap after
{Heap after GC invocations=15 (full 0):
 garbage-first heap   total 262144K, used 72108K [0x0000000080000000, 0x0000000100000000)
  region size 1024K, 7 young (7168K), 7 survivors (7168K)
 Metaspace       used 90727K, capacity 93125K, committed 93388K, reserved 1130496K
  class space    used 11407K, capacity 12259K, committed 12288K, reserved 1048576K
}
Event: 130.416 GC heap before
{Heap before GC invocations=15 (full 0):
 garbage-first heap   total 262144K, used 179628K [0x0000000080000000, 0x0000000100000000)
  region size 1024K, 112 young (114688K), 7 survivors (7168K)
 Metaspace       used 98004K, capacity 100809K, committed 101036K, reserved 1136640K
  class space    used 12523K, capacity 13550K, committed 13568K, reserved 1048576K
}
Event: 130.425 GC heap after
{Heap after GC invocations=16 (full 0):
 garbage-first heap   total 262144K, used 75641K [0x0000000080000000, 0x0000000100000000)
  region size 1024K, 10 young (10240K), 10 survivors (10240K)
 Metaspace       used 98004K, capacity 100809K, committed 101036K, reserved 1136640K
  class space    used 12523K, capacity 13550K, committed 13568K, reserved 1048576K
}

Deoptimization events (20 events):
Event: 130.645 Thread 0x000001bf7d9c0000 DEOPT PACKING pc=0x000001bf0826a870 sp=0x0000006a78efc200
Event: 130.646 Thread 0x000001bf7d9c0000 DEOPT UNPACKING pc=0x000001bf000274af sp=0x0000006a78efc1b0 mode 2
Event: 130.731 Thread 0x000001bf13d8b800 Uncommon trap: trap_request=0xffffff4d fr.pc=0x000001bf07f3e770 relative=0x0000000000000d50
Event: 130.731 Thread 0x000001bf13d8b800 Uncommon trap: reason=unstable_if action=reinterpret pc=0x000001bf07f3e770 method=com.google.common.collect.MapMakerInternalMap$Segment.drainKeyReferenceQueue(Ljava/lang/ref/ReferenceQueue;)V @ 8 c2
Event: 130.731 Thread 0x000001bf13d8b800 DEOPT PACKING pc=0x000001bf07f3e770 sp=0x0000006a77cfb750
Event: 130.731 Thread 0x000001bf13d8b800 DEOPT UNPACKING pc=0x000001bf000274af sp=0x0000006a77cfb650 mode 2
Event: 130.760 Thread 0x000001bf13d8b800 DEOPT PACKING pc=0x000001bf0210a0ac sp=0x0000006a77cfd1d0
Event: 130.760 Thread 0x000001bf13d8b800 DEOPT UNPACKING pc=0x000001bf000272ce sp=0x0000006a77cfc700 mode 0
Event: 130.760 Thread 0x000001bf13d8b800 DEOPT PACKING pc=0x000001bf0210c284 sp=0x0000006a77cfd2c0
Event: 130.760 Thread 0x000001bf13d8b800 DEOPT UNPACKING pc=0x000001bf000272ce sp=0x0000006a77cfc748 mode 0
Event: 130.770 Thread 0x000001bf13d8b800 Uncommon trap: trap_request=0xffffff4d fr.pc=0x000001bf07f2fa94 relative=0x00000000000007f4
Event: 130.770 Thread 0x000001bf13d8b800 Uncommon trap: reason=unstable_if action=reinterpret pc=0x000001bf07f2fa94 method=org.gradle.internal.snapshot.VfsRelativePath.compareToFirstSegment(Ljava/lang/String;Lorg/gradle/internal/snapshot/CaseSensitivity;)I @ 134 c2
Event: 130.770 Thread 0x000001bf13d8b800 DEOPT PACKING pc=0x000001bf07f2fa94 sp=0x0000006a77cfa300
Event: 130.770 Thread 0x000001bf13d8b800 DEOPT UNPACKING pc=0x000001bf000274af sp=0x0000006a77cfa280 mode 2
Event: 130.780 Thread 0x000001bf13d8b800 Uncommon trap: trap_request=0xffffffd6 fr.pc=0x000001bf07c7ab80 relative=0x00000000000007c0
Event: 130.780 Thread 0x000001bf13d8b800 Uncommon trap: reason=array_check action=maybe_recompile pc=0x000001bf07c7ab80 method=java.util.TimSort.binarySort([Ljava/lang/Object;IIILjava/util/Comparator;)V @ 193 c2
Event: 130.780 Thread 0x000001bf13d8b800 DEOPT PACKING pc=0x000001bf07c7ab80 sp=0x0000006a77cf81f0
Event: 130.780 Thread 0x000001bf13d8b800 DEOPT UNPACKING pc=0x000001bf000274af sp=0x0000006a77cf8198 mode 2
Event: 130.781 Thread 0x000001bf7d9c4000 DEOPT PACKING pc=0x000001bf015abaac sp=0x0000006a790fe9e0
Event: 130.781 Thread 0x000001bf7d9c4000 DEOPT UNPACKING pc=0x000001bf000272ce sp=0x0000006a790fdf98 mode 0

Classes redefined (0 events):
No events

Internal exceptions (20 events):
Event: 130.354 Thread 0x000001bf7d9bd800 Exception <a 'java/lang/NoSuchMethodError'{0x0000000089c87190}: 'long java.lang.invoke.DirectMethodHandle$Holder.invokeStatic(java.lang.Object, java.lang.Object)'> (0x0000000089c87190) thrown at [./src/hotspot/share/interpreter/linkResolver.cpp, line 773]
Event: 130.356 Thread 0x000001bf7d9bd800 Exception <a 'java/lang/NoSuchMethodError'{0x0000000089cce5f0}: 'void java.lang.invoke.DirectMethodHandle$Holder.invokeSpecial(java.lang.Object, java.lang.Object, int, java.lang.Object)'> (0x0000000089cce5f0) thrown at [./src/hotspot/share/interpreter/linkResolver.cpp, line 773]
Event: 130.356 Thread 0x000001bf7d9b9000 Exception <a 'java/lang/NoSuchMethodError'{0x0000000089cd0740}: 'void java.lang.invoke.DirectMethodHandle$Holder.invokeSpecial(java.lang.Object, java.lang.Object, int, java.lang.Object)'> (0x0000000089cd0740) thrown at [./src/hotspot/share/interpreter/linkResolver.cpp, line 773]
Event: 130.356 Thread 0x000001bf7d9c0000 Exception <a 'java/lang/NoSuchMethodError'{0x0000000089cc38b8}: 'void java.lang.invoke.DirectMethodHandle$Holder.invokeSpecial(java.lang.Object, java.lang.Object, int, java.lang.Object)'> (0x0000000089cc38b8) thrown at [./src/hotspot/share/interpreter/linkResolver.cpp, line 773]
Event: 130.398 Thread 0x000001bf7d9bd800 Exception <a 'java/lang/NoSuchMethodError'{0x00000000898852a8}: 'java.lang.Object java.lang.invoke.DirectMethodHandle$Holder.invokeVirtual(java.lang.Object, java.lang.Object, int, java.lang.Object)'> (0x00000000898852a8) thrown at [./src/hotspot/share/interpreter/linkResolver.cpp, line 773]
Event: 130.398 Thread 0x000001bf7d9b9000 Exception <a 'java/lang/NoSuchMethodError'{0x0000000089892850}: 'java.lang.Object java.lang.invoke.DirectMethodHandle$Holder.invokeVirtual(java.lang.Object, java.lang.Object, int, java.lang.Object)'> (0x0000000089892850) thrown at [./src/hotspot/share/interpreter/linkResolver.cpp, line 773]
Event: 130.398 Thread 0x000001bf7d9c0000 Exception <a 'java/lang/NoSuchMethodError'{0x00000000898999c0}: 'java.lang.Object java.lang.invoke.DirectMethodHandle$Holder.invokeVirtual(java.lang.Object, java.lang.Object, int, java.lang.Object)'> (0x00000000898999c0) thrown at [./src/hotspot/share/interpreter/linkResolver.cpp, line 773]
Event: 130.425 Thread 0x000001bf7d9c0000 Exception <a 'java/lang/NoSuchMethodError'{0x000000008ff1f760}: 'void java.lang.invoke.DirectMethodHandle$Holder.invokeVirtual(java.lang.Object, java.lang.Object, int, java.lang.Object)'> (0x000000008ff1f760) thrown at [./src/hotspot/share/interpreter/linkResolver.cpp, line 773]
Event: 130.488 Thread 0x000001bf7d9b9000 Exception <a 'java/lang/NoSuchMethodError'{0x000000008fc84650}: 'java.lang.Object java.lang.invoke.DirectMethodHandle$Holder.newInvokeSpecial(java.lang.Object, int)'> (0x000000008fc84650) thrown at [./src/hotspot/share/interpreter/linkResolver.cpp, line 773]
Event: 130.488 Thread 0x000001bf7d9c0000 Exception <a 'java/lang/NoSuchMethodError'{0x000000008fc2f0a0}: 'java.lang.Object java.lang.invoke.DirectMethodHandle$Holder.newInvokeSpecial(java.lang.Object, int)'> (0x000000008fc2f0a0) thrown at [./src/hotspot/share/interpreter/linkResolver.cpp, line 773]
Event: 130.596 Thread 0x000001bf7d9bd800 Exception <a 'java/lang/NoSuchMethodError'{0x000000008f3ffb20}: 'java.lang.Object java.lang.invoke.DirectMethodHandle$Holder.invokeSpecial(java.lang.Object, java.lang.Object, java.lang.Object, java.lang.Object, java.lang.Object, java.lang.Object, java.lang.Object, java.lang.Object, java.lang.Object, java.lang.Object)'> (0x000000008f3ffb20) thrown at [./src/hotspot/share/interpreter/linkResolver.cpp, line 773]
Event: 130.596 Thread 0x000001bf7d9bd800 Exception <a 'java/lang/NoSuchMethodError'{0x000000008f22ed48}: 'java.lang.Object java.lang.invoke.Invokers$Holder.linkToTargetMethod(java.lang.Object, java.lang.Object, java.lang.Object, java.lang.Object, java.lang.Object, java.lang.Object, java.lang.Object, java.lang.Object, java.lang.Object)'> (0x000000008f22ed48) thrown at [./src/hotspot/share/interpreter/linkResolver.cpp, line 773]
Event: 130.661 Thread 0x000001bf7d9bd800 Exception <a 'java/lang/NoSuchMethodError'{0x000000008eacbe50}: 'void java.lang.invoke.DirectMethodHandle$Holder.invokeVirtual(java.lang.Object, java.lang.Object, int)'> (0x000000008eacbe50) thrown at [./src/hotspot/share/interpreter/linkResolver.cpp, line 773]
Event: 130.678 Thread 0x000001bf7d9bd800 Exception <a 'sun/nio/fs/WindowsException'{0x000000008e78e2d0}> (0x000000008e78e2d0) thrown at [./src/hotspot/share/prims/jni.cpp, line 615]
Event: 130.689 Thread 0x000001bf7d9b9000 Exception <a 'sun/nio/fs/WindowsException'{0x000000008e5eae08}> (0x000000008e5eae08) thrown at [./src/hotspot/share/prims/jni.cpp, line 615]
Event: 130.693 Thread 0x000001bf7d9b9000 Exception <a 'sun/nio/fs/WindowsException'{0x000000008e487210}> (0x000000008e487210) thrown at [./src/hotspot/share/prims/jni.cpp, line 615]
Event: 130.698 Thread 0x000001bf7d9b9000 Exception <a 'sun/nio/fs/WindowsException'{0x000000008e3bcbc8}> (0x000000008e3bcbc8) thrown at [./src/hotspot/share/prims/jni.cpp, line 615]
Event: 130.712 Thread 0x000001bf7d9c0000 Exception <a 'sun/nio/fs/WindowsException'{0x000000008e29f1d8}> (0x000000008e29f1d8) thrown at [./src/hotspot/share/prims/jni.cpp, line 615]
Event: 130.718 Thread 0x000001bf7d9c0000 Exception <a 'sun/nio/fs/WindowsException'{0x000000008e10a570}> (0x000000008e10a570) thrown at [./src/hotspot/share/prims/jni.cpp, line 615]
Event: 130.780 Thread 0x000001bf13d8b800 Exception <a 'java/lang/NoSuchMethodError'{0x000000008e045f00}: <clinit>> (0x000000008e045f00) thrown at [./src/hotspot/share/prims/jni.cpp, line 1362]

Events (20 events):
Event: 130.807 loading class java/io/PushbackInputStream
Event: 130.807 loading class java/io/PushbackInputStream done
Event: 130.883 loading class com/android/builder/dexing/DexEntryBucket
Event: 130.883 loading class com/android/builder/dexing/DexEntryBucket done
Event: 130.884 loading class com/android/builder/dexing/DexEntryBucket$Companion
Event: 130.884 loading class com/android/builder/dexing/DexEntryBucket$Companion done
Event: 130.887 loading class com/android/build/gradle/internal/tasks/DexMergingWorkAction
Event: 130.887 loading class com/android/build/gradle/internal/tasks/DexMergingWorkAction done
Event: 130.888 loading class com/android/build/gradle/internal/tasks/DexMergingTaskDelegate$run$1$1
Event: 130.888 loading class com/android/build/gradle/internal/tasks/DexMergingTaskDelegate$run$1$1 done
Event: 130.888 loading class com/android/build/gradle/internal/tasks/DexMergingWorkAction$Params
Event: 130.888 loading class com/android/build/gradle/internal/tasks/DexMergingWorkAction$Params done
Event: 130.903 loading class com/android/builder/dexing/DexArchiveEntry
Event: 130.903 loading class com/android/builder/dexing/DexArchiveEntry done
Event: 130.904 loading class com/android/builder/dexing/DexArchives
Event: 130.904 loading class com/android/builder/dexing/DexArchives done
Event: 130.904 loading class com/android/builder/dexing/DexArchive
Event: 130.904 loading class com/android/builder/dexing/DexArchive done
Event: 130.904 loading class com/android/builder/dexing/DirDexArchive
Event: 130.904 loading class com/android/builder/dexing/DirDexArchive done


Dynamic libraries:
0x00007ff7ab480000 - 0x00007ff7ab48a000 	A:\Android\jre\bin\java.exe
0x00007ff815830000 - 0x00007ff815a25000 	C:\Windows\SYSTEM32\ntdll.dll
0x00007ff814080000 - 0x00007ff81413d000 	C:\Windows\System32\KERNEL32.DLL
0x00007ff813430000 - 0x00007ff8136f8000 	C:\Windows\System32\KERNELBASE.dll
0x00007ff8132b0000 - 0x00007ff8133b0000 	C:\Windows\System32\ucrtbase.dll
0x00007fffd3710000 - 0x00007fffd3727000 	A:\Android\jre\bin\VCRUNTIME140.dll
0x00007fffcf3f0000 - 0x00007fffcf409000 	A:\Android\jre\bin\jli.dll
0x00007ff813a70000 - 0x00007ff813c10000 	C:\Windows\System32\USER32.dll
0x00007ff802f60000 - 0x00007ff8031fa000 	C:\Windows\WinSxS\amd64_microsoft.windows.common-controls_6595b64144ccf1df_6.0.19041.844_none_ca00b6081b84eb1d\COMCTL32.dll
0x00007ff813700000 - 0x00007ff813722000 	C:\Windows\System32\win32u.dll
0x00007ff8141a0000 - 0x00007ff8141ca000 	C:\Windows\System32\GDI32.dll
0x00007ff813950000 - 0x00007ff8139ee000 	C:\Windows\System32\msvcrt.dll
0x00007ff812fa0000 - 0x00007ff8130ab000 	C:\Windows\System32\gdi32full.dll
0x00007ff813210000 - 0x00007ff8132ad000 	C:\Windows\System32\msvcp_win.dll
0x00007ff814140000 - 0x00007ff814170000 	C:\Windows\System32\IMM32.DLL
0x00007fffa5530000 - 0x00007fffa55cd000 	A:\Android\jre\bin\msvcp140.dll
0x00007fff8e300000 - 0x00007fff8edbc000 	A:\Android\jre\bin\server\jvm.dll
0x00007ff814fc0000 - 0x00007ff81506c000 	C:\Windows\System32\ADVAPI32.dll
0x00007ff8151a0000 - 0x00007ff81523b000 	C:\Windows\System32\sechost.dll
0x00007ff815070000 - 0x00007ff81519b000 	C:\Windows\System32\RPCRT4.dll
0x00007ff8155b0000 - 0x00007ff8155b8000 	C:\Windows\System32\PSAPI.DLL
0x00007ff8051b0000 - 0x00007ff8051d7000 	C:\Windows\SYSTEM32\WINMM.dll
0x00007ff80da20000 - 0x00007ff80da2a000 	C:\Windows\SYSTEM32\VERSION.dll
0x00007ff80eb50000 - 0x00007ff80eb59000 	C:\Windows\SYSTEM32\WSOCK32.dll
0x00007ff815540000 - 0x00007ff8155ab000 	C:\Windows\System32\WS2_32.dll
0x00007ff810ee0000 - 0x00007ff810ef2000 	C:\Windows\SYSTEM32\kernel.appcore.dll
0x00007ff80eb30000 - 0x00007ff80eb41000 	A:\Android\jre\bin\verify.dll
0x00007ffffd6a0000 - 0x00007ffffd884000 	C:\Windows\SYSTEM32\DBGHELP.DLL
0x00007ffffd290000 - 0x00007ffffd2bc000 	C:\Windows\SYSTEM32\dbgcore.DLL
0x00007ff8133b0000 - 0x00007ff813430000 	C:\Windows\System32\bcryptPrimitives.dll
0x00007ffff4610000 - 0x00007ffff4639000 	A:\Android\jre\bin\java.dll
0x00007ff8018b0000 - 0x00007ff8018bb000 	A:\Android\jre\bin\jimage.dll
0x00007ffff47c0000 - 0x00007ffff47d8000 	A:\Android\jre\bin\zip.dll
0x00007ff814870000 - 0x00007ff814fb2000 	C:\Windows\System32\SHELL32.dll
0x00007ff8110e0000 - 0x00007ff811870000 	C:\Windows\SYSTEM32\windows.storage.dll
0x00007ff8141d0000 - 0x00007ff814525000 	C:\Windows\System32\combase.dll
0x00007ff8129e0000 - 0x00007ff812a0c000 	C:\Windows\SYSTEM32\Wldp.dll
0x00007ff8155c0000 - 0x00007ff81566e000 	C:\Windows\System32\SHCORE.dll
0x00007ff8138f0000 - 0x00007ff813945000 	C:\Windows\System32\shlwapi.dll
0x00007ff812eb0000 - 0x00007ff812ecf000 	C:\Windows\SYSTEM32\profapi.dll
0x00007ffff45f0000 - 0x00007ffff460a000 	A:\Android\jre\bin\net.dll
0x00007ff80c810000 - 0x00007ff80c91b000 	C:\Windows\SYSTEM32\WINHTTP.dll
0x00007ff812750000 - 0x00007ff8127ba000 	C:\Windows\system32\mswsock.dll
0x00007ffff45d0000 - 0x00007ffff45e4000 	A:\Android\jre\bin\nio.dll
0x00007fffed730000 - 0x00007fffed757000 	C:\Users\erikm\.gradle\native\fdc75f09e3144964f2cf3f50f0aa648679c211496f362492102eb8c894070792\windows-amd64\native-platform.dll
0x00007fff94a60000 - 0x00007fff94bf6000 	C:\Users\erikm\.gradle\native\12488b8bf47d2d4c9fbf2f6322a914ad602e24e48041cd04a747c6da556b65c4\windows-amd64\native-platform-file-events.dll
0x00007ff801770000 - 0x00007ff80177a000 	A:\Android\jre\bin\management.dll
0x00007ff801740000 - 0x00007ff80174c000 	A:\Android\jre\bin\management_ext.dll
0x00007ff812930000 - 0x00007ff812948000 	C:\Windows\SYSTEM32\CRYPTSP.dll
0x00007ff812020000 - 0x00007ff812054000 	C:\Windows\system32\rsaenh.dll
0x00007ff812f70000 - 0x00007ff812f97000 	C:\Windows\System32\bcrypt.dll
0x00007ff812e70000 - 0x00007ff812e9e000 	C:\Windows\SYSTEM32\USERENV.dll
0x00007ff812920000 - 0x00007ff81292c000 	C:\Windows\SYSTEM32\CRYPTBASE.dll
0x00007ff8123d0000 - 0x00007ff81240b000 	C:\Windows\SYSTEM32\IPHLPAPI.DLL
0x00007ff814170000 - 0x00007ff814178000 	C:\Windows\System32\NSI.dll
0x00007ff80da70000 - 0x00007ff80da87000 	C:\Windows\SYSTEM32\dhcpcsvc6.DLL
0x00007ff80da50000 - 0x00007ff80da6d000 	C:\Windows\SYSTEM32\dhcpcsvc.DLL
0x00007ff812410000 - 0x00007ff8124dc000 	C:\Windows\SYSTEM32\DNSAPI.dll
0x00007ff80db10000 - 0x00007ff80db1b000 	C:\Windows\SYSTEM32\WINNSI.DLL

dbghelp: loaded successfully - version: 4.0.5 - missing functions: none
symbol engine: initialized successfully - sym options: 0x614 - pdb path: .;A:\Android\jre\bin;C:\Windows\SYSTEM32;C:\Windows\WinSxS\amd64_microsoft.windows.common-controls_6595b64144ccf1df_6.0.19041.844_none_ca00b6081b84eb1d;A:\Android\jre\bin\server;C:\Users\erikm\.gradle\native\fdc75f09e3144964f2cf3f50f0aa648679c211496f362492102eb8c894070792\windows-amd64;C:\Users\erikm\.gradle\native\12488b8bf47d2d4c9fbf2f6322a914ad602e24e48041cd04a747c6da556b65c4\windows-amd64

VM Arguments:
jvm_args: --add-opens=java.base/java.util=ALL-UNNAMED --add-opens=java.base/java.lang=ALL-UNNAMED --add-opens=java.base/java.lang.invoke=ALL-UNNAMED --add-opens=java.prefs/java.util.prefs=ALL-UNNAMED -Xmx2048m -Dfile.encoding=UTF-8 -Duser.country=US -Duser.language=en -Duser.variant 
java_command: org.gradle.launcher.daemon.bootstrap.GradleDaemon 6.7.1
java_class_path (initial): C:\Users\erikm\.gradle\wrapper\dists\gradle-6.7.1-bin\bwlcbys1h7rz3272sye1xwiv6\gradle-6.7.1\lib\gradle-launcher-6.7.1.jar
Launcher Type: SUN_STANDARD

[Global flags]
     intx CICompilerCount                          = 4                                         {product} {ergonomic}
     uint ConcGCThreads                            = 3                                         {product} {ergonomic}
     uint G1ConcRefinementThreads                  = 10                                        {product} {ergonomic}
   size_t G1HeapRegionSize                         = 1048576                                   {product} {ergonomic}
    uintx GCDrainStackTargetSize                   = 64                                        {product} {ergonomic}
   size_t InitialHeapSize                          = 268435456                                 {product} {ergonomic}
   size_t MarkStackSize                            = 4194304                                   {product} {ergonomic}
   size_t MaxHeapSize                              = 2147483648                                {product} {command line}
   size_t MaxNewSize                               = 1287651328                                {product} {ergonomic}
   size_t MinHeapDeltaBytes                        = 1048576                                   {product} {ergonomic}
    uintx NonNMethodCodeHeapSize                   = 5836300                                {pd product} {ergonomic}
    uintx NonProfiledCodeHeapSize                  = 122910970                              {pd product} {ergonomic}
    uintx ProfiledCodeHeapSize                     = 122910970                              {pd product} {ergonomic}
    uintx ReservedCodeCacheSize                    = 251658240                              {pd product} {ergonomic}
     bool SegmentedCodeCache                       = true                                      {product} {ergonomic}
     bool UseCompressedClassPointers               = true                                 {lp64_product} {ergonomic}
     bool UseCompressedOops                        = true                                 {lp64_product} {ergonomic}
     bool UseG1GC                                  = true                                      {product} {ergonomic}
     bool UseLargePagesIndividualAllocation        = false                                  {pd product} {ergonomic}

Logging:
Log output configuration:
 #0: stdout all=warning uptime,level,tags
 #1: stderr all=off uptime,level,tags

Environment Variables:
JAVA_HOME=C:\Program Files\Java\jdk-14.0.2
PATH=A:\VmWare\bin\;C:\Program Files (x86)\Common Files\Intel\Shared Libraries\redist\intel64\compiler;C:\Windows\system32;C:\Windows;C:\Windows\System32\Wbem;C:\Windows\System32\WindowsPowerShell\v1.0\;C:\Windows\System32\OpenSSH\;C:\Program Files\dotnet\;C:\Program Files\Java\jdk-14.0.2\bin;C:\Program Files\NVIDIA Corporation\NVIDIA NvDLISR;C:\Program Files (x86)\NVIDIA Corporation\PhysX\Common;C:\Users\erikm\AppData\Local\Programs\Python\Python38-32\;C:\ProgramData\chocolatey\bin;A:\Octave\Octave-5.2.0\mingw64\bin;C:\Program Files\Git\cmd;C:\Users\erikm\AppData\Local\Programs\Python\Python38-32\Scripts\;C:\Users\erikm\AppData\Local\Programs\Python\Python38-32\;C:\Users\erikm\AppData\Local\Microsoft\WindowsApps;C:\Users\erikm\.dotnet\tools;A:\JetBrains\Rider\JetBrains Rider 2021.1\bin;;C:\Users\erikm\AppData\Local\Programs\Microsoft VS Code\bin
USERNAME=Erik
OS=Windows_NT
PROCESSOR_IDENTIFIER=AMD64 Family 23 Model 8 Stepping 2, AuthenticAMD



---------------  S Y S T E M  ---------------

OS: Windows 10 , 64 bit Build 19041 (10.0.19041.928)
OS uptime: 0 days 5:53 hours

CPU:total 12 (initial active 12) (12 cores per cpu, 2 threads per core) family 23 model 8 stepping 2, cmov, cx8, fxsr, mmx, sse, sse2, sse3, ssse3, sse4.1, sse4.2, popcnt, avx, avx2, aes, clmul, mmxext, 3dnowpref, lzcnt, sse4a, ht, tsc, tscinvbit, tscinv, bmi1, bmi2, adx, sha, fma

Memory: 4k page, system-wide physical 16335M (3663M free)
TotalPageFile size 17359M (AvailPageFile size 8M)
current process WorkingSet (physical memory assigned to process): 542M, peak: 544M
current process commit charge ("private bytes"): 606M, peak: 611M

vm_info: OpenJDK 64-Bit Server VM (11.0.8+10-b944.6842174) for windows-amd64 JRE (11.0.8+10-b944.6842174), built on Sep 19 2020 01:11:42 by "builder" with MS VC++ 14.0 (VS2015)

END.
