#
# There is insufficient memory for the Java Runtime Environment to continue.
# Native memory allocation (malloc) failed to allocate 871376 bytes for Chunk::new
# Possible reasons:
#   The system is out of physical RAM or swap space
#   The process is running with CompressedOops enabled, and the Java Heap may be blocking the growth of the native heap
# Possible solutions:
#   Reduce memory load on the system
#   Increase physical memory or swap space
#   Check if swap backing store is full
#   Decrease Java heap size (-Xmx/-Xms)
#   Decrease number of Java threads
#   Decrease Java thread stack sizes (-Xss)
#   Set larger code cache with -XX:ReservedCodeCacheSize=
#   JVM is running with Unscaled Compressed Oops mode in which the Java heap is
#     placed in the first 4GB address space. The Java Heap base address is the
#     maximum limit for the native heap growth. Please use -XX:HeapBaseMinAddress
#     to set the Java Heap base and to place the Java Heap above 4GB virtual address.
# This output file may be truncated or incomplete.
#
#  Out of Memory Error (./src/hotspot/share/memory/arena.cpp:197), pid=16544, tid=4284
#
# JRE version: OpenJDK Runtime Environment (11.0.8+10) (build 11.0.8+10-b944.6842174)
# Java VM: OpenJDK 64-Bit Server VM (11.0.8+10-b944.6842174, mixed mode, tiered, compressed oops, g1 gc, windows-amd64)
# No core dump will be written. Minidumps are not enabled by default on client versions of Windows
#

---------------  S U M M A R Y ------------

Command Line: --add-opens=java.base/java.util=ALL-UNNAMED --add-opens=java.base/java.lang=ALL-UNNAMED --add-opens=java.base/java.lang.invoke=ALL-UNNAMED --add-opens=java.prefs/java.util.prefs=ALL-UNNAMED -Xmx2048m -Dfile.encoding=UTF-8 -Duser.country=US -Duser.language=en -Duser.variant org.gradle.launcher.daemon.bootstrap.GradleDaemon 6.7.1

Host: AMD Ryzen 5 2600 Six-Core Processor            , 12 cores, 15G,  Windows 10 , 64 bit Build 19041 (10.0.19041.928)
Time: Sat May 15 13:32:13 2021 SA Pacific Standard Time elapsed time: 4 seconds (0d 0h 0m 4s)

---------------  T H R E A D  ---------------

Current thread (0x000001d06ff26000):  JavaThread "C2 CompilerThread0" daemon [_thread_in_native, id=4284, stack(0x0000006165b00000,0x0000006165c00000)]


Current CompileTask:
C2:   4840 3156       4       org.objectweb.asm.Frame::execute (2318 bytes)

Stack: [0x0000006165b00000,0x0000006165c00000]
Native frames: (J=compiled Java code, j=interpreted, Vv=VM code, C=native code)
V  [jvm.dll+0x5de50a]
V  [jvm.dll+0x7122f5]
V  [jvm.dll+0x71384d]
V  [jvm.dll+0x713f03]
V  [jvm.dll+0x23e728]
V  [jvm.dll+0xb899c]
V  [jvm.dll+0xb8e9c]
V  [jvm.dll+0x2b20e4]
V  [jvm.dll+0x502098]
V  [jvm.dll+0x1f8df6]
V  [jvm.dll+0x1f685f]
V  [jvm.dll+0x17f32c]
V  [jvm.dll+0x205047]
V  [jvm.dll+0x203891]
V  [jvm.dll+0x6dad3f]
V  [jvm.dll+0x6d3895]
V  [jvm.dll+0x5dd4a6]
C  [ucrtbase.dll+0x21bb2]
C  [KERNEL32.DLL+0x17034]
C  [ntdll.dll+0x52651]


---------------  P R O C E S S  ---------------

Threads class SMR info:
_java_thread_list=0x000001d0729d6e90, length=31, elements={
0x000001d054f0c800, 0x000001d06fecb800, 0x000001d06fed4800, 0x000001d06ff22800,
0x000001d06ff25000, 0x000001d06ff26000, 0x000001d06ff2a000, 0x000001d06ff36800,
0x000001d0700a1000, 0x000001d0700bc800, 0x000001d072218000, 0x000001d070407800,
0x000001d0713d8800, 0x000001d07177c800, 0x000001d07177d800, 0x000001d0718e5000,
0x000001d071fce800, 0x000001d071fcf800, 0x000001d071825000, 0x000001d0726ab800,
0x000001d071fd0000, 0x000001d0718d6800, 0x000001d0718d7000, 0x000001d0718d5000,
0x000001d0718d1800, 0x000001d0718d3000, 0x000001d0718d8000, 0x000001d0718d2800,
0x000001d0718d5800, 0x000001d0718d4000, 0x000001d0748f5800
}

Java Threads: ( => current thread )
  0x000001d054f0c800 JavaThread "main" [_thread_blocked, id=3188, stack(0x0000006165000000,0x0000006165100000)]
  0x000001d06fecb800 JavaThread "Reference Handler" daemon [_thread_blocked, id=10272, stack(0x0000006165700000,0x0000006165800000)]
  0x000001d06fed4800 JavaThread "Finalizer" daemon [_thread_blocked, id=15056, stack(0x0000006165800000,0x0000006165900000)]
  0x000001d06ff22800 JavaThread "Signal Dispatcher" daemon [_thread_blocked, id=14532, stack(0x0000006165900000,0x0000006165a00000)]
  0x000001d06ff25000 JavaThread "Attach Listener" daemon [_thread_blocked, id=11604, stack(0x0000006165a00000,0x0000006165b00000)]
=>0x000001d06ff26000 JavaThread "C2 CompilerThread0" daemon [_thread_in_native, id=4284, stack(0x0000006165b00000,0x0000006165c00000)]
  0x000001d06ff2a000 JavaThread "C1 CompilerThread0" daemon [_thread_blocked, id=11732, stack(0x0000006165c00000,0x0000006165d00000)]
  0x000001d06ff36800 JavaThread "Sweeper thread" daemon [_thread_blocked, id=12996, stack(0x0000006165d00000,0x0000006165e00000)]
  0x000001d0700a1000 JavaThread "Common-Cleaner" daemon [_thread_blocked, id=14100, stack(0x0000006165e00000,0x0000006165f00000)]
  0x000001d0700bc800 JavaThread "Service Thread" daemon [_thread_blocked, id=12508, stack(0x0000006165f00000,0x0000006166000000)]
  0x000001d072218000 JavaThread "Daemon health stats" [_thread_blocked, id=14716, stack(0x0000006166800000,0x0000006166900000)]
  0x000001d070407800 JavaThread "Incoming local TCP Connector on port 53074" [_thread_in_native, id=8712, stack(0x0000006166900000,0x0000006166a00000)]
  0x000001d0713d8800 JavaThread "Daemon periodic checks" [_thread_blocked, id=7584, stack(0x0000006166a00000,0x0000006166b00000)]
  0x000001d07177c800 JavaThread "Daemon" [_thread_blocked, id=18004, stack(0x0000006166b00000,0x0000006166c00000)]
  0x000001d07177d800 JavaThread "Handler for socket connection from /127.0.0.1:53074 to /127.0.0.1:53075" [_thread_in_native, id=13820, stack(0x0000006166c00000,0x0000006166d00000)]
  0x000001d0718e5000 JavaThread "C2 CompilerThread1" daemon [_thread_in_native, id=9168, stack(0x0000006166d00000,0x0000006166e00000)]
  0x000001d071fce800 JavaThread "Cancel handler" [_thread_blocked, id=480, stack(0x0000006166e00000,0x0000006166f00000)]
  0x000001d071fcf800 JavaThread "Daemon worker" [_thread_in_vm, id=17620, stack(0x0000006166f00000,0x0000006167000000)]
  0x000001d071825000 JavaThread "Asynchronous log dispatcher for DefaultDaemonConnection: socket connection from /127.0.0.1:53074 to /127.0.0.1:53075" [_thread_blocked, id=12980, stack(0x0000006167000000,0x0000006167100000)]
  0x000001d0726ab800 JavaThread "Stdin handler" [_thread_blocked, id=15260, stack(0x0000006167100000,0x0000006167200000)]
  0x000001d071fd0000 JavaThread "Thread-8" [_thread_blocked, id=3332, stack(0x0000006167200000,0x0000006167300000)]
  0x000001d0718d6800 JavaThread "Cache worker for file hash cache (C:\Users\erikm\.gradle\caches\6.7.1\fileHashes)" [_thread_blocked, id=17272, stack(0x0000006167300000,0x0000006167400000)]
  0x000001d0718d7000 JavaThread "File lock request listener" [_thread_in_native, id=5000, stack(0x0000006167400000,0x0000006167500000)]
  0x000001d0718d5000 JavaThread "Cache worker for journal cache (C:\Users\erikm\.gradle\caches\journal-1)" [_thread_blocked, id=15292, stack(0x0000006167b00000,0x0000006167c00000)]
  0x000001d0718d1800 JavaThread "Cache worker for file hash cache (A:\AndroidApps\KafeeCar\.gradle\6.7.1\fileHashes)" [_thread_blocked, id=9704, stack(0x0000006167c00000,0x0000006167d00000)]
  0x000001d0718d3000 JavaThread "Cache worker for checksums cache (A:\AndroidApps\KafeeCar\.gradle\checksums)" [_thread_blocked, id=14608, stack(0x0000006167e00000,0x0000006167f00000)]
  0x000001d0718d8000 JavaThread "Cache worker for cache directory md-supplier (C:\Users\erikm\.gradle\caches\6.7.1\md-supplier)" [_thread_blocked, id=12488, stack(0x0000006167f00000,0x0000006168000000)]
  0x000001d0718d2800 JavaThread "Cache worker for cache directory md-rule (C:\Users\erikm\.gradle\caches\6.7.1\md-rule)" [_thread_blocked, id=10204, stack(0x0000006168000000,0x0000006168100000)]
  0x000001d0718d5800 JavaThread "Cache worker for execution history cache (C:\Users\erikm\.gradle\caches\6.7.1\executionHistory)" [_thread_blocked, id=10308, stack(0x0000006168100000,0x0000006168200000)]
  0x000001d0718d4000 JavaThread "jar transforms" [_thread_blocked, id=16488, stack(0x0000006167d00000,0x0000006167e00000)]
  0x000001d0748f5800 JavaThread "Cache worker for file content cache (C:\Users\erikm\.gradle\caches\6.7.1\fileContent)" [_thread_blocked, id=16464, stack(0x0000006168200000,0x0000006168300000)]

Other Threads:
  0x000001d06fec7000 VMThread "VM Thread" [stack: 0x0000006165600000,0x0000006165700000] [id=11580]
  0x000001d0700c1800 WatcherThread [stack: 0x0000006166000000,0x0000006166100000] [id=12256]
  0x000001d054f26000 GCTaskThread "GC Thread#0" [stack: 0x0000006165100000,0x0000006165200000] [id=14024]
  0x000001d070e02000 GCTaskThread "GC Thread#1" [stack: 0x0000006166300000,0x0000006166400000] [id=10136]
  0x000001d070e03000 GCTaskThread "GC Thread#2" [stack: 0x0000006166400000,0x0000006166500000] [id=16208]
  0x000001d070fa1000 GCTaskThread "GC Thread#3" [stack: 0x0000006166500000,0x0000006166600000] [id=15052]
  0x000001d070c05800 GCTaskThread "GC Thread#4" [stack: 0x0000006166600000,0x0000006166700000] [id=2264]
  0x000001d070c06000 GCTaskThread "GC Thread#5" [stack: 0x0000006166700000,0x0000006166800000] [id=2244]
  0x000001d07150f800 GCTaskThread "GC Thread#6" [stack: 0x0000006167500000,0x0000006167600000] [id=6944]
  0x000001d0718d0800 GCTaskThread "GC Thread#7" [stack: 0x0000006167600000,0x0000006167700000] [id=17676]
  0x000001d072429800 GCTaskThread "GC Thread#8" [stack: 0x0000006167700000,0x0000006167800000] [id=1768]
  0x000001d07181a000 GCTaskThread "GC Thread#9" [stack: 0x0000006167800000,0x0000006167900000] [id=5260]
  0x000001d054f56800 ConcurrentGCThread "G1 Main Marker" [stack: 0x0000006165200000,0x0000006165300000] [id=3160]
  0x000001d054f59000 ConcurrentGCThread "G1 Conc#0" [stack: 0x0000006165300000,0x0000006165400000] [id=13764]
  0x000001d0718e3800 ConcurrentGCThread "G1 Conc#1" [stack: 0x0000006167900000,0x0000006167a00000] [id=10332]
  0x000001d072826000 ConcurrentGCThread "G1 Conc#2" [stack: 0x0000006167a00000,0x0000006167b00000] [id=11628]
  0x000001d06f510800 ConcurrentGCThread "G1 Refine#0" [stack: 0x0000006165400000,0x0000006165500000] [id=3924]
  0x000001d06f511000 ConcurrentGCThread "G1 Young RemSet Sampling" [stack: 0x0000006165500000,0x0000006165600000] [id=7896]

Threads with active compile tasks:
C2 CompilerThread0   4873 3156       4       org.objectweb.asm.Frame::execute (2318 bytes)
C1 CompilerThread0   4873 3202       3       org.objectweb.asm.ByteVector::enlarge (51 bytes)
C2 CompilerThread1   4873 3088       4       groovy.lang.MetaClassImpl$1MOPIter::methodNameAction (325 bytes)

VM state:not at safepoint (normal execution)

VM Mutex/Monitor currently owned by a thread: None

Heap address: 0x0000000080000000, size: 2048 MB, Compressed Oops mode: 32-bit
Narrow klass base: 0x0000000000000000, Narrow klass shift: 3
Compressed class space size: 1073741824 Address: 0x0000000100000000

Heap:
 garbage-first heap   total 262144K, used 26327K [0x0000000080000000, 0x0000000100000000)
  region size 1024K, 12 young (12288K), 9 survivors (9216K)
 Metaspace       used 40599K, capacity 41498K, committed 41548K, reserved 1093632K
  class space    used 5190K, capacity 5501K, committed 5504K, reserved 1048576K
Heap Regions: E=young(eden), S=young(survivor), O=old, HS=humongous(starts), HC=humongous(continues), CS=collection set, F=free, A=archive, TAMS=top-at-mark-start (previous, next)
|   0|0x0000000080000000, 0x0000000080100000, 0x0000000080100000|100%| O|  |TAMS 0x0000000080100000, 0x0000000080000000| Untracked 
|   1|0x0000000080100000, 0x0000000080200000, 0x0000000080200000|100%| O|  |TAMS 0x0000000080200000, 0x0000000080100000| Untracked 
|   2|0x0000000080200000, 0x0000000080300000, 0x0000000080300000|100%| O|  |TAMS 0x0000000080300000, 0x0000000080200000| Untracked 
|   3|0x0000000080300000, 0x0000000080400000, 0x0000000080400000|100%|HS|  |TAMS 0x0000000080400000, 0x0000000080300000| Complete 
|   4|0x0000000080400000, 0x0000000080500000, 0x0000000080500000|100%|HC|  |TAMS 0x0000000080500000, 0x0000000080400000| Complete 
|   5|0x0000000080500000, 0x0000000080600000, 0x0000000080600000|100%|HC|  |TAMS 0x0000000080600000, 0x0000000080500000| Complete 
|   6|0x0000000080600000, 0x0000000080700000, 0x0000000080700000|100%| O|  |TAMS 0x0000000080700000, 0x0000000080600000| Untracked 
|   7|0x0000000080700000, 0x0000000080800000, 0x0000000080800000|100%| O|  |TAMS 0x0000000080800000, 0x0000000080700000| Untracked 
|   8|0x0000000080800000, 0x0000000080900000, 0x0000000080900000|100%| O|  |TAMS 0x0000000080900000, 0x0000000080800000| Untracked 
|   9|0x0000000080900000, 0x0000000080a00000, 0x0000000080a00000|100%| O|  |TAMS 0x0000000080a00000, 0x0000000080900000| Untracked 
|  10|0x0000000080a00000, 0x0000000080b00000, 0x0000000080b00000|100%| O|  |TAMS 0x0000000080b00000, 0x0000000080a00000| Untracked 
|  11|0x0000000080b00000, 0x0000000080c00000, 0x0000000080c00000|100%| O|  |TAMS 0x0000000080c00000, 0x0000000080b00000| Untracked 
|  12|0x0000000080c00000, 0x0000000080d00000, 0x0000000080d00000|100%| O|  |TAMS 0x0000000080d00000, 0x0000000080c00000| Untracked 
|  13|0x0000000080d00000, 0x0000000080e00000, 0x0000000080e00000|100%| O|  |TAMS 0x0000000080e00000, 0x0000000080d00000| Untracked 
|  14|0x0000000080e00000, 0x0000000080f00000, 0x0000000080f00000|100%| O|  |TAMS 0x0000000080f00000, 0x0000000080e00000| Untracked 
|  15|0x0000000080f00000, 0x0000000080f8b200, 0x0000000081000000| 54%| O|  |TAMS 0x0000000080f8b200, 0x0000000080f00000| Untracked 
|  16|0x0000000081000000, 0x0000000081000000, 0x0000000081100000|  0%| F|  |TAMS 0x0000000081000000, 0x0000000081000000| Untracked 
|  17|0x0000000081100000, 0x0000000081100000, 0x0000000081200000|  0%| F|  |TAMS 0x0000000081100000, 0x0000000081100000| Untracked 
|  18|0x0000000081200000, 0x0000000081200000, 0x0000000081300000|  0%| F|  |TAMS 0x0000000081200000, 0x0000000081200000| Untracked 
|  19|0x0000000081300000, 0x0000000081300000, 0x0000000081400000|  0%| F|  |TAMS 0x0000000081300000, 0x0000000081300000| Untracked 
|  20|0x0000000081400000, 0x0000000081400000, 0x0000000081500000|  0%| F|  |TAMS 0x0000000081400000, 0x0000000081400000| Untracked 
|  21|0x0000000081500000, 0x0000000081500000, 0x0000000081600000|  0%| F|  |TAMS 0x0000000081500000, 0x0000000081500000| Untracked 
|  22|0x0000000081600000, 0x0000000081600000, 0x0000000081700000|  0%| F|  |TAMS 0x0000000081600000, 0x0000000081600000| Untracked 
|  23|0x0000000081700000, 0x0000000081700000, 0x0000000081800000|  0%| F|  |TAMS 0x0000000081700000, 0x0000000081700000| Untracked 
|  24|0x0000000081800000, 0x0000000081800000, 0x0000000081900000|  0%| F|  |TAMS 0x0000000081800000, 0x0000000081800000| Untracked 
|  25|0x0000000081900000, 0x0000000081900000, 0x0000000081a00000|  0%| F|  |TAMS 0x0000000081900000, 0x0000000081900000| Untracked 
|  26|0x0000000081a00000, 0x0000000081a00000, 0x0000000081b00000|  0%| F|  |TAMS 0x0000000081a00000, 0x0000000081a00000| Untracked 
|  27|0x0000000081b00000, 0x0000000081b00000, 0x0000000081c00000|  0%| F|  |TAMS 0x0000000081b00000, 0x0000000081b00000| Untracked 
|  28|0x0000000081c00000, 0x0000000081c00000, 0x0000000081d00000|  0%| F|  |TAMS 0x0000000081c00000, 0x0000000081c00000| Untracked 
|  29|0x0000000081d00000, 0x0000000081d00000, 0x0000000081e00000|  0%| F|  |TAMS 0x0000000081d00000, 0x0000000081d00000| Untracked 
|  30|0x0000000081e00000, 0x0000000081e00000, 0x0000000081f00000|  0%| F|  |TAMS 0x0000000081e00000, 0x0000000081e00000| Untracked 
|  31|0x0000000081f00000, 0x0000000081f00000, 0x0000000082000000|  0%| F|  |TAMS 0x0000000081f00000, 0x0000000081f00000| Untracked 
|  32|0x0000000082000000, 0x0000000082000000, 0x0000000082100000|  0%| F|  |TAMS 0x0000000082000000, 0x0000000082000000| Untracked 
|  33|0x0000000082100000, 0x0000000082100000, 0x0000000082200000|  0%| F|  |TAMS 0x0000000082100000, 0x0000000082100000| Untracked 
|  34|0x0000000082200000, 0x0000000082200000, 0x0000000082300000|  0%| F|  |TAMS 0x0000000082200000, 0x0000000082200000| Untracked 
|  35|0x0000000082300000, 0x0000000082300000, 0x0000000082400000|  0%| F|  |TAMS 0x0000000082300000, 0x0000000082300000| Untracked 
|  36|0x0000000082400000, 0x0000000082400000, 0x0000000082500000|  0%| F|  |TAMS 0x0000000082400000, 0x0000000082400000| Untracked 
|  37|0x0000000082500000, 0x0000000082500000, 0x0000000082600000|  0%| F|  |TAMS 0x0000000082500000, 0x0000000082500000| Untracked 
|  38|0x0000000082600000, 0x0000000082600000, 0x0000000082700000|  0%| F|  |TAMS 0x0000000082600000, 0x0000000082600000| Untracked 
|  39|0x0000000082700000, 0x0000000082700000, 0x0000000082800000|  0%| F|  |TAMS 0x0000000082700000, 0x0000000082700000| Untracked 
|  40|0x0000000082800000, 0x0000000082800000, 0x0000000082900000|  0%| F|  |TAMS 0x0000000082800000, 0x0000000082800000| Untracked 
|  41|0x0000000082900000, 0x0000000082900000, 0x0000000082a00000|  0%| F|  |TAMS 0x0000000082900000, 0x0000000082900000| Untracked 
|  42|0x0000000082a00000, 0x0000000082a00000, 0x0000000082b00000|  0%| F|  |TAMS 0x0000000082a00000, 0x0000000082a00000| Untracked 
|  43|0x0000000082b00000, 0x0000000082b00000, 0x0000000082c00000|  0%| F|  |TAMS 0x0000000082b00000, 0x0000000082b00000| Untracked 
|  44|0x0000000082c00000, 0x0000000082c00000, 0x0000000082d00000|  0%| F|  |TAMS 0x0000000082c00000, 0x0000000082c00000| Untracked 
|  45|0x0000000082d00000, 0x0000000082d00000, 0x0000000082e00000|  0%| F|  |TAMS 0x0000000082d00000, 0x0000000082d00000| Untracked 
|  46|0x0000000082e00000, 0x0000000082e00000, 0x0000000082f00000|  0%| F|  |TAMS 0x0000000082e00000, 0x0000000082e00000| Untracked 
|  47|0x0000000082f00000, 0x0000000082f00000, 0x0000000083000000|  0%| F|  |TAMS 0x0000000082f00000, 0x0000000082f00000| Untracked 
|  48|0x0000000083000000, 0x0000000083000000, 0x0000000083100000|  0%| F|  |TAMS 0x0000000083000000, 0x0000000083000000| Untracked 
|  49|0x0000000083100000, 0x0000000083100000, 0x0000000083200000|  0%| F|  |TAMS 0x0000000083100000, 0x0000000083100000| Untracked 
|  50|0x0000000083200000, 0x0000000083200000, 0x0000000083300000|  0%| F|  |TAMS 0x0000000083200000, 0x0000000083200000| Untracked 
|  51|0x0000000083300000, 0x0000000083300000, 0x0000000083400000|  0%| F|  |TAMS 0x0000000083300000, 0x0000000083300000| Untracked 
|  52|0x0000000083400000, 0x0000000083400000, 0x0000000083500000|  0%| F|  |TAMS 0x0000000083400000, 0x0000000083400000| Untracked 
|  53|0x0000000083500000, 0x0000000083500000, 0x0000000083600000|  0%| F|  |TAMS 0x0000000083500000, 0x0000000083500000| Untracked 
|  54|0x0000000083600000, 0x0000000083600000, 0x0000000083700000|  0%| F|  |TAMS 0x0000000083600000, 0x0000000083600000| Untracked 
|  55|0x0000000083700000, 0x0000000083700000, 0x0000000083800000|  0%| F|  |TAMS 0x0000000083700000, 0x0000000083700000| Untracked 
|  56|0x0000000083800000, 0x0000000083800000, 0x0000000083900000|  0%| F|  |TAMS 0x0000000083800000, 0x0000000083800000| Untracked 
|  57|0x0000000083900000, 0x0000000083900000, 0x0000000083a00000|  0%| F|  |TAMS 0x0000000083900000, 0x0000000083900000| Untracked 
|  58|0x0000000083a00000, 0x0000000083a00000, 0x0000000083b00000|  0%| F|  |TAMS 0x0000000083a00000, 0x0000000083a00000| Untracked 
|  59|0x0000000083b00000, 0x0000000083b00000, 0x0000000083c00000|  0%| F|  |TAMS 0x0000000083b00000, 0x0000000083b00000| Untracked 
|  60|0x0000000083c00000, 0x0000000083c00000, 0x0000000083d00000|  0%| F|  |TAMS 0x0000000083c00000, 0x0000000083c00000| Untracked 
|  61|0x0000000083d00000, 0x0000000083d00000, 0x0000000083e00000|  0%| F|  |TAMS 0x0000000083d00000, 0x0000000083d00000| Untracked 
|  62|0x0000000083e00000, 0x0000000083e00000, 0x0000000083f00000|  0%| F|  |TAMS 0x0000000083e00000, 0x0000000083e00000| Untracked 
|  63|0x0000000083f00000, 0x0000000083f00000, 0x0000000084000000|  0%| F|  |TAMS 0x0000000083f00000, 0x0000000083f00000| Untracked 
|  64|0x0000000084000000, 0x0000000084000000, 0x0000000084100000|  0%| F|  |TAMS 0x0000000084000000, 0x0000000084000000| Untracked 
|  65|0x0000000084100000, 0x0000000084100000, 0x0000000084200000|  0%| F|  |TAMS 0x0000000084100000, 0x0000000084100000| Untracked 
|  66|0x0000000084200000, 0x0000000084200000, 0x0000000084300000|  0%| F|  |TAMS 0x0000000084200000, 0x0000000084200000| Untracked 
|  67|0x0000000084300000, 0x0000000084300000, 0x0000000084400000|  0%| F|  |TAMS 0x0000000084300000, 0x0000000084300000| Untracked 
|  68|0x0000000084400000, 0x0000000084400000, 0x0000000084500000|  0%| F|  |TAMS 0x0000000084400000, 0x0000000084400000| Untracked 
|  69|0x0000000084500000, 0x0000000084500000, 0x0000000084600000|  0%| F|  |TAMS 0x0000000084500000, 0x0000000084500000| Untracked 
|  70|0x0000000084600000, 0x0000000084600000, 0x0000000084700000|  0%| F|  |TAMS 0x0000000084600000, 0x0000000084600000| Untracked 
|  71|0x0000000084700000, 0x0000000084700000, 0x0000000084800000|  0%| F|  |TAMS 0x0000000084700000, 0x0000000084700000| Untracked 
|  72|0x0000000084800000, 0x0000000084800000, 0x0000000084900000|  0%| F|  |TAMS 0x0000000084800000, 0x0000000084800000| Untracked 
|  73|0x0000000084900000, 0x0000000084900000, 0x0000000084a00000|  0%| F|  |TAMS 0x0000000084900000, 0x0000000084900000| Untracked 
|  74|0x0000000084a00000, 0x0000000084a00000, 0x0000000084b00000|  0%| F|  |TAMS 0x0000000084a00000, 0x0000000084a00000| Untracked 
|  75|0x0000000084b00000, 0x0000000084b00000, 0x0000000084c00000|  0%| F|  |TAMS 0x0000000084b00000, 0x0000000084b00000| Untracked 
|  76|0x0000000084c00000, 0x0000000084c00000, 0x0000000084d00000|  0%| F|  |TAMS 0x0000000084c00000, 0x0000000084c00000| Untracked 
|  77|0x0000000084d00000, 0x0000000084d00000, 0x0000000084e00000|  0%| F|  |TAMS 0x0000000084d00000, 0x0000000084d00000| Untracked 
|  78|0x0000000084e00000, 0x0000000084e00000, 0x0000000084f00000|  0%| F|  |TAMS 0x0000000084e00000, 0x0000000084e00000| Untracked 
|  79|0x0000000084f00000, 0x0000000084f00000, 0x0000000085000000|  0%| F|  |TAMS 0x0000000084f00000, 0x0000000084f00000| Untracked 
|  80|0x0000000085000000, 0x0000000085000000, 0x0000000085100000|  0%| F|  |TAMS 0x0000000085000000, 0x0000000085000000| Untracked 
|  81|0x0000000085100000, 0x0000000085100000, 0x0000000085200000|  0%| F|  |TAMS 0x0000000085100000, 0x0000000085100000| Untracked 
|  82|0x0000000085200000, 0x0000000085200000, 0x0000000085300000|  0%| F|  |TAMS 0x0000000085200000, 0x0000000085200000| Untracked 
|  83|0x0000000085300000, 0x0000000085300000, 0x0000000085400000|  0%| F|  |TAMS 0x0000000085300000, 0x0000000085300000| Untracked 
|  84|0x0000000085400000, 0x0000000085400000, 0x0000000085500000|  0%| F|  |TAMS 0x0000000085400000, 0x0000000085400000| Untracked 
|  85|0x0000000085500000, 0x0000000085500000, 0x0000000085600000|  0%| F|  |TAMS 0x0000000085500000, 0x0000000085500000| Untracked 
|  86|0x0000000085600000, 0x0000000085600000, 0x0000000085700000|  0%| F|  |TAMS 0x0000000085600000, 0x0000000085600000| Untracked 
|  87|0x0000000085700000, 0x0000000085700000, 0x0000000085800000|  0%| F|  |TAMS 0x0000000085700000, 0x0000000085700000| Untracked 
|  88|0x0000000085800000, 0x0000000085800000, 0x0000000085900000|  0%| F|  |TAMS 0x0000000085800000, 0x0000000085800000| Untracked 
|  89|0x0000000085900000, 0x0000000085900000, 0x0000000085a00000|  0%| F|  |TAMS 0x0000000085900000, 0x0000000085900000| Untracked 
|  90|0x0000000085a00000, 0x0000000085a00000, 0x0000000085b00000|  0%| F|  |TAMS 0x0000000085a00000, 0x0000000085a00000| Untracked 
|  91|0x0000000085b00000, 0x0000000085b00000, 0x0000000085c00000|  0%| F|  |TAMS 0x0000000085b00000, 0x0000000085b00000| Untracked 
|  92|0x0000000085c00000, 0x0000000085c00000, 0x0000000085d00000|  0%| F|  |TAMS 0x0000000085c00000, 0x0000000085c00000| Untracked 
|  93|0x0000000085d00000, 0x0000000085d00000, 0x0000000085e00000|  0%| F|  |TAMS 0x0000000085d00000, 0x0000000085d00000| Untracked 
|  94|0x0000000085e00000, 0x0000000085e00000, 0x0000000085f00000|  0%| F|  |TAMS 0x0000000085e00000, 0x0000000085e00000| Untracked 
|  95|0x0000000085f00000, 0x0000000085f00000, 0x0000000086000000|  0%| F|  |TAMS 0x0000000085f00000, 0x0000000085f00000| Untracked 
|  96|0x0000000086000000, 0x0000000086000000, 0x0000000086100000|  0%| F|  |TAMS 0x0000000086000000, 0x0000000086000000| Untracked 
|  97|0x0000000086100000, 0x0000000086100000, 0x0000000086200000|  0%| F|  |TAMS 0x0000000086100000, 0x0000000086100000| Untracked 
|  98|0x0000000086200000, 0x0000000086200000, 0x0000000086300000|  0%| F|  |TAMS 0x0000000086200000, 0x0000000086200000| Untracked 
|  99|0x0000000086300000, 0x0000000086300000, 0x0000000086400000|  0%| F|  |TAMS 0x0000000086300000, 0x0000000086300000| Untracked 
| 100|0x0000000086400000, 0x0000000086400000, 0x0000000086500000|  0%| F|  |TAMS 0x0000000086400000, 0x0000000086400000| Untracked 
| 101|0x0000000086500000, 0x0000000086500000, 0x0000000086600000|  0%| F|  |TAMS 0x0000000086500000, 0x0000000086500000| Untracked 
| 102|0x0000000086600000, 0x0000000086600000, 0x0000000086700000|  0%| F|  |TAMS 0x0000000086600000, 0x0000000086600000| Untracked 
| 103|0x0000000086700000, 0x0000000086700000, 0x0000000086800000|  0%| F|  |TAMS 0x0000000086700000, 0x0000000086700000| Untracked 
| 104|0x0000000086800000, 0x0000000086800000, 0x0000000086900000|  0%| F|  |TAMS 0x0000000086800000, 0x0000000086800000| Untracked 
| 105|0x0000000086900000, 0x0000000086900000, 0x0000000086a00000|  0%| F|  |TAMS 0x0000000086900000, 0x0000000086900000| Untracked 
| 106|0x0000000086a00000, 0x0000000086a00000, 0x0000000086b00000|  0%| F|  |TAMS 0x0000000086a00000, 0x0000000086a00000| Untracked 
| 107|0x0000000086b00000, 0x0000000086b00000, 0x0000000086c00000|  0%| F|  |TAMS 0x0000000086b00000, 0x0000000086b00000| Untracked 
| 108|0x0000000086c00000, 0x0000000086c00000, 0x0000000086d00000|  0%| F|  |TAMS 0x0000000086c00000, 0x0000000086c00000| Untracked 
| 109|0x0000000086d00000, 0x0000000086d00000, 0x0000000086e00000|  0%| F|  |TAMS 0x0000000086d00000, 0x0000000086d00000| Untracked 
| 110|0x0000000086e00000, 0x0000000086e00000, 0x0000000086f00000|  0%| F|  |TAMS 0x0000000086e00000, 0x0000000086e00000| Untracked 
| 111|0x0000000086f00000, 0x0000000086f00000, 0x0000000087000000|  0%| F|  |TAMS 0x0000000086f00000, 0x0000000086f00000| Untracked 
| 112|0x0000000087000000, 0x0000000087000000, 0x0000000087100000|  0%| F|  |TAMS 0x0000000087000000, 0x0000000087000000| Untracked 
| 113|0x0000000087100000, 0x0000000087100000, 0x0000000087200000|  0%| F|  |TAMS 0x0000000087100000, 0x0000000087100000| Untracked 
| 114|0x0000000087200000, 0x0000000087200000, 0x0000000087300000|  0%| F|  |TAMS 0x0000000087200000, 0x0000000087200000| Untracked 
| 115|0x0000000087300000, 0x0000000087300000, 0x0000000087400000|  0%| F|  |TAMS 0x0000000087300000, 0x0000000087300000| Untracked 
| 116|0x0000000087400000, 0x0000000087400000, 0x0000000087500000|  0%| F|  |TAMS 0x0000000087400000, 0x0000000087400000| Untracked 
| 117|0x0000000087500000, 0x0000000087500000, 0x0000000087600000|  0%| F|  |TAMS 0x0000000087500000, 0x0000000087500000| Untracked 
| 118|0x0000000087600000, 0x0000000087600000, 0x0000000087700000|  0%| F|  |TAMS 0x0000000087600000, 0x0000000087600000| Untracked 
| 119|0x0000000087700000, 0x0000000087700000, 0x0000000087800000|  0%| F|  |TAMS 0x0000000087700000, 0x0000000087700000| Untracked 
| 120|0x0000000087800000, 0x0000000087800000, 0x0000000087900000|  0%| F|  |TAMS 0x0000000087800000, 0x0000000087800000| Untracked 
| 121|0x0000000087900000, 0x0000000087900000, 0x0000000087a00000|  0%| F|  |TAMS 0x0000000087900000, 0x0000000087900000| Untracked 
| 122|0x0000000087a00000, 0x0000000087a00000, 0x0000000087b00000|  0%| F|  |TAMS 0x0000000087a00000, 0x0000000087a00000| Untracked 
| 123|0x0000000087b00000, 0x0000000087b00000, 0x0000000087c00000|  0%| F|  |TAMS 0x0000000087b00000, 0x0000000087b00000| Untracked 
| 124|0x0000000087c00000, 0x0000000087c00000, 0x0000000087d00000|  0%| F|  |TAMS 0x0000000087c00000, 0x0000000087c00000| Untracked 
| 125|0x0000000087d00000, 0x0000000087d00000, 0x0000000087e00000|  0%| F|  |TAMS 0x0000000087d00000, 0x0000000087d00000| Untracked 
| 126|0x0000000087e00000, 0x0000000087e00000, 0x0000000087f00000|  0%| F|  |TAMS 0x0000000087e00000, 0x0000000087e00000| Untracked 
| 127|0x0000000087f00000, 0x0000000087f00000, 0x0000000088000000|  0%| F|  |TAMS 0x0000000087f00000, 0x0000000087f00000| Untracked 
| 128|0x0000000088000000, 0x0000000088000000, 0x0000000088100000|  0%| F|  |TAMS 0x0000000088000000, 0x0000000088000000| Untracked 
| 129|0x0000000088100000, 0x0000000088100000, 0x0000000088200000|  0%| F|  |TAMS 0x0000000088100000, 0x0000000088100000| Untracked 
| 130|0x0000000088200000, 0x0000000088200000, 0x0000000088300000|  0%| F|  |TAMS 0x0000000088200000, 0x0000000088200000| Untracked 
| 131|0x0000000088300000, 0x0000000088300000, 0x0000000088400000|  0%| F|  |TAMS 0x0000000088300000, 0x0000000088300000| Untracked 
| 132|0x0000000088400000, 0x0000000088400000, 0x0000000088500000|  0%| F|  |TAMS 0x0000000088400000, 0x0000000088400000| Untracked 
| 133|0x0000000088500000, 0x0000000088500000, 0x0000000088600000|  0%| F|  |TAMS 0x0000000088500000, 0x0000000088500000| Untracked 
| 134|0x0000000088600000, 0x0000000088600000, 0x0000000088700000|  0%| F|  |TAMS 0x0000000088600000, 0x0000000088600000| Untracked 
| 135|0x0000000088700000, 0x0000000088700000, 0x0000000088800000|  0%| F|  |TAMS 0x0000000088700000, 0x0000000088700000| Untracked 
| 136|0x0000000088800000, 0x0000000088800000, 0x0000000088900000|  0%| F|  |TAMS 0x0000000088800000, 0x0000000088800000| Untracked 
| 137|0x0000000088900000, 0x0000000088900000, 0x0000000088a00000|  0%| F|  |TAMS 0x0000000088900000, 0x0000000088900000| Untracked 
| 138|0x0000000088a00000, 0x0000000088a00000, 0x0000000088b00000|  0%| F|  |TAMS 0x0000000088a00000, 0x0000000088a00000| Untracked 
| 139|0x0000000088b00000, 0x0000000088b00000, 0x0000000088c00000|  0%| F|  |TAMS 0x0000000088b00000, 0x0000000088b00000| Untracked 
| 140|0x0000000088c00000, 0x0000000088c00000, 0x0000000088d00000|  0%| F|  |TAMS 0x0000000088c00000, 0x0000000088c00000| Untracked 
| 141|0x0000000088d00000, 0x0000000088d00000, 0x0000000088e00000|  0%| F|  |TAMS 0x0000000088d00000, 0x0000000088d00000| Untracked 
| 142|0x0000000088e00000, 0x0000000088e00000, 0x0000000088f00000|  0%| F|  |TAMS 0x0000000088e00000, 0x0000000088e00000| Untracked 
| 143|0x0000000088f00000, 0x0000000088f00000, 0x0000000089000000|  0%| F|  |TAMS 0x0000000088f00000, 0x0000000088f00000| Untracked 
| 144|0x0000000089000000, 0x0000000089000000, 0x0000000089100000|  0%| F|  |TAMS 0x0000000089000000, 0x0000000089000000| Untracked 
| 145|0x0000000089100000, 0x0000000089100000, 0x0000000089200000|  0%| F|  |TAMS 0x0000000089100000, 0x0000000089100000| Untracked 
| 146|0x0000000089200000, 0x0000000089200000, 0x0000000089300000|  0%| F|  |TAMS 0x0000000089200000, 0x0000000089200000| Untracked 
| 147|0x0000000089300000, 0x0000000089300000, 0x0000000089400000|  0%| F|  |TAMS 0x0000000089300000, 0x0000000089300000| Untracked 
| 148|0x0000000089400000, 0x0000000089400000, 0x0000000089500000|  0%| F|  |TAMS 0x0000000089400000, 0x0000000089400000| Untracked 
| 149|0x0000000089500000, 0x0000000089500000, 0x0000000089600000|  0%| F|  |TAMS 0x0000000089500000, 0x0000000089500000| Untracked 
| 150|0x0000000089600000, 0x0000000089600000, 0x0000000089700000|  0%| F|  |TAMS 0x0000000089600000, 0x0000000089600000| Untracked 
| 151|0x0000000089700000, 0x0000000089700000, 0x0000000089800000|  0%| F|  |TAMS 0x0000000089700000, 0x0000000089700000| Untracked 
| 152|0x0000000089800000, 0x0000000089800000, 0x0000000089900000|  0%| F|  |TAMS 0x0000000089800000, 0x0000000089800000| Untracked 
| 153|0x0000000089900000, 0x0000000089900000, 0x0000000089a00000|  0%| F|  |TAMS 0x0000000089900000, 0x0000000089900000| Untracked 
| 154|0x0000000089a00000, 0x0000000089a00000, 0x0000000089b00000|  0%| F|  |TAMS 0x0000000089a00000, 0x0000000089a00000| Untracked 
| 155|0x0000000089b00000, 0x0000000089b00000, 0x0000000089c00000|  0%| F|  |TAMS 0x0000000089b00000, 0x0000000089b00000| Untracked 
| 156|0x0000000089c00000, 0x0000000089c00000, 0x0000000089d00000|  0%| F|  |TAMS 0x0000000089c00000, 0x0000000089c00000| Untracked 
| 157|0x0000000089d00000, 0x0000000089d00000, 0x0000000089e00000|  0%| F|  |TAMS 0x0000000089d00000, 0x0000000089d00000| Untracked 
| 158|0x0000000089e00000, 0x0000000089e00000, 0x0000000089f00000|  0%| F|  |TAMS 0x0000000089e00000, 0x0000000089e00000| Untracked 
| 159|0x0000000089f00000, 0x0000000089f00000, 0x000000008a000000|  0%| F|  |TAMS 0x0000000089f00000, 0x0000000089f00000| Untracked 
| 160|0x000000008a000000, 0x000000008a000000, 0x000000008a100000|  0%| F|  |TAMS 0x000000008a000000, 0x000000008a000000| Untracked 
| 161|0x000000008a100000, 0x000000008a100000, 0x000000008a200000|  0%| F|  |TAMS 0x000000008a100000, 0x000000008a100000| Untracked 
| 162|0x000000008a200000, 0x000000008a200000, 0x000000008a300000|  0%| F|  |TAMS 0x000000008a200000, 0x000000008a200000| Untracked 
| 163|0x000000008a300000, 0x000000008a300000, 0x000000008a400000|  0%| F|  |TAMS 0x000000008a300000, 0x000000008a300000| Untracked 
| 164|0x000000008a400000, 0x000000008a400000, 0x000000008a500000|  0%| F|  |TAMS 0x000000008a400000, 0x000000008a400000| Untracked 
| 165|0x000000008a500000, 0x000000008a500000, 0x000000008a600000|  0%| F|  |TAMS 0x000000008a500000, 0x000000008a500000| Untracked 
| 166|0x000000008a600000, 0x000000008a600000, 0x000000008a700000|  0%| F|  |TAMS 0x000000008a600000, 0x000000008a600000| Untracked 
| 167|0x000000008a700000, 0x000000008a700000, 0x000000008a800000|  0%| F|  |TAMS 0x000000008a700000, 0x000000008a700000| Untracked 
| 168|0x000000008a800000, 0x000000008a800000, 0x000000008a900000|  0%| F|  |TAMS 0x000000008a800000, 0x000000008a800000| Untracked 
| 169|0x000000008a900000, 0x000000008a900000, 0x000000008aa00000|  0%| F|  |TAMS 0x000000008a900000, 0x000000008a900000| Untracked 
| 170|0x000000008aa00000, 0x000000008aa00000, 0x000000008ab00000|  0%| F|  |TAMS 0x000000008aa00000, 0x000000008aa00000| Untracked 
| 171|0x000000008ab00000, 0x000000008ab00000, 0x000000008ac00000|  0%| F|  |TAMS 0x000000008ab00000, 0x000000008ab00000| Untracked 
| 172|0x000000008ac00000, 0x000000008ac00000, 0x000000008ad00000|  0%| F|  |TAMS 0x000000008ac00000, 0x000000008ac00000| Untracked 
| 173|0x000000008ad00000, 0x000000008ad00000, 0x000000008ae00000|  0%| F|  |TAMS 0x000000008ad00000, 0x000000008ad00000| Untracked 
| 174|0x000000008ae00000, 0x000000008ae00000, 0x000000008af00000|  0%| F|  |TAMS 0x000000008ae00000, 0x000000008ae00000| Untracked 
| 175|0x000000008af00000, 0x000000008af00000, 0x000000008b000000|  0%| F|  |TAMS 0x000000008af00000, 0x000000008af00000| Untracked 
| 176|0x000000008b000000, 0x000000008b000000, 0x000000008b100000|  0%| F|  |TAMS 0x000000008b000000, 0x000000008b000000| Untracked 
| 177|0x000000008b100000, 0x000000008b100000, 0x000000008b200000|  0%| F|  |TAMS 0x000000008b100000, 0x000000008b100000| Untracked 
| 178|0x000000008b200000, 0x000000008b200000, 0x000000008b300000|  0%| F|  |TAMS 0x000000008b200000, 0x000000008b200000| Untracked 
| 179|0x000000008b300000, 0x000000008b300000, 0x000000008b400000|  0%| F|  |TAMS 0x000000008b300000, 0x000000008b300000| Untracked 
| 180|0x000000008b400000, 0x000000008b400000, 0x000000008b500000|  0%| F|  |TAMS 0x000000008b400000, 0x000000008b400000| Untracked 
| 181|0x000000008b500000, 0x000000008b500000, 0x000000008b600000|  0%| F|  |TAMS 0x000000008b500000, 0x000000008b500000| Untracked 
| 182|0x000000008b600000, 0x000000008b600000, 0x000000008b700000|  0%| F|  |TAMS 0x000000008b600000, 0x000000008b600000| Untracked 
| 183|0x000000008b700000, 0x000000008b700000, 0x000000008b800000|  0%| F|  |TAMS 0x000000008b700000, 0x000000008b700000| Untracked 
| 184|0x000000008b800000, 0x000000008b800000, 0x000000008b900000|  0%| F|  |TAMS 0x000000008b800000, 0x000000008b800000| Untracked 
| 185|0x000000008b900000, 0x000000008b900000, 0x000000008ba00000|  0%| F|  |TAMS 0x000000008b900000, 0x000000008b900000| Untracked 
| 186|0x000000008ba00000, 0x000000008ba00000, 0x000000008bb00000|  0%| F|  |TAMS 0x000000008ba00000, 0x000000008ba00000| Untracked 
| 187|0x000000008bb00000, 0x000000008bb00000, 0x000000008bc00000|  0%| F|  |TAMS 0x000000008bb00000, 0x000000008bb00000| Untracked 
| 188|0x000000008bc00000, 0x000000008bc00000, 0x000000008bd00000|  0%| F|  |TAMS 0x000000008bc00000, 0x000000008bc00000| Untracked 
| 189|0x000000008bd00000, 0x000000008bd00000, 0x000000008be00000|  0%| F|  |TAMS 0x000000008bd00000, 0x000000008bd00000| Untracked 
| 190|0x000000008be00000, 0x000000008be00000, 0x000000008bf00000|  0%| F|  |TAMS 0x000000008be00000, 0x000000008be00000| Untracked 
| 191|0x000000008bf00000, 0x000000008bf00000, 0x000000008c000000|  0%| F|  |TAMS 0x000000008bf00000, 0x000000008bf00000| Untracked 
| 192|0x000000008c000000, 0x000000008c000000, 0x000000008c100000|  0%| F|  |TAMS 0x000000008c000000, 0x000000008c000000| Untracked 
| 193|0x000000008c100000, 0x000000008c100000, 0x000000008c200000|  0%| F|  |TAMS 0x000000008c100000, 0x000000008c100000| Untracked 
| 194|0x000000008c200000, 0x000000008c200000, 0x000000008c300000|  0%| F|  |TAMS 0x000000008c200000, 0x000000008c200000| Untracked 
| 195|0x000000008c300000, 0x000000008c32ad90, 0x000000008c400000| 16%| S|CS|TAMS 0x000000008c300000, 0x000000008c300000| Complete 
| 196|0x000000008c400000, 0x000000008c500000, 0x000000008c500000|100%| S|CS|TAMS 0x000000008c400000, 0x000000008c400000| Complete 
| 197|0x000000008c500000, 0x000000008c600000, 0x000000008c600000|100%| S|CS|TAMS 0x000000008c500000, 0x000000008c500000| Complete 
| 198|0x000000008c600000, 0x000000008c700000, 0x000000008c700000|100%| S|CS|TAMS 0x000000008c600000, 0x000000008c600000| Complete 
| 199|0x000000008c700000, 0x000000008c800000, 0x000000008c800000|100%| S|CS|TAMS 0x000000008c700000, 0x000000008c700000| Complete 
| 200|0x000000008c800000, 0x000000008c900000, 0x000000008c900000|100%| S|CS|TAMS 0x000000008c800000, 0x000000008c800000| Complete 
| 201|0x000000008c900000, 0x000000008ca00000, 0x000000008ca00000|100%| S|CS|TAMS 0x000000008c900000, 0x000000008c900000| Complete 
| 202|0x000000008ca00000, 0x000000008cb00000, 0x000000008cb00000|100%| S|CS|TAMS 0x000000008ca00000, 0x000000008ca00000| Complete 
| 203|0x000000008cb00000, 0x000000008cc00000, 0x000000008cc00000|100%| S|CS|TAMS 0x000000008cb00000, 0x000000008cb00000| Complete 
| 204|0x000000008cc00000, 0x000000008cc00000, 0x000000008cd00000|  0%| F|  |TAMS 0x000000008cc00000, 0x000000008cc00000| Untracked 
| 205|0x000000008cd00000, 0x000000008cd00000, 0x000000008ce00000|  0%| F|  |TAMS 0x000000008cd00000, 0x000000008cd00000| Untracked 
| 206|0x000000008ce00000, 0x000000008ce00000, 0x000000008cf00000|  0%| F|  |TAMS 0x000000008ce00000, 0x000000008ce00000| Untracked 
| 207|0x000000008cf00000, 0x000000008cf00000, 0x000000008d000000|  0%| F|  |TAMS 0x000000008cf00000, 0x000000008cf00000| Untracked 
| 208|0x000000008d000000, 0x000000008d000000, 0x000000008d100000|  0%| F|  |TAMS 0x000000008d000000, 0x000000008d000000| Untracked 
| 209|0x000000008d100000, 0x000000008d100000, 0x000000008d200000|  0%| F|  |TAMS 0x000000008d100000, 0x000000008d100000| Untracked 
| 210|0x000000008d200000, 0x000000008d200000, 0x000000008d300000|  0%| F|  |TAMS 0x000000008d200000, 0x000000008d200000| Untracked 
| 211|0x000000008d300000, 0x000000008d300000, 0x000000008d400000|  0%| F|  |TAMS 0x000000008d300000, 0x000000008d300000| Untracked 
| 212|0x000000008d400000, 0x000000008d400000, 0x000000008d500000|  0%| F|  |TAMS 0x000000008d400000, 0x000000008d400000| Untracked 
| 213|0x000000008d500000, 0x000000008d500000, 0x000000008d600000|  0%| F|  |TAMS 0x000000008d500000, 0x000000008d500000| Untracked 
| 214|0x000000008d600000, 0x000000008d600000, 0x000000008d700000|  0%| F|  |TAMS 0x000000008d600000, 0x000000008d600000| Untracked 
| 215|0x000000008d700000, 0x000000008d700000, 0x000000008d800000|  0%| F|  |TAMS 0x000000008d700000, 0x000000008d700000| Untracked 
| 216|0x000000008d800000, 0x000000008d800000, 0x000000008d900000|  0%| F|  |TAMS 0x000000008d800000, 0x000000008d800000| Untracked 
| 217|0x000000008d900000, 0x000000008d900000, 0x000000008da00000|  0%| F|  |TAMS 0x000000008d900000, 0x000000008d900000| Untracked 
| 218|0x000000008da00000, 0x000000008da00000, 0x000000008db00000|  0%| F|  |TAMS 0x000000008da00000, 0x000000008da00000| Untracked 
| 219|0x000000008db00000, 0x000000008db00000, 0x000000008dc00000|  0%| F|  |TAMS 0x000000008db00000, 0x000000008db00000| Untracked 
| 220|0x000000008dc00000, 0x000000008dc00000, 0x000000008dd00000|  0%| F|  |TAMS 0x000000008dc00000, 0x000000008dc00000| Untracked 
| 221|0x000000008dd00000, 0x000000008dd00000, 0x000000008de00000|  0%| F|  |TAMS 0x000000008dd00000, 0x000000008dd00000| Untracked 
| 222|0x000000008de00000, 0x000000008de00000, 0x000000008df00000|  0%| F|  |TAMS 0x000000008de00000, 0x000000008de00000| Untracked 
| 223|0x000000008df00000, 0x000000008df00000, 0x000000008e000000|  0%| F|  |TAMS 0x000000008df00000, 0x000000008df00000| Untracked 
| 224|0x000000008e000000, 0x000000008e000000, 0x000000008e100000|  0%| F|  |TAMS 0x000000008e000000, 0x000000008e000000| Untracked 
| 225|0x000000008e100000, 0x000000008e100000, 0x000000008e200000|  0%| F|  |TAMS 0x000000008e100000, 0x000000008e100000| Untracked 
| 226|0x000000008e200000, 0x000000008e200000, 0x000000008e300000|  0%| F|  |TAMS 0x000000008e200000, 0x000000008e200000| Untracked 
| 227|0x000000008e300000, 0x000000008e300000, 0x000000008e400000|  0%| F|  |TAMS 0x000000008e300000, 0x000000008e300000| Untracked 
| 228|0x000000008e400000, 0x000000008e400000, 0x000000008e500000|  0%| F|  |TAMS 0x000000008e400000, 0x000000008e400000| Untracked 
| 229|0x000000008e500000, 0x000000008e500000, 0x000000008e600000|  0%| F|  |TAMS 0x000000008e500000, 0x000000008e500000| Untracked 
| 230|0x000000008e600000, 0x000000008e600000, 0x000000008e700000|  0%| F|  |TAMS 0x000000008e600000, 0x000000008e600000| Untracked 
| 231|0x000000008e700000, 0x000000008e700000, 0x000000008e800000|  0%| F|  |TAMS 0x000000008e700000, 0x000000008e700000| Untracked 
| 232|0x000000008e800000, 0x000000008e800000, 0x000000008e900000|  0%| F|  |TAMS 0x000000008e800000, 0x000000008e800000| Untracked 
| 233|0x000000008e900000, 0x000000008e900000, 0x000000008ea00000|  0%| F|  |TAMS 0x000000008e900000, 0x000000008e900000| Untracked 
| 234|0x000000008ea00000, 0x000000008ea00000, 0x000000008eb00000|  0%| F|  |TAMS 0x000000008ea00000, 0x000000008ea00000| Untracked 
| 235|0x000000008eb00000, 0x000000008eb00000, 0x000000008ec00000|  0%| F|  |TAMS 0x000000008eb00000, 0x000000008eb00000| Untracked 
| 236|0x000000008ec00000, 0x000000008ec00000, 0x000000008ed00000|  0%| F|  |TAMS 0x000000008ec00000, 0x000000008ec00000| Untracked 
| 237|0x000000008ed00000, 0x000000008ed00000, 0x000000008ee00000|  0%| F|  |TAMS 0x000000008ed00000, 0x000000008ed00000| Untracked 
| 238|0x000000008ee00000, 0x000000008ee00000, 0x000000008ef00000|  0%| F|  |TAMS 0x000000008ee00000, 0x000000008ee00000| Untracked 
| 239|0x000000008ef00000, 0x000000008ef00000, 0x000000008f000000|  0%| F|  |TAMS 0x000000008ef00000, 0x000000008ef00000| Untracked 
| 240|0x000000008f000000, 0x000000008f000000, 0x000000008f100000|  0%| F|  |TAMS 0x000000008f000000, 0x000000008f000000| Untracked 
| 241|0x000000008f100000, 0x000000008f100000, 0x000000008f200000|  0%| F|  |TAMS 0x000000008f100000, 0x000000008f100000| Untracked 
| 242|0x000000008f200000, 0x000000008f200000, 0x000000008f300000|  0%| F|  |TAMS 0x000000008f200000, 0x000000008f200000| Untracked 
| 243|0x000000008f300000, 0x000000008f300000, 0x000000008f400000|  0%| F|  |TAMS 0x000000008f300000, 0x000000008f300000| Untracked 
| 244|0x000000008f400000, 0x000000008f400000, 0x000000008f500000|  0%| F|  |TAMS 0x000000008f400000, 0x000000008f400000| Untracked 
| 245|0x000000008f500000, 0x000000008f500000, 0x000000008f600000|  0%| F|  |TAMS 0x000000008f500000, 0x000000008f500000| Untracked 
| 246|0x000000008f600000, 0x000000008f600000, 0x000000008f700000|  0%| F|  |TAMS 0x000000008f600000, 0x000000008f600000| Untracked 
| 247|0x000000008f700000, 0x000000008f700000, 0x000000008f800000|  0%| F|  |TAMS 0x000000008f700000, 0x000000008f700000| Untracked 
| 248|0x000000008f800000, 0x000000008f800000, 0x000000008f900000|  0%| F|  |TAMS 0x000000008f800000, 0x000000008f800000| Untracked 
| 249|0x000000008f900000, 0x000000008f900000, 0x000000008fa00000|  0%| F|  |TAMS 0x000000008f900000, 0x000000008f900000| Untracked 
| 250|0x000000008fa00000, 0x000000008fa00000, 0x000000008fb00000|  0%| F|  |TAMS 0x000000008fa00000, 0x000000008fa00000| Untracked 
| 251|0x000000008fb00000, 0x000000008fb00000, 0x000000008fc00000|  0%| F|  |TAMS 0x000000008fb00000, 0x000000008fb00000| Untracked 
| 252|0x000000008fc00000, 0x000000008fc97750, 0x000000008fd00000| 59%| E|  |TAMS 0x000000008fc00000, 0x000000008fc00000| Complete 
| 253|0x000000008fd00000, 0x000000008fe00000, 0x000000008fe00000|100%| E|CS|TAMS 0x000000008fd00000, 0x000000008fd00000| Complete 
| 254|0x000000008fe00000, 0x000000008ff00000, 0x000000008ff00000|100%| E|CS|TAMS 0x000000008fe00000, 0x000000008fe00000| Complete 
| 255|0x000000008ff00000, 0x0000000090000000, 0x0000000090000000|100%| E|CS|TAMS 0x000000008ff00000, 0x000000008ff00000| Complete 

Card table byte_map: [0x000001d0681d0000,0x000001d0685d0000] _byte_map_base: 0x000001d067dd0000

Marking Bits (Prev, Next): (CMBitMap*) 0x000001d054f4db60, (CMBitMap*) 0x000001d054f4db28
 Prev Bits: [0x000001d06a9d0000, 0x000001d06c9d0000)
 Next Bits: [0x000001d0689d0000, 0x000001d06a9d0000)

Polling page: 0x000001d052d40000

Metaspace:

Usage:
  Non-class:     35.15 MB capacity,    34.63 MB ( 99%) used,   457.55 KB (  1%) free+waste,    77.63 KB ( <1%) overhead. 
      Class:      5.37 MB capacity,     5.08 MB ( 94%) used,   266.80 KB (  5%) free+waste,    37.06 KB ( <1%) overhead. 
       Both:     40.53 MB capacity,    39.71 MB ( 98%) used,   724.35 KB (  2%) free+waste,   114.69 KB ( <1%) overhead. 

Virtual space:
  Non-class space:       44.00 MB reserved,      35.20 MB ( 80%) committed 
      Class space:        1.00 GB reserved,       5.38 MB ( <1%) committed 
             Both:        1.04 GB reserved,      40.57 MB (  4%) committed 

Chunk freelists:
   Non-Class:  47.00 KB
       Class:  3.00 KB
        Both:  50.00 KB

MaxMetaspaceSize: 17179869184.00 GB
CompressedClassSpaceSize: 1.00 GB

CodeHeap 'non-profiled nmethods': size=120000Kb used=1620Kb max_used=1620Kb free=118379Kb
 bounds [0x000001d060350000, 0x000001d0605c0000, 0x000001d067880000]
CodeHeap 'profiled nmethods': size=120000Kb used=6229Kb max_used=6229Kb free=113770Kb
 bounds [0x000001d058e20000, 0x000001d059440000, 0x000001d060350000]
CodeHeap 'non-nmethods': size=5760Kb used=2182Kb max_used=2212Kb free=3577Kb
 bounds [0x000001d058880000, 0x000001d058af0000, 0x000001d058e20000]
 total_blobs=3711 nmethods=2970 adapters=652
 compilation: enabled
              stopped_count=0, restarted_count=0
 full_count=0

Compilation events (20 events):
Event: 4.828 Thread 0x000001d06ff2a000 3182       3       java.lang.invoke.MethodHandleNatives::linkCallSiteImpl (44 bytes)
Event: 4.828 Thread 0x000001d06ff2a000 nmethod 3182 0x000001d059422810 code [0x000001d059422a40, 0x000001d0594231d8]
Event: 4.828 Thread 0x000001d06ff2a000 3183       3       java.lang.invoke.ConstantCallSite::<init> (11 bytes)
Event: 4.828 Thread 0x000001d06ff2a000 nmethod 3183 0x000001d059423490 code [0x000001d0594236c0, 0x000001d059423e88]
Event: 4.831 Thread 0x000001d06ff2a000 3184       3       org.gradle.internal.instantiation.generator.AbstractClassGenerator$ClassMetadata::resolveTypeVariables (19 bytes)
Event: 4.831 Thread 0x000001d06ff2a000 nmethod 3184 0x000001d059424210 code [0x000001d0594243e0, 0x000001d0594246e8]
Event: 4.831 Thread 0x000001d06ff2a000 3185       3       org.gradle.internal.reflect.JavaPropertyReflectionUtil::resolveMethodReturnType (44 bytes)
Event: 4.833 Thread 0x000001d06ff2a000 nmethod 3185 0x000001d059424810 code [0x000001d059424d60, 0x000001d059427d88]
Event: 4.833 Thread 0x000001d06ff2a000 3189       3       org.objectweb.asm.FieldVisitor::<init> (82 bytes)
Event: 4.833 Thread 0x000001d06ff2a000 nmethod 3189 0x000001d059428d10 code [0x000001d059428fa0, 0x000001d059429a48]
Event: 4.833 Thread 0x000001d06ff2a000 3187       3       org.gradle.internal.instantiation.generator.AbstractClassGenerator$MethodMetadata::<init> (15 bytes)
Event: 4.833 Thread 0x000001d06ff2a000 nmethod 3187 0x000001d059429d90 code [0x000001d059429f40, 0x000001d05942a158]
Event: 4.833 Thread 0x000001d06ff2a000 3188       3       org.gradle.internal.instantiation.generator.AbstractClassGenerator$PropertyMetadata::addGetter (129 bytes)
Event: 4.834 Thread 0x000001d06ff2a000 nmethod 3188 0x000001d05942a210 code [0x000001d05942a4e0, 0x000001d05942b608]
Event: 4.834 Thread 0x000001d06ff2a000 3186       3       sun.reflect.generics.reflectiveObjects.WildcardTypeImpl::getLowerBounds (34 bytes)
Event: 4.834 Thread 0x000001d06ff2a000 nmethod 3186 0x000001d05942ba10 code [0x000001d05942bc00, 0x000001d05942c238]
Event: 4.834 Thread 0x000001d06ff2a000 3190       3       org.gradle.internal.instantiation.generator.AbstractClassGenerator$PropertyMetadata::isReadable (13 bytes)
Event: 4.835 Thread 0x000001d06ff2a000 nmethod 3190 0x000001d05942c390 code [0x000001d05942c540, 0x000001d05942c698]
Event: 4.835 Thread 0x000001d06ff2a000 3191       3       java.nio.ByteBuffer::wrap (8 bytes)
Event: 4.835 Thread 0x000001d06ff2a000 nmethod 3191 0x000001d05942c710 code [0x000001d05942c900, 0x000001d05942cc78]

GC Heap History (8 events):
Event: 0.689 GC heap before
{Heap before GC invocations=0 (full 0):
 garbage-first heap   total 262144K, used 29696K [0x0000000080000000, 0x0000000100000000)
  region size 1024K, 24 young (24576K), 0 survivors (0K)
 Metaspace       used 10392K, capacity 10640K, committed 11008K, reserved 1058816K
  class space    used 1098K, capacity 1164K, committed 1280K, reserved 1048576K
}
Event: 0.693 GC heap after
{Heap after GC invocations=1 (full 0):
 garbage-first heap   total 262144K, used 8515K [0x0000000080000000, 0x0000000100000000)
  region size 1024K, 3 young (3072K), 3 survivors (3072K)
 Metaspace       used 10392K, capacity 10640K, committed 11008K, reserved 1058816K
  class space    used 1098K, capacity 1164K, committed 1280K, reserved 1048576K
}
Event: 2.342 GC heap before
{Heap before GC invocations=1 (full 0):
 garbage-first heap   total 262144K, used 93507K [0x0000000080000000, 0x0000000100000000)
  region size 1024K, 88 young (90112K), 3 survivors (3072K)
 Metaspace       used 20623K, capacity 21105K, committed 21248K, reserved 1067008K
  class space    used 2532K, capacity 2710K, committed 2816K, reserved 1048576K
}
Event: 2.351 GC heap after
{Heap after GC invocations=2 (full 0):
 garbage-first heap   total 262144K, used 16153K [0x0000000080000000, 0x0000000100000000)
  region size 1024K, 11 young (11264K), 11 survivors (11264K)
 Metaspace       used 20623K, capacity 21105K, committed 21248K, reserved 1067008K
  class space    used 2532K, capacity 2710K, committed 2816K, reserved 1048576K
}
Event: 2.830 GC heap before
{Heap before GC invocations=3 (full 0):
 garbage-first heap   total 262144K, used 51993K [0x0000000080000000, 0x0000000100000000)
  region size 1024K, 46 young (47104K), 11 survivors (11264K)
 Metaspace       used 24764K, capacity 25316K, committed 25472K, reserved 1071104K
  class space    used 3189K, capacity 3393K, committed 3456K, reserved 1048576K
}
Event: 2.836 GC heap after
{Heap after GC invocations=4 (full 0):
 garbage-first heap   total 262144K, used 17833K [0x0000000080000000, 0x0000000100000000)
  region size 1024K, 2 young (2048K), 2 survivors (2048K)
 Metaspace       used 24764K, capacity 25316K, committed 25472K, reserved 1071104K
  class space    used 3189K, capacity 3393K, committed 3456K, reserved 1048576K
}
Event: 4.162 GC heap before
{Heap before GC invocations=4 (full 0):
 garbage-first heap   total 262144K, used 79273K [0x0000000080000000, 0x0000000100000000)
  region size 1024K, 63 young (64512K), 2 survivors (2048K)
 Metaspace       used 35064K, capacity 35829K, committed 35840K, reserved 1081344K
  class space    used 4561K, capacity 4856K, committed 4864K, reserved 1048576K
}
Event: 4.169 GC heap after
{Heap after GC invocations=5 (full 0):
 garbage-first heap   total 262144K, used 21337K [0x0000000080000000, 0x0000000100000000)
  region size 1024K, 6 young (6144K), 6 survivors (6144K)
 Metaspace       used 35064K, capacity 35829K, committed 35840K, reserved 1081344K
  class space    used 4561K, capacity 4856K, committed 4864K, reserved 1048576K
}

Deoptimization events (20 events):
Event: 4.568 Thread 0x000001d071fcf800 Uncommon trap: trap_request=0xffffff4d fr.pc=0x000001d0604a33f8 relative=0x0000000000000318
Event: 4.568 Thread 0x000001d071fcf800 Uncommon trap: reason=unstable_if action=reinterpret pc=0x000001d0604a33f8 method=org.gradle.internal.reflect.PropertyAccessorType.isGetGetterName(Ljava/lang/String;)Z @ 14 c2
Event: 4.568 Thread 0x000001d071fcf800 DEOPT PACKING pc=0x000001d0604a33f8 sp=0x0000006166ff94b0
Event: 4.568 Thread 0x000001d071fcf800 DEOPT UNPACKING pc=0x000001d0588a74af sp=0x0000006166ff9408 mode 2
Event: 4.591 Thread 0x000001d071fcf800 Uncommon trap: trap_request=0xffffff4d fr.pc=0x000001d06047ca08 relative=0x00000000000000e8
Event: 4.591 Thread 0x000001d071fcf800 Uncommon trap: reason=unstable_if action=reinterpret pc=0x000001d06047ca08 method=org.objectweb.asm.ByteVector.putShort(I)Lorg/objectweb/asm/ByteVector; @ 13 c2
Event: 4.591 Thread 0x000001d071fcf800 DEOPT PACKING pc=0x000001d06047ca08 sp=0x0000006166ff90c0
Event: 4.591 Thread 0x000001d071fcf800 DEOPT UNPACKING pc=0x000001d0588a74af sp=0x0000006166ff9058 mode 2
Event: 4.606 Thread 0x000001d071fcf800 DEOPT PACKING pc=0x000001d05917c5f9 sp=0x0000006166ff94d0
Event: 4.606 Thread 0x000001d071fcf800 DEOPT UNPACKING pc=0x000001d0588a72ce sp=0x0000006166ff8a18 mode 0
Event: 4.659 Thread 0x000001d071fcf800 DEOPT PACKING pc=0x000001d058f8c1b4 sp=0x0000006166ff87f0
Event: 4.659 Thread 0x000001d071fcf800 DEOPT UNPACKING pc=0x000001d0588a72ce sp=0x0000006166ff7d40 mode 0
Event: 4.682 Thread 0x000001d071fcf800 Uncommon trap: trap_request=0xffffff4d fr.pc=0x000001d0604561e8 relative=0x0000000000006008
Event: 4.682 Thread 0x000001d071fcf800 Uncommon trap: reason=unstable_if action=reinterpret pc=0x000001d0604561e8 method=java.net.URLClassLoader.defineClass(Ljava/lang/String;Ljdk/internal/loader/Resource;)Ljava/lang/Class; @ 21 c2
Event: 4.682 Thread 0x000001d071fcf800 DEOPT PACKING pc=0x000001d0604561e8 sp=0x0000006166ff88d0
Event: 4.682 Thread 0x000001d071fcf800 DEOPT UNPACKING pc=0x000001d0588a74af sp=0x0000006166ff8888 mode 2
Event: 4.747 Thread 0x000001d071fcf800 Uncommon trap: trap_request=0xffffff4d fr.pc=0x000001d0604d7fa0 relative=0x0000000000001f00
Event: 4.747 Thread 0x000001d071fcf800 Uncommon trap: reason=unstable_if action=reinterpret pc=0x000001d0604d7fa0 method=org.codehaus.groovy.runtime.metaclass.MetaMethodIndex.addMethodToList(Ljava/lang/Object;Lgroovy/lang/MetaMethod;)Ljava/lang/Object; @ 226 c2
Event: 4.747 Thread 0x000001d071fcf800 DEOPT PACKING pc=0x000001d0604d7fa0 sp=0x0000006166ff6880
Event: 4.747 Thread 0x000001d071fcf800 DEOPT UNPACKING pc=0x000001d0588a74af sp=0x0000006166ff6840 mode 2

Classes redefined (0 events):
No events

Internal exceptions (20 events):
Event: 4.697 Thread 0x000001d071fcf800 Exception <a 'java/lang/ClassNotFoundException'{0x000000008dceb370}: groovy/lang/Closure$1Customizer> (0x000000008dceb370) thrown at [./src/hotspot/share/classfile/systemDictionary.cpp, line 231]
Event: 4.737 Thread 0x000001d071fcf800 Exception <a 'java/lang/ClassNotFoundException'{0x000000008daf8080}: org/gradle/internal/metaobject/ConfigureDelegateBeanInfo> (0x000000008daf8080) thrown at [./src/hotspot/share/classfile/systemDictionary.cpp, line 231]
Event: 4.737 Thread 0x000001d071fcf800 Exception <a 'java/lang/ClassNotFoundException'{0x000000008d916e30}: org/gradle/internal/metaobject/ConfigureDelegateCustomizer> (0x000000008d916e30) thrown at [./src/hotspot/share/classfile/systemDictionary.cpp, line 231]
Event: 4.741 Thread 0x000001d071fcf800 Exception <a 'java/lang/ClassNotFoundException'{0x000000008d96c128}: org/gradle/api/internal/initialization/DefaultScriptHandlerBeanInfo> (0x000000008d96c128) thrown at [./src/hotspot/share/classfile/systemDictionary.cpp, line 231]
Event: 4.742 Thread 0x000001d071fcf800 Exception <a 'java/lang/ClassNotFoundException'{0x000000008d98e430}: org/gradle/api/internal/initialization/DefaultScriptHandlerCustomizer> (0x000000008d98e430) thrown at [./src/hotspot/share/classfile/systemDictionary.cpp, line 231]
Event: 4.764 Thread 0x000001d071fcf800 Exception <a 'java/lang/ClassNotFoundException'{0x000000008d5bb4f8}: org/gradle/api/internal/artifacts/dsl/DefaultRepositoryHandler_DecoratedBeanInfo> (0x000000008d5bb4f8) thrown at [./src/hotspot/share/classfile/systemDictionary.cpp, line 231]
Event: 4.764 Thread 0x000001d071fcf800 Exception <a 'java/lang/ClassNotFoundException'{0x000000008d5ebc10}: org/gradle/api/internal/artifacts/dsl/DefaultRepositoryHandlerBeanInfo> (0x000000008d5ebc10) thrown at [./src/hotspot/share/classfile/systemDictionary.cpp, line 231]
Event: 4.765 Thread 0x000001d071fcf800 Exception <a 'java/lang/ClassNotFoundException'{0x000000008d41eae8}: org/gradle/api/internal/artifacts/DefaultArtifactRepositoryContainerBeanInfo> (0x000000008d41eae8) thrown at [./src/hotspot/share/classfile/systemDictionary.cpp, line 231]
Event: 4.765 Thread 0x000001d071fcf800 Exception <a 'java/lang/ClassNotFoundException'{0x000000008d441918}: org/gradle/api/internal/DefaultNamedDomainObjectListBeanInfo> (0x000000008d441918) thrown at [./src/hotspot/share/classfile/systemDictionary.cpp, line 231]
Event: 4.766 Thread 0x000001d071fcf800 Exception <a 'java/lang/ClassNotFoundException'{0x000000008d4654e0}: org/gradle/api/internal/DefaultNamedDomainObjectCollectionBeanInfo> (0x000000008d4654e0) thrown at [./src/hotspot/share/classfile/systemDictionary.cpp, line 231]
Event: 4.766 Thread 0x000001d071fcf800 Exception <a 'java/lang/ClassNotFoundException'{0x000000008d488590}: org/gradle/api/internal/DefaultDomainObjectCollectionBeanInfo> (0x000000008d488590) thrown at [./src/hotspot/share/classfile/systemDictionary.cpp, line 231]
Event: 4.766 Thread 0x000001d071fcf800 Exception <a 'java/lang/ClassNotFoundException'{0x000000008d48e038}: java/util/AbstractCollectionBeanInfo> (0x000000008d48e038) thrown at [./src/hotspot/share/classfile/systemDictionary.cpp, line 231]
Event: 4.767 Thread 0x000001d071fcf800 Exception <a 'java/lang/ClassNotFoundException'{0x000000008d493a48}: java/util/AbstractCollectionCustomizer> (0x000000008d493a48) thrown at [./src/hotspot/share/classfile/systemDictionary.cpp, line 231]
Event: 4.768 Thread 0x000001d071fcf800 Exception <a 'java/lang/ClassNotFoundException'{0x000000008d4bfc50}: org/gradle/api/internal/DefaultDomainObjectCollectionCustomizer> (0x000000008d4bfc50) thrown at [./src/hotspot/share/classfile/systemDictionary.cpp, line 231]
Event: 4.769 Thread 0x000001d071fcf800 Exception <a 'java/lang/ClassNotFoundException'{0x000000008d301218}: org/gradle/api/internal/DefaultNamedDomainObjectCollectionCustomizer> (0x000000008d301218) thrown at [./src/hotspot/share/classfile/systemDictionary.cpp, line 231]
Event: 4.773 Thread 0x000001d071fcf800 Exception <a 'java/lang/ClassNotFoundException'{0x000000008d355af0}: org/gradle/api/internal/DefaultNamedDomainObjectListCustomizer> (0x000000008d355af0) thrown at [./src/hotspot/share/classfile/systemDictionary.cpp, line 231]
Event: 4.775 Thread 0x000001d071fcf800 Exception <a 'java/lang/ClassNotFoundException'{0x000000008d3a1c40}: org/gradle/api/internal/artifacts/DefaultArtifactRepositoryContainerCustomizer> (0x000000008d3a1c40) thrown at [./src/hotspot/share/classfile/systemDictionary.cpp, line 231]
Event: 4.776 Thread 0x000001d071fcf800 Exception <a 'java/lang/ClassNotFoundException'{0x000000008d3e3758}: org/gradle/api/internal/artifacts/dsl/DefaultRepositoryHandlerCustomizer> (0x000000008d3e3758) thrown at [./src/hotspot/share/classfile/systemDictionary.cpp, line 231]
Event: 4.778 Thread 0x000001d071fcf800 Exception <a 'java/lang/ClassNotFoundException'{0x000000008d236db8}: org/gradle/api/internal/artifacts/dsl/DefaultRepositoryHandler_DecoratedCustomizer> (0x000000008d236db8) thrown at [./src/hotspot/share/classfile/systemDictionary.cpp, line 231]
Event: 4.805 Thread 0x000001d071fcf800 Exception <a 'java/lang/NoSuchMethodError'{0x000000008cf905a8}: 'int java.lang.invoke.DirectMethodHandle$Holder.invokeStaticInit(java.lang.Object, java.lang.Object, java.lang.Object, java.lang.Object)'> (0x000000008cf905a8) thrown at [./src/hotspot/share/interpreter/linkResolver.cpp, line 773]

Events (20 events):
Event: 4.832 loading class org/gradle/api/internal/artifacts/configurations/ArtifactCollectionInternal
Event: 4.832 loading class org/gradle/api/internal/artifacts/configurations/ArtifactCollectionInternal done
Event: 4.833 loading class org/gradle/api/internal/artifacts/configurations/DefaultConfiguration$ConfigurationDescription
Event: 4.833 loading class org/gradle/api/internal/artifacts/configurations/DefaultConfiguration$ConfigurationDescription done
Event: 4.833 loading class org/gradle/internal/Describables$MemoizingDescribable
Event: 4.833 loading class org/gradle/internal/Describables$MemoizingDescribable done
Event: 4.836 loading class org/gradle/api/internal/artifacts/configurations/MutationValidator
Event: 4.836 loading class org/gradle/api/internal/artifacts/configurations/MutationValidator done
Event: 4.836 loading class org/gradle/api/internal/artifacts/configurations/MutationValidator
Event: 4.836 loading class org/gradle/api/internal/artifacts/configurations/MutationValidator done
Event: 4.836 loading class org/gradle/api/artifacts/DependencyConstraint
Event: 4.836 loading class org/gradle/api/artifacts/DependencyConstraint done
Event: 4.837 loading class org/gradle/internal/Describables$TwoPartDescribable
Event: 4.837 loading class org/gradle/internal/Describables$TwoPartDescribable done
Event: 4.837 loading class org/gradle/api/internal/artifacts/DefaultDependencySet$MutationValidationAction
Event: 4.837 loading class org/gradle/api/internal/artifacts/DefaultDependencySet$MutationValidationAction done
Event: 4.838 loading class org/gradle/api/internal/tasks/TaskDependencyInternal
Event: 4.838 loading class org/gradle/api/internal/tasks/TaskDependencyInternal done
Event: 4.838 loading class org/gradle/api/internal/file/collections/MinimalFileSet
Event: 4.838 loading class org/gradle/api/internal/file/collections/MinimalFileSet done


Dynamic libraries:
0x00007ff7aa4b0000 - 0x00007ff7aa4ba000 	A:\Android\jre\bin\java.exe
0x00007ffc8b710000 - 0x00007ffc8b905000 	C:\Windows\SYSTEM32\ntdll.dll
0x00007ffc89930000 - 0x00007ffc899ed000 	C:\Windows\System32\KERNEL32.DLL
0x00007ffc89120000 - 0x00007ffc893e8000 	C:\Windows\System32\KERNELBASE.dll
0x00007ffc86800000 - 0x00007ffc86890000 	C:\Windows\SYSTEM32\apphelp.dll
0x00007ffc89450000 - 0x00007ffc89550000 	C:\Windows\System32\ucrtbase.dll
0x00007ffc69780000 - 0x00007ffc69799000 	A:\Android\jre\bin\jli.dll
0x00007ffc696a0000 - 0x00007ffc696b7000 	A:\Android\jre\bin\VCRUNTIME140.dll
0x00007ffc8ae40000 - 0x00007ffc8afe0000 	C:\Windows\System32\USER32.dll
0x00007ffc7ebc0000 - 0x00007ffc7ee5a000 	C:\Windows\WinSxS\amd64_microsoft.windows.common-controls_6595b64144ccf1df_6.0.19041.844_none_ca00b6081b84eb1d\COMCTL32.dll
0x00007ffc88f90000 - 0x00007ffc88fb2000 	C:\Windows\System32\win32u.dll
0x00007ffc8b460000 - 0x00007ffc8b4fe000 	C:\Windows\System32\msvcrt.dll
0x00007ffc8a140000 - 0x00007ffc8a16a000 	C:\Windows\System32\GDI32.dll
0x00007ffc88e50000 - 0x00007ffc88f5b000 	C:\Windows\System32\gdi32full.dll
0x00007ffc89680000 - 0x00007ffc8971d000 	C:\Windows\System32\msvcp_win.dll
0x00007ffc8b620000 - 0x00007ffc8b650000 	C:\Windows\System32\IMM32.DLL
0x00007ffc5a3c0000 - 0x00007ffc5a45d000 	A:\Android\jre\bin\msvcp140.dll
0x00007ffc578a0000 - 0x00007ffc5835c000 	A:\Android\jre\bin\server\jvm.dll
0x00007ffc8b500000 - 0x00007ffc8b5ac000 	C:\Windows\System32\ADVAPI32.dll
0x00007ffc8a250000 - 0x00007ffc8a2eb000 	C:\Windows\System32\sechost.dll
0x00007ffc8a510000 - 0x00007ffc8a63b000 	C:\Windows\System32\RPCRT4.dll
0x00007ffc89be0000 - 0x00007ffc89be8000 	C:\Windows\System32\PSAPI.DLL
0x00007ffc7fbf0000 - 0x00007ffc7fc17000 	C:\Windows\SYSTEM32\WINMM.dll
0x00007ffc82c20000 - 0x00007ffc82c2a000 	C:\Windows\SYSTEM32\VERSION.dll
0x00007ffc86670000 - 0x00007ffc86679000 	C:\Windows\SYSTEM32\WSOCK32.dll
0x00007ffc8b5b0000 - 0x00007ffc8b61b000 	C:\Windows\System32\WS2_32.dll
0x00007ffc86dc0000 - 0x00007ffc86dd2000 	C:\Windows\SYSTEM32\kernel.appcore.dll
0x00007ffc845c0000 - 0x00007ffc845d1000 	A:\Android\jre\bin\verify.dll
0x00007ffc717c0000 - 0x00007ffc719a4000 	C:\Windows\SYSTEM32\DBGHELP.DLL
0x00007ffc720c0000 - 0x00007ffc720ec000 	C:\Windows\SYSTEM32\dbgcore.DLL
0x00007ffc89600000 - 0x00007ffc89680000 	C:\Windows\System32\bcryptPrimitives.dll
0x00007ffc7dbe0000 - 0x00007ffc7dc09000 	A:\Android\jre\bin\java.dll
0x00007ffc7f0d0000 - 0x00007ffc7f0db000 	A:\Android\jre\bin\jimage.dll
0x00007ffc7da40000 - 0x00007ffc7da58000 	A:\Android\jre\bin\zip.dll
0x00007ffc8a6f0000 - 0x00007ffc8ae32000 	C:\Windows\System32\SHELL32.dll
0x00007ffc86fc0000 - 0x00007ffc87750000 	C:\Windows\SYSTEM32\windows.storage.dll
0x00007ffc8b100000 - 0x00007ffc8b455000 	C:\Windows\System32\combase.dll
0x00007ffc888c0000 - 0x00007ffc888ec000 	C:\Windows\SYSTEM32\Wldp.dll
0x00007ffc899f0000 - 0x00007ffc89a9e000 	C:\Windows\System32\SHCORE.dll
0x00007ffc89b80000 - 0x00007ffc89bd5000 	C:\Windows\System32\shlwapi.dll
0x00007ffc88d90000 - 0x00007ffc88daf000 	C:\Windows\SYSTEM32\profapi.dll
0x00007ffc7da10000 - 0x00007ffc7da2a000 	A:\Android\jre\bin\net.dll
0x00007ffc828f0000 - 0x00007ffc829fb000 	C:\Windows\SYSTEM32\WINHTTP.dll
0x00007ffc88630000 - 0x00007ffc8869a000 	C:\Windows\system32\mswsock.dll
0x00007ffc7d9f0000 - 0x00007ffc7da04000 	A:\Android\jre\bin\nio.dll
0x00007ffc5ee50000 - 0x00007ffc5ee77000 	C:\Users\erikm\.gradle\native\fdc75f09e3144964f2cf3f50f0aa648679c211496f362492102eb8c894070792\windows-amd64\native-platform.dll
0x00007ffc58840000 - 0x00007ffc589d6000 	C:\Users\erikm\.gradle\native\12488b8bf47d2d4c9fbf2f6322a914ad602e24e48041cd04a747c6da556b65c4\windows-amd64\native-platform-file-events.dll
0x00007ffc7f0c0000 - 0x00007ffc7f0ca000 	A:\Android\jre\bin\management.dll
0x00007ffc7dbd0000 - 0x00007ffc7dbdc000 	A:\Android\jre\bin\management_ext.dll
0x00007ffc88810000 - 0x00007ffc88828000 	C:\Windows\SYSTEM32\CRYPTSP.dll
0x00007ffc87f60000 - 0x00007ffc87f94000 	C:\Windows\system32\rsaenh.dll
0x00007ffc88f60000 - 0x00007ffc88f87000 	C:\Windows\System32\bcrypt.dll
0x00007ffc88d10000 - 0x00007ffc88d3e000 	C:\Windows\SYSTEM32\USERENV.dll
0x00007ffc88800000 - 0x00007ffc8880c000 	C:\Windows\SYSTEM32\CRYPTBASE.dll
0x00007ffc882d0000 - 0x00007ffc8830b000 	C:\Windows\SYSTEM32\IPHLPAPI.DLL
0x00007ffc8a170000 - 0x00007ffc8a178000 	C:\Windows\System32\NSI.dll
0x00007ffc83240000 - 0x00007ffc83257000 	C:\Windows\SYSTEM32\dhcpcsvc6.DLL
0x00007ffc83220000 - 0x00007ffc8323d000 	C:\Windows\SYSTEM32\dhcpcsvc.DLL
0x00007ffc88320000 - 0x00007ffc883ec000 	C:\Windows\SYSTEM32\DNSAPI.dll
0x00007ffc837c0000 - 0x00007ffc837cb000 	C:\Windows\SYSTEM32\WINNSI.DLL

dbghelp: loaded successfully - version: 4.0.5 - missing functions: none
symbol engine: initialized successfully - sym options: 0x614 - pdb path: .;A:\Android\jre\bin;C:\Windows\SYSTEM32;C:\Windows\WinSxS\amd64_microsoft.windows.common-controls_6595b64144ccf1df_6.0.19041.844_none_ca00b6081b84eb1d;A:\Android\jre\bin\server;C:\Users\erikm\.gradle\native\fdc75f09e3144964f2cf3f50f0aa648679c211496f362492102eb8c894070792\windows-amd64;C:\Users\erikm\.gradle\native\12488b8bf47d2d4c9fbf2f6322a914ad602e24e48041cd04a747c6da556b65c4\windows-amd64

VM Arguments:
jvm_args: --add-opens=java.base/java.util=ALL-UNNAMED --add-opens=java.base/java.lang=ALL-UNNAMED --add-opens=java.base/java.lang.invoke=ALL-UNNAMED --add-opens=java.prefs/java.util.prefs=ALL-UNNAMED -Xmx2048m -Dfile.encoding=UTF-8 -Duser.country=US -Duser.language=en -Duser.variant 
java_command: org.gradle.launcher.daemon.bootstrap.GradleDaemon 6.7.1
java_class_path (initial): C:\Users\erikm\.gradle\wrapper\dists\gradle-6.7.1-bin\bwlcbys1h7rz3272sye1xwiv6\gradle-6.7.1\lib\gradle-launcher-6.7.1.jar
Launcher Type: SUN_STANDARD

[Global flags]
     intx CICompilerCount                          = 4                                         {product} {ergonomic}
     uint ConcGCThreads                            = 3                                         {product} {ergonomic}
     uint G1ConcRefinementThreads                  = 10                                        {product} {ergonomic}
   size_t G1HeapRegionSize                         = 1048576                                   {product} {ergonomic}
    uintx GCDrainStackTargetSize                   = 64                                        {product} {ergonomic}
   size_t InitialHeapSize                          = 268435456                                 {product} {ergonomic}
   size_t MarkStackSize                            = 4194304                                   {product} {ergonomic}
   size_t MaxHeapSize                              = 2147483648                                {product} {command line}
   size_t MaxNewSize                               = 1287651328                                {product} {ergonomic}
   size_t MinHeapDeltaBytes                        = 1048576                                   {product} {ergonomic}
    uintx NonNMethodCodeHeapSize                   = 5836300                                {pd product} {ergonomic}
    uintx NonProfiledCodeHeapSize                  = 122910970                              {pd product} {ergonomic}
    uintx ProfiledCodeHeapSize                     = 122910970                              {pd product} {ergonomic}
    uintx ReservedCodeCacheSize                    = 251658240                              {pd product} {ergonomic}
     bool SegmentedCodeCache                       = true                                      {product} {ergonomic}
     bool UseCompressedClassPointers               = true                                 {lp64_product} {ergonomic}
     bool UseCompressedOops                        = true                                 {lp64_product} {ergonomic}
     bool UseG1GC                                  = true                                      {product} {ergonomic}
     bool UseLargePagesIndividualAllocation        = false                                  {pd product} {ergonomic}

Logging:
Log output configuration:
 #0: stdout all=warning uptime,level,tags
 #1: stderr all=off uptime,level,tags

Environment Variables:
JAVA_HOME=C:\Program Files\Java\jdk-14.0.2
PATH=A:\VmWare\bin\;C:\Program Files (x86)\Common Files\Intel\Shared Libraries\redist\intel64\compiler;C:\Windows\system32;C:\Windows;C:\Windows\System32\Wbem;C:\Windows\System32\WindowsPowerShell\v1.0\;C:\Windows\System32\OpenSSH\;C:\Program Files\dotnet\;C:\Program Files\Java\jdk-14.0.2\bin;C:\Program Files\NVIDIA Corporation\NVIDIA NvDLISR;C:\Program Files (x86)\NVIDIA Corporation\PhysX\Common;C:\Users\erikm\AppData\Local\Programs\Python\Python38-32\;C:\ProgramData\chocolatey\bin;A:\Octave\Octave-5.2.0\mingw64\bin;C:\Program Files\Git\cmd;C:\Users\erikm\AppData\Local\Programs\Python\Python38-32\Scripts\;C:\Users\erikm\AppData\Local\Programs\Python\Python38-32\;C:\Users\erikm\AppData\Local\Microsoft\WindowsApps;C:\Users\erikm\.dotnet\tools;A:\JetBrains\Rider\JetBrains Rider 2021.1\bin;;C:\Users\erikm\AppData\Local\Programs\Microsoft VS Code\bin
USERNAME=Erik
OS=Windows_NT
PROCESSOR_IDENTIFIER=AMD64 Family 23 Model 8 Stepping 2, AuthenticAMD



---------------  S Y S T E M  ---------------

OS: Windows 10 , 64 bit Build 19041 (10.0.19041.928)
OS uptime: 0 days 4:35 hours

CPU:total 12 (initial active 12) (12 cores per cpu, 2 threads per core) family 23 model 8 stepping 2, cmov, cx8, fxsr, mmx, sse, sse2, sse3, ssse3, sse4.1, sse4.2, popcnt, avx, avx2, aes, clmul, mmxext, 3dnowpref, lzcnt, sse4a, ht, tsc, tscinvbit, tscinv, bmi1, bmi2, adx, sha, fma

Memory: 4k page, system-wide physical 16335M (5954M free)
TotalPageFile size 17359M (AvailPageFile size 0M)
current process WorkingSet (physical memory assigned to process): 278M, peak: 278M
current process commit charge ("private bytes"): 458M, peak: 459M

vm_info: OpenJDK 64-Bit Server VM (11.0.8+10-b944.6842174) for windows-amd64 JRE (11.0.8+10-b944.6842174), built on Sep 19 2020 01:11:42 by "builder" with MS VC++ 14.0 (VS2015)

END.
