#
# There is insufficient memory for the Java Runtime Environment to continue.
# Native memory allocation (mmap) failed to map 268435456 bytes for Failed to commit area from 0x0000000700c00000 to 0x0000000710c00000 of length 268435456.
# Possible reasons:
#   The system is out of physical RAM or swap space
#   The process is running with CompressedOops enabled, and the Java Heap may be blocking the growth of the native heap
# Possible solutions:
#   Reduce memory load on the system
#   Increase physical memory or swap space
#   Check if swap backing store is full
#   Decrease Java heap size (-Xmx/-Xms)
#   Decrease number of Java threads
#   Decrease Java thread stack sizes (-Xss)
#   Set larger code cache with -XX:ReservedCodeCacheSize=
# This output file may be truncated or incomplete.
#
#  Out of Memory Error (./src/hotspot/os/windows/os_windows.cpp:3303), pid=15216, tid=13104
#
# JRE version:  (11.0.8+10) (build )
# Java VM: OpenJDK 64-Bit Server VM (11.0.8+10-b944.6842174, mixed mode, sharing, tiered, compressed oops, g1 gc, windows-amd64)
# No core dump will be written. Minidumps are not enabled by default on client versions of Windows
#

---------------  S U M M A R Y ------------

Command Line: org.jetbrains.git4idea.http.GitAskPassApp Username for 'https://github.com': 

Host: AMD Ryzen 5 2600 Six-Core Processor            , 12 cores, 15G,  Windows 10 , 64 bit Build 19041 (10.0.19041.928)
Time: Sat Jun  5 15:06:16 2021 SA Pacific Standard Time elapsed time: 0 seconds (0d 0h 0m 0s)

---------------  T H R E A D  ---------------

Current thread (0x000001794f5ef800):  JavaThread "Unknown thread" [_thread_in_vm, id=13104, stack(0x0000006301000000,0x0000006301100000)]

Stack: [0x0000006301000000,0x0000006301100000]
Native frames: (J=compiled Java code, j=interpreted, Vv=VM code, C=native code)
V  [jvm.dll+0x5de50a]
V  [jvm.dll+0x7122f5]
V  [jvm.dll+0x71384d]
V  [jvm.dll+0x713f03]
V  [jvm.dll+0x23e728]
V  [jvm.dll+0x5db9a4]
V  [jvm.dll+0x5d0ae5]
V  [jvm.dll+0x2fb20b]
V  [jvm.dll+0x2fb17a]
V  [jvm.dll+0x2fb052]
V  [jvm.dll+0x2fff16]
V  [jvm.dll+0x348743]
V  [jvm.dll+0x348e46]
V  [jvm.dll+0x348843]
V  [jvm.dll+0x2d5d68]
V  [jvm.dll+0x2d6f07]
V  [jvm.dll+0x6f11f7]
V  [jvm.dll+0x6f29ec]
V  [jvm.dll+0x355cb9]
V  [jvm.dll+0x6d4ade]
V  [jvm.dll+0x3bdfe3]
V  [jvm.dll+0x3c0201]
C  [jli.dll+0x5373]
C  [ucrtbase.dll+0x21bb2]
C  [KERNEL32.DLL+0x17034]
C  [ntdll.dll+0x52651]


---------------  P R O C E S S  ---------------

Threads class SMR info:
_java_thread_list=0x000001794f484030, length=0, elements={
}

Java Threads: ( => current thread )

Other Threads:
  0x000001794f607000 GCTaskThread "GC Thread#0" [stack: 0x0000006301100000,0x0000006301200000] [id=9964]
  0x000001794f666000 ConcurrentGCThread "G1 Main Marker" [stack: 0x0000006301200000,0x0000006301300000] [id=9784]
  0x000001794f667000 ConcurrentGCThread "G1 Conc#0" [stack: 0x0000006301300000,0x0000006301400000] [id=1268]

[error occurred during error reporting (printing all threads), id 0xc0000005, EXCEPTION_ACCESS_VIOLATION (0xc0000005) at pc=0x00007ffb3b9c6357]

VM state:not at safepoint (not fully initialized)

VM Mutex/Monitor currently owned by a thread:  ([mutex/lock_event])
[0x000001794f5ec370] Heap_lock - owner thread: 0x000001794f5ef800

Heap address: 0x0000000700c00000, size: 4084 MB, Compressed Oops mode: Non-zero based: 0x0000000700c00000
Narrow klass base: 0x0000000000000000, Narrow klass shift: 0

GC Heap History (0 events):
No events

Deoptimization events (0 events):
No events

Classes redefined (0 events):
No events

Internal exceptions (0 events):
No events

Events (1 events):
Event: 0.007 Loaded shared library A:\Android\jre\bin\zip.dll


Dynamic libraries:
0x00007ff6ba400000 - 0x00007ff6ba40a000 	A:\Android\jre\bin\java.exe
0x00007ffba8b50000 - 0x00007ffba8d45000 	C:\Windows\SYSTEM32\ntdll.dll
0x00007ffba76d0000 - 0x00007ffba778d000 	C:\Windows\System32\KERNEL32.DLL
0x00007ffba6630000 - 0x00007ffba68f8000 	C:\Windows\System32\KERNELBASE.dll
0x00007ffba6290000 - 0x00007ffba6390000 	C:\Windows\System32\ucrtbase.dll
0x00007ffb8b670000 - 0x00007ffb8b687000 	A:\Android\jre\bin\VCRUNTIME140.dll
0x00007ffb8dbb0000 - 0x00007ffb8dbc9000 	A:\Android\jre\bin\jli.dll
0x00007ffba8940000 - 0x00007ffba8ae0000 	C:\Windows\System32\USER32.dll
0x00007ffb93770000 - 0x00007ffb93a0a000 	C:\Windows\WinSxS\amd64_microsoft.windows.common-controls_6595b64144ccf1df_6.0.19041.844_none_ca00b6081b84eb1d\COMCTL32.dll
0x00007ffba69d0000 - 0x00007ffba69f2000 	C:\Windows\System32\win32u.dll
0x00007ffba7df0000 - 0x00007ffba7e8e000 	C:\Windows\System32\msvcrt.dll
0x00007ffba80d0000 - 0x00007ffba80fa000 	C:\Windows\System32\GDI32.dll
0x00007ffba64f0000 - 0x00007ffba65fb000 	C:\Windows\System32\gdi32full.dll
0x00007ffba6b10000 - 0x00007ffba6bad000 	C:\Windows\System32\msvcp_win.dll
0x00007ffba8ae0000 - 0x00007ffba8b10000 	C:\Windows\System32\IMM32.DLL
0x00007ffb7f400000 - 0x00007ffb7f49d000 	A:\Android\jre\bin\msvcp140.dll
0x00007ffb3b6e0000 - 0x00007ffb3c19c000 	A:\Android\jre\bin\server\jvm.dll
0x00007ffba87e0000 - 0x00007ffba888c000 	C:\Windows\System32\ADVAPI32.dll
0x00007ffba7e90000 - 0x00007ffba7f2b000 	C:\Windows\System32\sechost.dll
0x00007ffba7fa0000 - 0x00007ffba80cb000 	C:\Windows\System32\RPCRT4.dll
0x00007ffba8100000 - 0x00007ffba8108000 	C:\Windows\System32\PSAPI.DLL
0x00007ffb977b0000 - 0x00007ffb977d7000 	C:\Windows\SYSTEM32\WINMM.dll
0x00007ffba1f10000 - 0x00007ffba1f19000 	C:\Windows\SYSTEM32\WSOCK32.dll
0x00007ffba0230000 - 0x00007ffba023a000 	C:\Windows\SYSTEM32\VERSION.dll
0x00007ffba7f30000 - 0x00007ffba7f9b000 	C:\Windows\System32\WS2_32.dll
0x00007ffba4200000 - 0x00007ffba4212000 	C:\Windows\SYSTEM32\kernel.appcore.dll
0x00007ffb92c80000 - 0x00007ffb92c91000 	A:\Android\jre\bin\verify.dll
0x00007ffb8b2e0000 - 0x00007ffb8b4c4000 	C:\Windows\SYSTEM32\DBGHELP.DLL
0x00007ffb8d950000 - 0x00007ffb8d97c000 	C:\Windows\SYSTEM32\dbgcore.DLL
0x00007ffba6950000 - 0x00007ffba69d0000 	C:\Windows\System32\bcryptPrimitives.dll
0x00007ffb91150000 - 0x00007ffb91179000 	A:\Android\jre\bin\java.dll
0x00007ffba19d0000 - 0x00007ffba19db000 	A:\Android\jre\bin\jimage.dll
0x00007ffb91000000 - 0x00007ffb91018000 	A:\Android\jre\bin\zip.dll

dbghelp: loaded successfully - version: 4.0.5 - missing functions: none
symbol engine: initialized successfully - sym options: 0x614 - pdb path: .;A:\Android\jre\bin;C:\Windows\SYSTEM32;C:\Windows\WinSxS\amd64_microsoft.windows.common-controls_6595b64144ccf1df_6.0.19041.844_none_ca00b6081b84eb1d;A:\Android\jre\bin\server

VM Arguments:
java_command: org.jetbrains.git4idea.http.GitAskPassApp Username for 'https://github.com': 
java_class_path (initial): A:/Android/plugins/git4idea/lib/git4idea-rt.jar;A:/Android/lib/xmlrpc-2.0.1.jar;A:/Android/lib/commons-codec-1.14.jar
Launcher Type: SUN_STANDARD

[Global flags]
     intx CICompilerCount                          = 4                                         {product} {ergonomic}
     uint ConcGCThreads                            = 3                                         {product} {ergonomic}
     uint G1ConcRefinementThreads                  = 10                                        {product} {ergonomic}
   size_t G1HeapRegionSize                         = 1048576                                   {product} {ergonomic}
    uintx GCDrainStackTargetSize                   = 64                                        {product} {ergonomic}
   size_t InitialHeapSize                          = 268435456                                 {product} {ergonomic}
   size_t MarkStackSize                            = 4194304                                   {product} {ergonomic}
   size_t MaxHeapSize                              = 4282384384                                {product} {ergonomic}
   size_t MinHeapDeltaBytes                        = 1048576                                   {product} {ergonomic}
    uintx NonNMethodCodeHeapSize                   = 5836300                                {pd product} {ergonomic}
    uintx NonProfiledCodeHeapSize                  = 122910970                              {pd product} {ergonomic}
    uintx ProfiledCodeHeapSize                     = 122910970                              {pd product} {ergonomic}
    uintx ReservedCodeCacheSize                    = 251658240                              {pd product} {ergonomic}
     bool SegmentedCodeCache                       = true                                      {product} {ergonomic}
     bool UseCompressedClassPointers               = true                                 {lp64_product} {ergonomic}
     bool UseCompressedOops                        = true                                 {lp64_product} {ergonomic}
     bool UseG1GC                                  = true                                      {product} {ergonomic}
     bool UseLargePagesIndividualAllocation        = false                                  {pd product} {ergonomic}

Logging:
Log output configuration:
 #0: stdout all=warning uptime,level,tags
 #1: stderr all=off uptime,level,tags

Environment Variables:
JAVA_HOME=C:\Program Files\Java\jdk-14.0.2
PATH=C:\Program Files\Git\mingw64\libexec\git-core;C:\Program Files\Git\mingw64\libexec\git-core;C:\Program Files\Git\mingw64\bin;C:\Program Files\Git\usr\bin;C:\Users\erikm\bin;A:\VmWare\bin;C:\Program Files (x86)\Common Files\Intel\Shared Libraries\redist\intel64\compiler;C:\Windows\system32;C:\Windows;C:\Windows\System32\Wbem;C:\Windows\System32\WindowsPowerShell\v1.0;C:\Windows\System32\OpenSSH;C:\Program Files\dotnet;C:\Program Files\Java\jdk-14.0.2\bin;C:\Program Files\NVIDIA Corporation\NVIDIA NvDLISR;C:\Program Files (x86)\NVIDIA Corporation\PhysX\Common;C:\Users\erikm\AppData\Local\Programs\Python\Python38-32;C:\ProgramData\chocolatey\bin;A:\Octave\Octave-5.2.0\mingw64\bin;C:\Program Files\Git\cmd;C:\Users\erikm\AppData\Local\Programs\Python\Python38-32\Scripts;C:\Users\erikm\AppData\Local\Programs\Python\Python38-32;C:\Users\erikm\AppData\Local\Microsoft\WindowsApps;C:\Users\erikm\.dotnet\tools;A:\JetBrains\Rider\JetBrains Rider 2021.1\bin;C:\Users\erikm\AppData\Local\Programs\Microsoft VS Code\bin
USERNAME=Erik
DISPLAY=:0.0
LC_ALL=en_US.UTF-8
OS=Windows_NT
PROCESSOR_IDENTIFIER=AMD64 Family 23 Model 8 Stepping 2, AuthenticAMD



---------------  S Y S T E M  ---------------

OS: Windows 10 , 64 bit Build 19041 (10.0.19041.928)
OS uptime: 0 days 3:18 hours

CPU:total 12 (initial active 12) (12 cores per cpu, 2 threads per core) family 23 model 8 stepping 2, cmov, cx8, fxsr, mmx, sse, sse2, sse3, ssse3, sse4.1, sse4.2, popcnt, avx, avx2, aes, clmul, mmxext, 3dnowpref, lzcnt, sse4a, ht, tsc, tscinvbit, tscinv, bmi1, bmi2, adx, sha, fma

Memory: 4k page, system-wide physical 16335M (4463M free)
TotalPageFile size 17359M (AvailPageFile size 244M)
current process WorkingSet (physical memory assigned to process): 10M, peak: 10M
current process commit charge ("private bytes"): 64M, peak: 320M

vm_info: OpenJDK 64-Bit Server VM (11.0.8+10-b944.6842174) for windows-amd64 JRE (11.0.8+10-b944.6842174), built on Sep 19 2020 01:11:42 by "builder" with MS VC++ 14.0 (VS2015)

END.
